worker-5
/home/wiss/zhang/anaconda3/envs/clip4clip/bin/python3
Mon Oct  9 17:00:01 2023       
+-----------------------------------------------------------------------------+
| NVIDIA-SMI 515.65.01    Driver Version: 515.65.01    CUDA Version: 11.7     |
|-------------------------------+----------------------+----------------------+
| GPU  Name        Persistence-M| Bus-Id        Disp.A | Volatile Uncorr. ECC |
| Fan  Temp  Perf  Pwr:Usage/Cap|         Memory-Usage | GPU-Util  Compute M. |
|                               |                      |               MIG M. |
|===============================+======================+======================|
|   0  NVIDIA RTX A6000    Off  | 00000000:C1:00.0 Off |                  Off |
| 30%   42C    P8    26W / 300W |      0MiB / 49140MiB |      0%      Default |
|                               |                      |                  N/A |
+-------------------------------+----------------------+----------------------+
|   1  NVIDIA RTX A6000    Off  | 00000000:E1:00.0 Off |                  Off |
| 30%   40C    P8    22W / 300W |      0MiB / 49140MiB |      0%      Default |
|                               |                      |                  N/A |
+-------------------------------+----------------------+----------------------+
                                                                               
+-----------------------------------------------------------------------------+
| Processes:                                                                  |
|  GPU   GI   CI        PID   Type   Process name                  GPU Memory |
|        ID   ID                                                   Usage      |
|=============================================================================|
|  No running processes found                                                 |
+-----------------------------------------------------------------------------+
/home/wiss/zhang/anaconda3/envs/clip4clip/bin/python
0/31/32/30/31/32/30/31/32/3Video ids: ['v_F3tKnLz9YyE']
Video ids: ['v_hpU50i4WBK8']
Video ids: ['v_jwlYaPt2DIs']
Video ids: ['v_WW0Sm6oDc9M']
Video ids: ['v_7HKWppcWgeY']
Video ids: ['v_YLT7YEwUCwI']
*****************************************
Setting OMP_NUM_THREADS environment variable for each process to be 1 in default, to avoid your system being overloaded, please further tune the variable for optimal performance in your application as needed. 
*****************************************
