worker-5
/home/wiss/zhang/anaconda3/envs/clip4clip/bin/python3
Mon Oct  9 17:03:37 2023       
+-----------------------------------------------------------------------------+
| NVIDIA-SMI 515.65.01    Driver Version: 515.65.01    CUDA Version: 11.7     |
|-------------------------------+----------------------+----------------------+
| GPU  Name        Persistence-M| Bus-Id        Disp.A | Volatile Uncorr. ECC |
| Fan  Temp  Perf  Pwr:Usage/Cap|         Memory-Usage | GPU-Util  Compute M. |
|                               |                      |               MIG M. |
|===============================+======================+======================|
|   0  NVIDIA RTX A6000    Off  | 00000000:01:00.0 Off |                  Off |
| 30%   38C    P5    82W / 300W |      0MiB / 49140MiB |      0%      Default |
|                               |                      |                  N/A |
+-------------------------------+----------------------+----------------------+
|   1  NVIDIA RTX A6000    Off  | 00000000:25:00.0 Off |                  Off |
| 30%   37C    P8    27W / 300W |      0MiB / 49140MiB |      0%      Default |
|                               |                      |                  N/A |
+-------------------------------+----------------------+----------------------+
                                                                               
+-----------------------------------------------------------------------------+
| Processes:                                                                  |
|  GPU   GI   CI        PID   Type   Process name                  GPU Memory |
|        ID   ID                                                   Usage      |
|=============================================================================|
|  No running processes found                                                 |
+-----------------------------------------------------------------------------+
/home/wiss/zhang/anaconda3/envs/clip4clip/bin/python
0/31/32/30/31/32/3Video ids: ['v_06dIgOEgYp0']
Video ids: ['v_2Vf8yqNHaGM']
Video ids: ['v_YPNLMBhuDS8']
*****************************************
Setting OMP_NUM_THREADS environment variable for each process to be 1 in default, to avoid your system being overloaded, please further tune the variable for optimal performance in your application as needed. 
*****************************************
