10/09/2023 11:41:49 - INFO -   Effective parameters:
10/09/2023 11:41:49 - INFO -     <<< batch_size: 64
10/09/2023 11:41:49 - INFO -     <<< batch_size_val: 64
10/09/2023 11:41:49 - INFO -     <<< cache_dir: 
10/09/2023 11:41:49 - INFO -     <<< coef_lr: 0.001
10/09/2023 11:41:49 - INFO -     <<< cross_model: cross-base
10/09/2023 11:41:49 - INFO -     <<< cross_num_hidden_layers: 4
10/09/2023 11:41:49 - INFO -     <<< data_path: /home/wiss/zhang/Jinhe/video-attr-prober/Data/AnetQA/
10/09/2023 11:41:49 - INFO -     <<< dataset_ckpt: anet_train3_seed3
10/09/2023 11:41:49 - INFO -     <<< datatype: moviegraph
10/09/2023 11:41:49 - INFO -     <<< do_eval: False
10/09/2023 11:41:49 - INFO -     <<< do_lower_case: False
10/09/2023 11:41:49 - INFO -     <<< do_pretrain: False
10/09/2023 11:41:49 - INFO -     <<< do_train: True
10/09/2023 11:41:49 - INFO -     <<< epochs: 10
10/09/2023 11:41:49 - INFO -     <<< eval_frame_order: 0
10/09/2023 11:41:49 - INFO -     <<< expand_msrvtt_sentences: False
10/09/2023 11:41:49 - INFO -     <<< feature_framerate: 1
10/09/2023 11:41:49 - INFO -     <<< features_path: /home/wiss/zhang/nfs/Anet-compressed
10/09/2023 11:41:49 - INFO -     <<< fp16: False
10/09/2023 11:41:49 - INFO -     <<< fp16_opt_level: O1
10/09/2023 11:41:49 - INFO -     <<< freeze_layer_num: 0
10/09/2023 11:41:49 - INFO -     <<< gradient_accumulation_steps: 1
10/09/2023 11:41:49 - INFO -     <<< hard_negative_rate: 0.5
10/09/2023 11:41:49 - INFO -     <<< init_model: None
10/09/2023 11:41:49 - INFO -     <<< linear_patch: 2d
10/09/2023 11:41:49 - INFO -     <<< local_rank: 0
10/09/2023 11:41:49 - INFO -     <<< loose_type: True
10/09/2023 11:41:49 - INFO -     <<< lr: 0.0001
10/09/2023 11:41:49 - INFO -     <<< lr_decay: 0.9
10/09/2023 11:41:49 - INFO -     <<< manipulation: anet_train3_seed3
10/09/2023 11:41:49 - INFO -     <<< margin: 0.1
10/09/2023 11:41:49 - INFO -     <<< max_frames: 12
10/09/2023 11:41:49 - INFO -     <<< max_words: 60
10/09/2023 11:41:49 - INFO -     <<< n_display: 1
10/09/2023 11:41:49 - INFO -     <<< n_gpu: 1
10/09/2023 11:41:49 - INFO -     <<< n_pair: 1
10/09/2023 11:41:49 - INFO -     <<< negative_weighting: 1
10/09/2023 11:41:49 - INFO -     <<< num_thread_reader: 16
10/09/2023 11:41:49 - INFO -     <<< output_dir: /home/wiss/zhang/nfs/video_prober/xclip/anet_train3_seed3
10/09/2023 11:41:49 - INFO -     <<< pretrained_clip_name: ViT-B/32
10/09/2023 11:41:49 - INFO -     <<< rank: 0
10/09/2023 11:41:49 - INFO -     <<< resume_model: None
10/09/2023 11:41:49 - INFO -     <<< sampled_use_mil: False
10/09/2023 11:41:49 - INFO -     <<< scale: 0
10/09/2023 11:41:49 - INFO -     <<< seed: 3
10/09/2023 11:41:49 - INFO -     <<< sim_header: seqTransf
10/09/2023 11:41:49 - INFO -     <<< slice_framepos: 2
10/09/2023 11:41:49 - INFO -     <<< task_type: retrieval
10/09/2023 11:41:49 - INFO -     <<< test_file: temporal_contact_swap.csv
10/09/2023 11:41:49 - INFO -     <<< text_num_hidden_layers: 12
10/09/2023 11:41:49 - INFO -     <<< train_csv: data/.train.csv
10/09/2023 11:41:49 - INFO -     <<< train_file: train_3.csv
10/09/2023 11:41:49 - INFO -     <<< train_frame_order: 0
10/09/2023 11:41:49 - INFO -     <<< use_mil: False
10/09/2023 11:41:49 - INFO -     <<< val_csv: data/.val.csv
10/09/2023 11:41:49 - INFO -     <<< val_file: temporal_contact_swap.csv
10/09/2023 11:41:49 - INFO -     <<< video_dim: 1024
10/09/2023 11:41:49 - INFO -     <<< visual_num_hidden_layers: 12
10/09/2023 11:41:49 - INFO -     <<< warmup_proportion: 0.1
10/09/2023 11:41:49 - INFO -     <<< world_size: 2
10/09/2023 11:41:49 - INFO -   device: cuda:0 n_gpu: 2
10/09/2023 11:41:49 - INFO -   device: cuda:1 n_gpu: 2
10/09/2023 11:41:54 - INFO -   loading archive file /home/wiss/zhang/Jinhe/X-CLIP/modules/cross-base
10/09/2023 11:41:54 - INFO -   Model config {
  "attention_probs_dropout_prob": 0.1,
  "hidden_act": "gelu",
  "hidden_dropout_prob": 0.1,
  "hidden_size": 512,
  "initializer_range": 0.02,
  "intermediate_size": 2048,
  "max_position_embeddings": 128,
  "num_attention_heads": 8,
  "num_hidden_layers": 4,
  "type_vocab_size": 2,
  "vocab_size": 512
}

10/09/2023 11:41:54 - INFO -   Weight doesn't exsits. /home/wiss/zhang/Jinhe/X-CLIP/modules/cross-base/cross_pytorch_model.bin
10/09/2023 11:41:54 - WARNING -   Stage-One:True, Stage-Two:False
10/09/2023 11:41:54 - WARNING -   Test retrieval by loose type.
10/09/2023 11:41:54 - WARNING -   	 embed_dim: 512
10/09/2023 11:41:54 - WARNING -   	 image_resolution: 224
10/09/2023 11:41:54 - WARNING -   	 vision_layers: 12
10/09/2023 11:41:54 - WARNING -   	 vision_width: 768
10/09/2023 11:41:54 - WARNING -   	 vision_patch_size: 32
10/09/2023 11:41:54 - WARNING -   	 context_length: 77
10/09/2023 11:41:54 - WARNING -   	 vocab_size: 49408
10/09/2023 11:41:54 - WARNING -   	 transformer_width: 512
10/09/2023 11:41:54 - WARNING -   	 transformer_heads: 8
10/09/2023 11:41:54 - WARNING -   	 transformer_layers: 12
10/09/2023 11:41:54 - WARNING -   		 linear_patch: 2d
10/09/2023 11:41:54 - WARNING -   	 cut_top_layer: 0
10/09/2023 11:41:57 - WARNING -   	 sim_header: seqTransf
10/09/2023 11:42:10 - INFO -   --------------------
10/09/2023 11:42:10 - INFO -   Weights of XCLIP not initialized from pretrained model: 
   global_mat_weight
   word_logit_weight
   frame_logit_weight
   local_mat_weight
   frame_mat_weight
   word_mat_weight
   frame_mat_weight2
   word_mat_weight2
10/09/2023 11:42:10 - INFO -   Weights from pretrained model not used in XCLIP: 
   clip.input_resolution
   clip.context_length
   clip.vocab_size
10/09/2023 11:42:26 - INFO -   ***** Running test *****
10/09/2023 11:42:26 - INFO -     Num examples = 184
10/09/2023 11:42:26 - INFO -     Batch size = 64
10/09/2023 11:42:26 - INFO -     Num steps = 3
10/09/2023 11:42:26 - INFO -   ***** Running val *****
10/09/2023 11:42:26 - INFO -     Num examples = 184
10/09/2023 11:42:31 - INFO -   ***** Running training *****
10/09/2023 11:42:31 - INFO -     Num examples = 9155
10/09/2023 11:42:31 - INFO -     Batch size = 64
10/09/2023 11:42:31 - INFO -     Num steps = 1430
10/09/2023 13:07:42 - INFO -   Epoch: 1/10, Step: 1/143, Lr: 0.000000001-0.000000699, Loss: 2.303141, Time/step: 5111.015768
10/09/2023 13:15:49 - INFO -   Epoch: 1/10, Step: 2/143, Lr: 0.000000001-0.000001399, Loss: 2.713725, Time/step: 486.607273
10/09/2023 13:16:00 - INFO -   Epoch: 1/10, Step: 3/143, Lr: 0.000000002-0.000002098, Loss: 2.929766, Time/step: 10.928754
10/09/2023 13:16:12 - INFO -   Epoch: 1/10, Step: 4/143, Lr: 0.000000003-0.000002797, Loss: 2.832922, Time/step: 11.358306
10/09/2023 13:40:15 - INFO -   Epoch: 1/10, Step: 5/143, Lr: 0.000000003-0.000003497, Loss: 3.170172, Time/step: 1443.368047
10/09/2023 13:40:26 - INFO -   Epoch: 1/10, Step: 6/143, Lr: 0.000000004-0.000004196, Loss: 2.899449, Time/step: 10.998076
10/09/2023 13:40:37 - INFO -   Epoch: 1/10, Step: 7/143, Lr: 0.000000005-0.000004895, Loss: 2.346192, Time/step: 10.835604
10/09/2023 13:40:48 - INFO -   Epoch: 1/10, Step: 8/143, Lr: 0.000000006-0.000005594, Loss: 2.581374, Time/step: 10.983160
10/09/2023 13:40:59 - INFO -   Epoch: 1/10, Step: 9/143, Lr: 0.000000006-0.000006294, Loss: 3.081231, Time/step: 11.629331
10/09/2023 13:41:10 - INFO -   Epoch: 1/10, Step: 10/143, Lr: 0.000000007-0.000006993, Loss: 2.953731, Time/step: 10.556108
10/09/2023 13:41:21 - INFO -   Epoch: 1/10, Step: 11/143, Lr: 0.000000008-0.000007692, Loss: 2.674489, Time/step: 10.615993
10/09/2023 13:41:31 - INFO -   Epoch: 1/10, Step: 12/143, Lr: 0.000000008-0.000008392, Loss: 2.681540, Time/step: 10.760461
10/09/2023 13:41:43 - INFO -   Epoch: 1/10, Step: 13/143, Lr: 0.000000009-0.000009091, Loss: 2.937834, Time/step: 11.865151
10/09/2023 13:41:54 - INFO -   Epoch: 1/10, Step: 14/143, Lr: 0.000000010-0.000009790, Loss: 2.719327, Time/step: 10.784985
10/09/2023 13:42:05 - INFO -   Epoch: 1/10, Step: 15/143, Lr: 0.000000010-0.000010490, Loss: 2.566385, Time/step: 11.475223
10/09/2023 13:42:16 - INFO -   Epoch: 1/10, Step: 16/143, Lr: 0.000000011-0.000011189, Loss: 2.457967, Time/step: 10.985304
10/09/2023 14:59:41 - INFO -   Epoch: 1/10, Step: 17/143, Lr: 0.000000012-0.000011888, Loss: 2.827362, Time/step: 4644.315559
10/09/2023 15:01:27 - INFO -   Epoch: 1/10, Step: 18/143, Lr: 0.000000013-0.000012587, Loss: 2.448281, Time/step: 106.075472
10/09/2023 15:01:38 - INFO -   Epoch: 1/10, Step: 19/143, Lr: 0.000000013-0.000013287, Loss: 2.549818, Time/step: 10.433877
10/09/2023 15:01:48 - INFO -   Epoch: 1/10, Step: 20/143, Lr: 0.000000014-0.000013986, Loss: 2.411580, Time/step: 10.605606
10/09/2023 15:08:32 - INFO -   Epoch: 1/10, Step: 21/143, Lr: 0.000000015-0.000014685, Loss: 2.577961, Time/step: 403.398328
10/09/2023 15:08:43 - INFO -   Epoch: 1/10, Step: 22/143, Lr: 0.000000015-0.000015385, Loss: 2.446868, Time/step: 11.282923
10/09/2023 15:08:54 - INFO -   Epoch: 1/10, Step: 23/143, Lr: 0.000000016-0.000016084, Loss: 2.401978, Time/step: 10.517680
10/09/2023 15:09:05 - INFO -   Epoch: 1/10, Step: 24/143, Lr: 0.000000017-0.000016783, Loss: 2.595635, Time/step: 11.193787
10/09/2023 15:09:16 - INFO -   Epoch: 1/10, Step: 25/143, Lr: 0.000000017-0.000017483, Loss: 2.307478, Time/step: 10.827972
10/09/2023 15:09:26 - INFO -   Epoch: 1/10, Step: 26/143, Lr: 0.000000018-0.000018182, Loss: 2.650681, Time/step: 10.349810
10/09/2023 15:09:37 - INFO -   Epoch: 1/10, Step: 27/143, Lr: 0.000000019-0.000018881, Loss: 2.246223, Time/step: 11.022548
10/09/2023 15:13:37 - INFO -   Epoch: 1/10, Step: 28/143, Lr: 0.000000020-0.000019580, Loss: 2.639729, Time/step: 240.434330
10/09/2023 15:13:48 - INFO -   Epoch: 1/10, Step: 29/143, Lr: 0.000000020-0.000020280, Loss: 2.461517, Time/step: 10.166039
10/09/2023 15:13:59 - INFO -   Epoch: 1/10, Step: 30/143, Lr: 0.000000021-0.000020979, Loss: 2.231019, Time/step: 11.208176
10/09/2023 15:14:10 - INFO -   Epoch: 1/10, Step: 31/143, Lr: 0.000000022-0.000021678, Loss: 2.485392, Time/step: 11.086384
10/09/2023 15:14:21 - INFO -   Epoch: 1/10, Step: 32/143, Lr: 0.000000022-0.000022378, Loss: 2.460393, Time/step: 10.982897
10/09/2023 16:55:04 - INFO -   Epoch: 1/10, Step: 33/143, Lr: 0.000000023-0.000023077, Loss: 2.458953, Time/step: 6042.568008
10/09/2023 16:55:14 - INFO -   Epoch: 1/10, Step: 34/143, Lr: 0.000000024-0.000023776, Loss: 2.035306, Time/step: 9.933849
10/09/2023 16:55:24 - INFO -   Epoch: 1/10, Step: 35/143, Lr: 0.000000024-0.000024476, Loss: 2.169201, Time/step: 10.678073
10/09/2023 16:55:35 - INFO -   Epoch: 1/10, Step: 36/143, Lr: 0.000000025-0.000025175, Loss: 2.409524, Time/step: 10.535914
10/09/2023 16:55:46 - INFO -   Epoch: 1/10, Step: 37/143, Lr: 0.000000026-0.000025874, Loss: 2.128722, Time/step: 11.211262
10/09/2023 16:55:57 - INFO -   Epoch: 1/10, Step: 38/143, Lr: 0.000000027-0.000026573, Loss: 2.426324, Time/step: 10.460377
10/09/2023 16:56:07 - INFO -   Epoch: 1/10, Step: 39/143, Lr: 0.000000027-0.000027273, Loss: 2.033570, Time/step: 10.083658
10/09/2023 16:56:17 - INFO -   Epoch: 1/10, Step: 40/143, Lr: 0.000000028-0.000027972, Loss: 2.602988, Time/step: 10.684721
10/09/2023 16:56:29 - INFO -   Epoch: 1/10, Step: 41/143, Lr: 0.000000029-0.000028671, Loss: 2.307159, Time/step: 11.196774
10/09/2023 16:56:39 - INFO -   Epoch: 1/10, Step: 42/143, Lr: 0.000000029-0.000029371, Loss: 1.994668, Time/step: 10.696041
10/09/2023 16:56:51 - INFO -   Epoch: 1/10, Step: 43/143, Lr: 0.000000030-0.000030070, Loss: 1.883517, Time/step: 11.591204
10/09/2023 16:57:01 - INFO -   Epoch: 1/10, Step: 44/143, Lr: 0.000000031-0.000030769, Loss: 2.251892, Time/step: 9.899621
10/09/2023 16:57:11 - INFO -   Epoch: 1/10, Step: 45/143, Lr: 0.000000031-0.000031469, Loss: 1.751965, Time/step: 10.256376
10/09/2023 16:57:22 - INFO -   Epoch: 1/10, Step: 46/143, Lr: 0.000000032-0.000032168, Loss: 2.138936, Time/step: 10.861258
10/09/2023 16:57:33 - INFO -   Epoch: 1/10, Step: 47/143, Lr: 0.000000033-0.000032867, Loss: 1.873597, Time/step: 11.115850
10/09/2023 16:57:44 - INFO -   Epoch: 1/10, Step: 48/143, Lr: 0.000000034-0.000033566, Loss: 2.122030, Time/step: 10.951152
10/09/2023 18:35:24 - INFO -   Epoch: 1/10, Step: 49/143, Lr: 0.000000034-0.000034266, Loss: 1.992796, Time/step: 5859.523368
10/09/2023 18:35:33 - INFO -   Epoch: 1/10, Step: 50/143, Lr: 0.000000035-0.000034965, Loss: 2.157747, Time/step: 9.151686
10/09/2023 18:35:42 - INFO -   Epoch: 1/10, Step: 51/143, Lr: 0.000000036-0.000035664, Loss: 2.194534, Time/step: 9.567299
10/09/2023 18:35:52 - INFO -   Epoch: 1/10, Step: 52/143, Lr: 0.000000036-0.000036364, Loss: 2.003491, Time/step: 9.221589
10/09/2023 18:36:01 - INFO -   Epoch: 1/10, Step: 53/143, Lr: 0.000000037-0.000037063, Loss: 2.188293, Time/step: 9.616758
10/09/2023 18:36:10 - INFO -   Epoch: 1/10, Step: 54/143, Lr: 0.000000038-0.000037762, Loss: 2.037309, Time/step: 9.281060
10/09/2023 18:36:21 - INFO -   Epoch: 1/10, Step: 55/143, Lr: 0.000000038-0.000038462, Loss: 1.857393, Time/step: 10.655321
10/09/2023 18:36:31 - INFO -   Epoch: 1/10, Step: 56/143, Lr: 0.000000039-0.000039161, Loss: 2.039522, Time/step: 10.114388
10/09/2023 18:36:41 - INFO -   Epoch: 1/10, Step: 57/143, Lr: 0.000000040-0.000039860, Loss: 2.395968, Time/step: 9.956196
10/09/2023 18:36:51 - INFO -   Epoch: 1/10, Step: 58/143, Lr: 0.000000041-0.000040559, Loss: 2.276596, Time/step: 10.121912
10/09/2023 18:37:02 - INFO -   Epoch: 1/10, Step: 59/143, Lr: 0.000000041-0.000041259, Loss: 2.333355, Time/step: 10.610730
10/09/2023 18:37:12 - INFO -   Epoch: 1/10, Step: 60/143, Lr: 0.000000042-0.000041958, Loss: 1.591786, Time/step: 10.475578
10/09/2023 18:37:23 - INFO -   Epoch: 1/10, Step: 61/143, Lr: 0.000000043-0.000042657, Loss: 2.159241, Time/step: 10.230740
10/09/2023 18:37:33 - INFO -   Epoch: 1/10, Step: 62/143, Lr: 0.000000043-0.000043357, Loss: 1.847516, Time/step: 10.852703
10/09/2023 18:37:44 - INFO -   Epoch: 1/10, Step: 63/143, Lr: 0.000000044-0.000044056, Loss: 1.947489, Time/step: 10.819615
10/09/2023 18:37:55 - INFO -   Epoch: 1/10, Step: 64/143, Lr: 0.000000045-0.000044755, Loss: 2.335319, Time/step: 11.140010
10/09/2023 20:05:01 - INFO -   Epoch: 1/10, Step: 65/143, Lr: 0.000000045-0.000045455, Loss: 2.151577, Time/step: 5225.679946
10/09/2023 20:05:11 - INFO -   Epoch: 1/10, Step: 66/143, Lr: 0.000000046-0.000046154, Loss: 1.678568, Time/step: 10.005951
10/09/2023 20:05:21 - INFO -   Epoch: 1/10, Step: 67/143, Lr: 0.000000047-0.000046853, Loss: 1.893257, Time/step: 9.814878
10/09/2023 20:05:31 - INFO -   Epoch: 1/10, Step: 68/143, Lr: 0.000000048-0.000047552, Loss: 1.969152, Time/step: 10.361325
10/09/2023 20:05:42 - INFO -   Epoch: 1/10, Step: 69/143, Lr: 0.000000048-0.000048252, Loss: 1.700326, Time/step: 10.422239
10/09/2023 20:05:52 - INFO -   Epoch: 1/10, Step: 70/143, Lr: 0.000000049-0.000048951, Loss: 2.145288, Time/step: 10.463954
10/09/2023 20:06:03 - INFO -   Epoch: 1/10, Step: 71/143, Lr: 0.000000050-0.000049650, Loss: 1.712869, Time/step: 11.106409
10/09/2023 20:06:13 - INFO -   Epoch: 1/10, Step: 72/143, Lr: 0.000000050-0.000050350, Loss: 2.266447, Time/step: 9.957913
10/09/2023 20:06:24 - INFO -   Epoch: 1/10, Step: 73/143, Lr: 0.000000051-0.000051049, Loss: 1.762670, Time/step: 10.304745
10/09/2023 20:06:34 - INFO -   Epoch: 1/10, Step: 74/143, Lr: 0.000000052-0.000051748, Loss: 2.001857, Time/step: 10.353609
10/09/2023 20:06:45 - INFO -   Epoch: 1/10, Step: 75/143, Lr: 0.000000052-0.000052448, Loss: 1.629087, Time/step: 10.675182
10/09/2023 20:06:56 - INFO -   Epoch: 1/10, Step: 76/143, Lr: 0.000000053-0.000053147, Loss: 1.685145, Time/step: 10.901583
10/09/2023 20:07:06 - INFO -   Epoch: 1/10, Step: 77/143, Lr: 0.000000054-0.000053846, Loss: 1.563961, Time/step: 10.652138
10/09/2023 20:07:17 - INFO -   Epoch: 1/10, Step: 78/143, Lr: 0.000000055-0.000054545, Loss: 2.167811, Time/step: 10.750270
10/09/2023 20:07:28 - INFO -   Epoch: 1/10, Step: 79/143, Lr: 0.000000055-0.000055245, Loss: 1.895342, Time/step: 10.951973
10/09/2023 20:07:39 - INFO -   Epoch: 1/10, Step: 80/143, Lr: 0.000000056-0.000055944, Loss: 2.117030, Time/step: 11.498289
10/09/2023 21:42:25 - INFO -   Epoch: 1/10, Step: 81/143, Lr: 0.000000057-0.000056643, Loss: 1.768156, Time/step: 5685.982864
10/09/2023 21:42:35 - INFO -   Epoch: 1/10, Step: 82/143, Lr: 0.000000057-0.000057343, Loss: 2.233066, Time/step: 9.990587
10/09/2023 21:42:46 - INFO -   Epoch: 1/10, Step: 83/143, Lr: 0.000000058-0.000058042, Loss: 1.828272, Time/step: 10.337379
10/09/2023 21:42:56 - INFO -   Epoch: 1/10, Step: 84/143, Lr: 0.000000059-0.000058741, Loss: 1.633027, Time/step: 10.451192
10/09/2023 21:43:06 - INFO -   Epoch: 1/10, Step: 85/143, Lr: 0.000000059-0.000059441, Loss: 2.336845, Time/step: 10.200942
10/09/2023 21:43:17 - INFO -   Epoch: 1/10, Step: 86/143, Lr: 0.000000060-0.000060140, Loss: 1.763077, Time/step: 10.639749
10/09/2023 21:43:27 - INFO -   Epoch: 1/10, Step: 87/143, Lr: 0.000000061-0.000060839, Loss: 1.798653, Time/step: 10.347291
10/09/2023 21:43:39 - INFO -   Epoch: 1/10, Step: 88/143, Lr: 0.000000062-0.000061538, Loss: 2.002017, Time/step: 11.410103
10/09/2023 21:43:49 - INFO -   Epoch: 1/10, Step: 89/143, Lr: 0.000000062-0.000062238, Loss: 2.086168, Time/step: 10.314924
10/09/2023 21:44:00 - INFO -   Epoch: 1/10, Step: 90/143, Lr: 0.000000063-0.000062937, Loss: 1.657191, Time/step: 11.183065
10/09/2023 21:44:11 - INFO -   Epoch: 1/10, Step: 91/143, Lr: 0.000000064-0.000063636, Loss: 2.103550, Time/step: 10.946216
10/09/2023 21:44:22 - INFO -   Epoch: 1/10, Step: 92/143, Lr: 0.000000064-0.000064336, Loss: 1.600927, Time/step: 10.490870
10/09/2023 21:44:33 - INFO -   Epoch: 1/10, Step: 93/143, Lr: 0.000000065-0.000065035, Loss: 1.861759, Time/step: 10.961461
10/09/2023 21:44:44 - INFO -   Epoch: 1/10, Step: 94/143, Lr: 0.000000066-0.000065734, Loss: 2.369824, Time/step: 11.010777
10/09/2023 21:44:56 - INFO -   Epoch: 1/10, Step: 95/143, Lr: 0.000000066-0.000066434, Loss: 1.710388, Time/step: 12.001937
10/09/2023 21:45:08 - INFO -   Epoch: 1/10, Step: 96/143, Lr: 0.000000067-0.000067133, Loss: 2.083548, Time/step: 12.191471
10/09/2023 22:51:03 - INFO -   Epoch: 1/10, Step: 97/143, Lr: 0.000000068-0.000067832, Loss: 1.982328, Time/step: 3954.886124
10/09/2023 22:51:14 - INFO -   Epoch: 1/10, Step: 98/143, Lr: 0.000000069-0.000068531, Loss: 2.053824, Time/step: 11.049817
10/09/2023 22:51:25 - INFO -   Epoch: 1/10, Step: 99/143, Lr: 0.000000069-0.000069231, Loss: 1.725378, Time/step: 11.104176
10/09/2023 22:51:36 - INFO -   Epoch: 1/10, Step: 100/143, Lr: 0.000000070-0.000069930, Loss: 1.445730, Time/step: 11.279890
10/09/2023 22:51:48 - INFO -   Epoch: 1/10, Step: 101/143, Lr: 0.000000071-0.000070629, Loss: 1.821466, Time/step: 11.919729
10/09/2023 23:02:38 - INFO -   Epoch: 1/10, Step: 102/143, Lr: 0.000000071-0.000071329, Loss: 1.708828, Time/step: 649.785310
10/09/2023 23:02:49 - INFO -   Epoch: 1/10, Step: 103/143, Lr: 0.000000072-0.000072028, Loss: 1.452820, Time/step: 11.095143
10/09/2023 23:03:00 - INFO -   Epoch: 1/10, Step: 104/143, Lr: 0.000000073-0.000072727, Loss: 1.800886, Time/step: 10.851564
10/09/2023 23:03:11 - INFO -   Epoch: 1/10, Step: 105/143, Lr: 0.000000073-0.000073427, Loss: 2.239128, Time/step: 10.877519
10/09/2023 23:04:43 - INFO -   Epoch: 1/10, Step: 106/143, Lr: 0.000000074-0.000074126, Loss: 2.082981, Time/step: 91.656342
10/09/2023 23:04:54 - INFO -   Epoch: 1/10, Step: 107/143, Lr: 0.000000075-0.000074825, Loss: 2.393855, Time/step: 11.156365
10/09/2023 23:29:12 - INFO -   Epoch: 1/10, Step: 108/143, Lr: 0.000000076-0.000075524, Loss: 1.860657, Time/step: 1458.475081
10/09/2023 23:29:23 - INFO -   Epoch: 1/10, Step: 109/143, Lr: 0.000000076-0.000076224, Loss: 2.045848, Time/step: 10.391307
10/09/2023 23:29:34 - INFO -   Epoch: 1/10, Step: 110/143, Lr: 0.000000077-0.000076923, Loss: 1.829866, Time/step: 10.995060
10/09/2023 23:29:45 - INFO -   Epoch: 1/10, Step: 111/143, Lr: 0.000000078-0.000077622, Loss: 1.695956, Time/step: 11.037781
10/09/2023 23:29:56 - INFO -   Epoch: 1/10, Step: 112/143, Lr: 0.000000078-0.000078322, Loss: 1.920208, Time/step: 11.032907
10/09/2023 23:58:34 - INFO -   Epoch: 1/10, Step: 113/143, Lr: 0.000000079-0.000079021, Loss: 1.941003, Time/step: 1717.431083
10/10/2023 00:14:59 - INFO -   Epoch: 1/10, Step: 114/143, Lr: 0.000000080-0.000079720, Loss: 1.981952, Time/step: 985.066660
10/10/2023 00:15:09 - INFO -   Epoch: 1/10, Step: 115/143, Lr: 0.000000080-0.000080420, Loss: 2.170678, Time/step: 9.817680
10/10/2023 00:15:19 - INFO -   Epoch: 1/10, Step: 116/143, Lr: 0.000000081-0.000081119, Loss: 2.034102, Time/step: 10.401357
10/10/2023 00:19:59 - INFO -   Epoch: 1/10, Step: 117/143, Lr: 0.000000082-0.000081818, Loss: 1.989834, Time/step: 280.287267
10/10/2023 00:20:10 - INFO -   Epoch: 1/10, Step: 118/143, Lr: 0.000000083-0.000082517, Loss: 1.582669, Time/step: 11.071794
10/10/2023 00:20:22 - INFO -   Epoch: 1/10, Step: 119/143, Lr: 0.000000083-0.000083217, Loss: 2.023888, Time/step: 10.984406
10/10/2023 00:20:33 - INFO -   Epoch: 1/10, Step: 120/143, Lr: 0.000000084-0.000083916, Loss: 1.829769, Time/step: 11.061769
10/10/2023 00:20:45 - INFO -   Epoch: 1/10, Step: 121/143, Lr: 0.000000085-0.000084615, Loss: 1.934226, Time/step: 11.946116
10/10/2023 00:34:57 - INFO -   Epoch: 1/10, Step: 122/143, Lr: 0.000000085-0.000085315, Loss: 1.628001, Time/step: 852.111197
10/10/2023 00:35:07 - INFO -   Epoch: 1/10, Step: 123/143, Lr: 0.000000086-0.000086014, Loss: 1.997180, Time/step: 9.908591
10/10/2023 00:49:40 - INFO -   Epoch: 1/10, Step: 124/143, Lr: 0.000000087-0.000086713, Loss: 1.752807, Time/step: 872.852508
10/10/2023 00:49:48 - INFO -   Epoch: 1/10, Step: 125/143, Lr: 0.000000087-0.000087413, Loss: 1.995515, Time/step: 7.908202
10/10/2023 00:49:55 - INFO -   Epoch: 1/10, Step: 126/143, Lr: 0.000000088-0.000088112, Loss: 2.247099, Time/step: 7.945347
10/10/2023 00:50:03 - INFO -   Epoch: 1/10, Step: 127/143, Lr: 0.000000089-0.000088811, Loss: 1.784835, Time/step: 7.988747
10/10/2023 00:50:11 - INFO -   Epoch: 1/10, Step: 128/143, Lr: 0.000000090-0.000089510, Loss: 2.082872, Time/step: 7.964616
10/10/2023 01:06:25 - INFO -   Epoch: 1/10, Step: 129/143, Lr: 0.000000090-0.000090210, Loss: 1.816467, Time/step: 973.091448
10/10/2023 01:07:39 - INFO -   Epoch: 1/10, Step: 130/143, Lr: 0.000000091-0.000090909, Loss: 2.086457, Time/step: 74.508592
10/10/2023 01:07:41 - INFO -   Epoch: 1/10, Step: 131/143, Lr: 0.000000092-0.000091608, Loss: 1.389289, Time/step: 2.385533
10/10/2023 01:07:44 - INFO -   Epoch: 1/10, Step: 132/143, Lr: 0.000000092-0.000092308, Loss: 1.452423, Time/step: 2.298949
10/10/2023 01:10:15 - INFO -   Epoch: 1/10, Step: 133/143, Lr: 0.000000093-0.000093007, Loss: 1.809484, Time/step: 151.204565
10/10/2023 01:10:17 - INFO -   Epoch: 1/10, Step: 134/143, Lr: 0.000000094-0.000093706, Loss: 1.697576, Time/step: 1.883653
10/10/2023 01:10:19 - INFO -   Epoch: 1/10, Step: 135/143, Lr: 0.000000094-0.000094406, Loss: 1.705960, Time/step: 1.947054
10/10/2023 01:10:21 - INFO -   Epoch: 1/10, Step: 136/143, Lr: 0.000000095-0.000095105, Loss: 1.562363, Time/step: 1.855251
10/10/2023 01:10:23 - INFO -   Epoch: 1/10, Step: 137/143, Lr: 0.000000096-0.000095804, Loss: 1.651414, Time/step: 2.063079
10/10/2023 01:11:18 - INFO -   Epoch: 1/10, Step: 138/143, Lr: 0.000000097-0.000096503, Loss: 1.867974, Time/step: 55.059804
10/10/2023 01:11:19 - INFO -   Epoch: 1/10, Step: 139/143, Lr: 0.000000097-0.000097203, Loss: 1.998976, Time/step: 0.935370
10/10/2023 01:11:20 - INFO -   Epoch: 1/10, Step: 140/143, Lr: 0.000000098-0.000097902, Loss: 1.830921, Time/step: 0.931331
10/10/2023 01:11:21 - INFO -   Epoch: 1/10, Step: 141/143, Lr: 0.000000099-0.000098601, Loss: 2.235994, Time/step: 0.914823
10/10/2023 01:11:22 - INFO -   Epoch: 1/10, Step: 142/143, Lr: 0.000000099-0.000099301, Loss: 2.015120, Time/step: 0.944299
10/10/2023 01:11:23 - INFO -   Epoch: 1/10, Step: 143/143, Lr: 0.000000098-0.000097553, Loss: 1.817646, Time/step: 1.228671
10/10/2023 01:11:24 - INFO -   Epoch 1/10 Finished, Train Loss: 2.102720
10/10/2023 01:11:46 - INFO -   Model saved to /home/wiss/zhang/nfs/video_prober/xclip/anet_train3_seed3/pytorch_model.bin.0
10/10/2023 01:11:46 - INFO -   Optimizer saved to /home/wiss/zhang/nfs/video_prober/xclip/anet_train3_seed3/pytorch_opt.bin.0
10/10/2023 01:11:46 - INFO -   Eval on val dataset
10/10/2023 02:53:31 - INFO -   sim matrix size: 184, 184
10/10/2023 02:53:32 - INFO -   	 Length-T: 184, Length-V:184
10/10/2023 02:53:32 - INFO -   Text-to-Video:
10/10/2023 02:53:32 - INFO -   	>>>  R@1: 52.7 - R@5: 80.4 - R@10: 88.0 - Median R: 1.0 - Mean R: 4.6
10/10/2023 02:53:32 - INFO -   Video-to-Text:
10/10/2023 02:53:32 - INFO -   	>>>  V2T$R@1: 51.1 - V2T$R@5: 82.1 - V2T$R@10: 90.8 - V2T$Median R: 1.0 - V2T$Mean R: 4.8
10/10/2023 02:53:32 - INFO -   The best model is: /home/wiss/zhang/nfs/video_prober/xclip/anet_train3_seed3/pytorch_model.bin.0, the R1 is: 52.7174
10/10/2023 03:38:26 - INFO -   Epoch: 2/10, Step: 1/143, Lr: 0.000000098-0.000097519, Loss: 1.482544, Time/step: 2693.922729
10/10/2023 03:46:33 - INFO -   Epoch: 2/10, Step: 2/143, Lr: 0.000000097-0.000097484, Loss: 1.343760, Time/step: 486.740624
10/10/2023 03:46:40 - INFO -   Epoch: 2/10, Step: 3/143, Lr: 0.000000097-0.000097450, Loss: 1.508405, Time/step: 6.630279
10/10/2023 03:48:50 - INFO -   Epoch: 2/10, Step: 4/143, Lr: 0.000000097-0.000097415, Loss: 1.350258, Time/step: 130.187394
10/10/2023 03:48:57 - INFO -   Epoch: 2/10, Step: 5/143, Lr: 0.000000097-0.000097380, Loss: 1.271979, Time/step: 7.191314
10/10/2023 03:49:05 - INFO -   Epoch: 2/10, Step: 6/143, Lr: 0.000000097-0.000097345, Loss: 2.141987, Time/step: 7.598939
10/10/2023 03:49:13 - INFO -   Epoch: 2/10, Step: 7/143, Lr: 0.000000097-0.000097310, Loss: 1.262778, Time/step: 8.048413
10/10/2023 03:49:21 - INFO -   Epoch: 2/10, Step: 8/143, Lr: 0.000000097-0.000097274, Loss: 1.484591, Time/step: 8.699630
10/10/2023 03:49:30 - INFO -   Epoch: 2/10, Step: 9/143, Lr: 0.000000097-0.000097238, Loss: 1.479663, Time/step: 8.230840
10/10/2023 03:49:38 - INFO -   Epoch: 2/10, Step: 10/143, Lr: 0.000000097-0.000097202, Loss: 1.370349, Time/step: 8.871377
10/10/2023 03:49:48 - INFO -   Epoch: 2/10, Step: 11/143, Lr: 0.000000097-0.000097166, Loss: 1.511995, Time/step: 9.222946
10/10/2023 03:49:57 - INFO -   Epoch: 2/10, Step: 12/143, Lr: 0.000000097-0.000097129, Loss: 1.816682, Time/step: 9.106128
10/10/2023 04:04:22 - INFO -   Epoch: 2/10, Step: 13/143, Lr: 0.000000097-0.000097092, Loss: 1.509050, Time/step: 865.351135
10/10/2023 04:04:32 - INFO -   Epoch: 2/10, Step: 14/143, Lr: 0.000000097-0.000097055, Loss: 1.665822, Time/step: 10.269545
10/10/2023 04:04:43 - INFO -   Epoch: 2/10, Step: 15/143, Lr: 0.000000097-0.000097018, Loss: 1.333442, Time/step: 10.612963
10/10/2023 04:04:55 - INFO -   Epoch: 2/10, Step: 16/143, Lr: 0.000000097-0.000096980, Loss: 1.996164, Time/step: 11.933289
10/10/2023 05:15:31 - INFO -   Epoch: 2/10, Step: 17/143, Lr: 0.000000097-0.000096943, Loss: 1.542421, Time/step: 4235.646515
10/10/2023 05:15:39 - INFO -   Epoch: 2/10, Step: 18/143, Lr: 0.000000097-0.000096905, Loss: 1.536578, Time/step: 8.240407
10/10/2023 05:15:48 - INFO -   Epoch: 2/10, Step: 19/143, Lr: 0.000000097-0.000096867, Loss: 1.592450, Time/step: 8.861114
10/10/2023 05:15:56 - INFO -   Epoch: 2/10, Step: 20/143, Lr: 0.000000097-0.000096828, Loss: 1.375592, Time/step: 8.621369
10/10/2023 05:16:05 - INFO -   Epoch: 2/10, Step: 21/143, Lr: 0.000000097-0.000096790, Loss: 1.519975, Time/step: 8.889522
10/10/2023 05:16:14 - INFO -   Epoch: 2/10, Step: 22/143, Lr: 0.000000097-0.000096751, Loss: 1.075650, Time/step: 9.207897
10/10/2023 05:16:24 - INFO -   Epoch: 2/10, Step: 23/143, Lr: 0.000000097-0.000096712, Loss: 1.669734, Time/step: 9.890559
10/10/2023 05:22:38 - INFO -   Epoch: 2/10, Step: 24/143, Lr: 0.000000097-0.000096672, Loss: 1.416996, Time/step: 374.073966
10/10/2023 05:22:49 - INFO -   Epoch: 2/10, Step: 25/143, Lr: 0.000000097-0.000096633, Loss: 1.432802, Time/step: 10.004368
10/10/2023 05:22:59 - INFO -   Epoch: 2/10, Step: 26/143, Lr: 0.000000097-0.000096593, Loss: 1.410995, Time/step: 10.018352
10/10/2023 05:23:09 - INFO -   Epoch: 2/10, Step: 27/143, Lr: 0.000000097-0.000096553, Loss: 1.423442, Time/step: 10.378083
10/10/2023 05:23:20 - INFO -   Epoch: 2/10, Step: 28/143, Lr: 0.000000097-0.000096513, Loss: 1.817662, Time/step: 10.961975
10/10/2023 05:23:31 - INFO -   Epoch: 2/10, Step: 29/143, Lr: 0.000000096-0.000096473, Loss: 1.364837, Time/step: 10.942988
10/10/2023 05:23:43 - INFO -   Epoch: 2/10, Step: 30/143, Lr: 0.000000096-0.000096432, Loss: 1.243011, Time/step: 11.675817
10/10/2023 05:23:54 - INFO -   Epoch: 2/10, Step: 31/143, Lr: 0.000000096-0.000096391, Loss: 1.472789, Time/step: 11.586132
10/10/2023 05:24:05 - INFO -   Epoch: 2/10, Step: 32/143, Lr: 0.000000096-0.000096350, Loss: 1.581447, Time/step: 11.375191
10/10/2023 06:40:42 - INFO -   Epoch: 2/10, Step: 33/143, Lr: 0.000000096-0.000096309, Loss: 1.814887, Time/step: 4596.709593
10/10/2023 06:40:52 - INFO -   Epoch: 2/10, Step: 34/143, Lr: 0.000000096-0.000096267, Loss: 1.406192, Time/step: 10.214350
10/10/2023 06:41:03 - INFO -   Epoch: 2/10, Step: 35/143, Lr: 0.000000096-0.000096225, Loss: 1.397146, Time/step: 10.901602
10/10/2023 06:45:23 - INFO -   Epoch: 2/10, Step: 36/143, Lr: 0.000000096-0.000096183, Loss: 1.266994, Time/step: 259.754910
10/10/2023 06:48:58 - INFO -   Epoch: 2/10, Step: 37/143, Lr: 0.000000096-0.000096141, Loss: 1.499225, Time/step: 214.333996
10/10/2023 06:49:08 - INFO -   Epoch: 2/10, Step: 38/143, Lr: 0.000000096-0.000096099, Loss: 1.411169, Time/step: 9.920490
10/10/2023 06:51:11 - INFO -   Epoch: 2/10, Step: 39/143, Lr: 0.000000096-0.000096056, Loss: 1.392081, Time/step: 123.149451
10/10/2023 07:16:46 - INFO -   Epoch: 2/10, Step: 40/143, Lr: 0.000000096-0.000096013, Loss: 1.562183, Time/step: 1535.387310
10/10/2023 07:16:55 - INFO -   Epoch: 2/10, Step: 41/143, Lr: 0.000000096-0.000095970, Loss: 1.265123, Time/step: 8.724367
10/10/2023 07:17:04 - INFO -   Epoch: 2/10, Step: 42/143, Lr: 0.000000096-0.000095927, Loss: 1.312960, Time/step: 9.339183
10/10/2023 07:17:14 - INFO -   Epoch: 2/10, Step: 43/143, Lr: 0.000000096-0.000095883, Loss: 1.377515, Time/step: 9.789513
10/10/2023 07:17:24 - INFO -   Epoch: 2/10, Step: 44/143, Lr: 0.000000096-0.000095840, Loss: 1.444760, Time/step: 9.488281
10/10/2023 07:17:34 - INFO -   Epoch: 2/10, Step: 45/143, Lr: 0.000000096-0.000095796, Loss: 1.008355, Time/step: 10.286087
10/10/2023 07:17:44 - INFO -   Epoch: 2/10, Step: 46/143, Lr: 0.000000096-0.000095751, Loss: 1.587618, Time/step: 9.934934
10/10/2023 07:17:55 - INFO -   Epoch: 2/10, Step: 47/143, Lr: 0.000000096-0.000095707, Loss: 1.412288, Time/step: 11.086304
10/10/2023 07:18:06 - INFO -   Epoch: 2/10, Step: 48/143, Lr: 0.000000096-0.000095662, Loss: 1.633641, Time/step: 10.683124
10/10/2023 07:58:05 - INFO -   Epoch: 2/10, Step: 49/143, Lr: 0.000000096-0.000095618, Loss: 1.465137, Time/step: 2399.102613
10/10/2023 07:58:21 - INFO -   Epoch: 2/10, Step: 50/143, Lr: 0.000000096-0.000095572, Loss: 1.381310, Time/step: 15.936243
10/10/2023 08:09:10 - INFO -   Epoch: 2/10, Step: 51/143, Lr: 0.000000096-0.000095527, Loss: 1.507940, Time/step: 649.552863
10/10/2023 08:09:22 - INFO -   Epoch: 2/10, Step: 52/143, Lr: 0.000000095-0.000095482, Loss: 1.391402, Time/step: 11.570609
10/10/2023 08:21:47 - INFO -   Epoch: 2/10, Step: 53/143, Lr: 0.000000095-0.000095436, Loss: 1.619700, Time/step: 744.645017
10/10/2023 08:21:58 - INFO -   Epoch: 2/10, Step: 54/143, Lr: 0.000000095-0.000095390, Loss: 1.031992, Time/step: 11.169602
10/10/2023 08:22:09 - INFO -   Epoch: 2/10, Step: 55/143, Lr: 0.000000095-0.000095344, Loss: 1.266966, Time/step: 11.348140
10/10/2023 08:58:20 - INFO -   Epoch: 2/10, Step: 56/143, Lr: 0.000000095-0.000095297, Loss: 1.796451, Time/step: 2170.460586
10/10/2023 08:58:29 - INFO -   Epoch: 2/10, Step: 57/143, Lr: 0.000000095-0.000095251, Loss: 1.568568, Time/step: 8.613189
10/10/2023 08:58:38 - INFO -   Epoch: 2/10, Step: 58/143, Lr: 0.000000095-0.000095204, Loss: 1.298786, Time/step: 9.413382
10/10/2023 08:58:48 - INFO -   Epoch: 2/10, Step: 59/143, Lr: 0.000000095-0.000095157, Loss: 1.141792, Time/step: 9.803018
10/10/2023 08:58:58 - INFO -   Epoch: 2/10, Step: 60/143, Lr: 0.000000095-0.000095110, Loss: 1.471892, Time/step: 10.161068
10/10/2023 08:59:08 - INFO -   Epoch: 2/10, Step: 61/143, Lr: 0.000000095-0.000095062, Loss: 1.049990, Time/step: 9.779323
10/10/2023 08:59:18 - INFO -   Epoch: 2/10, Step: 62/143, Lr: 0.000000095-0.000095014, Loss: 1.398911, Time/step: 10.635132
10/10/2023 08:59:29 - INFO -   Epoch: 2/10, Step: 63/143, Lr: 0.000000095-0.000094966, Loss: 1.182176, Time/step: 10.221652
10/10/2023 08:59:39 - INFO -   Epoch: 2/10, Step: 64/143, Lr: 0.000000095-0.000094918, Loss: 1.336375, Time/step: 10.492579
10/10/2023 09:16:18 - INFO -   Epoch: 2/10, Step: 65/143, Lr: 0.000000095-0.000094870, Loss: 1.731364, Time/step: 999.084004
10/10/2023 09:20:26 - INFO -   Epoch: 2/10, Step: 66/143, Lr: 0.000000095-0.000094821, Loss: 1.698645, Time/step: 248.139606
10/10/2023 09:26:32 - INFO -   Epoch: 2/10, Step: 67/143, Lr: 0.000000095-0.000094773, Loss: 1.778733, Time/step: 365.628903
10/10/2023 09:26:44 - INFO -   Epoch: 2/10, Step: 68/143, Lr: 0.000000095-0.000094724, Loss: 1.798015, Time/step: 11.353477
10/10/2023 10:06:15 - INFO -   Epoch: 2/10, Step: 69/143, Lr: 0.000000095-0.000094674, Loss: 1.518241, Time/step: 2371.020243
10/10/2023 10:06:25 - INFO -   Epoch: 2/10, Step: 70/143, Lr: 0.000000095-0.000094625, Loss: 1.743042, Time/step: 10.548879
10/10/2023 10:06:36 - INFO -   Epoch: 2/10, Step: 71/143, Lr: 0.000000095-0.000094575, Loss: 1.436571, Time/step: 10.746671
10/10/2023 10:20:39 - INFO -   Epoch: 2/10, Step: 72/143, Lr: 0.000000095-0.000094525, Loss: 1.966348, Time/step: 842.764710
10/10/2023 10:20:48 - INFO -   Epoch: 2/10, Step: 73/143, Lr: 0.000000094-0.000094475, Loss: 1.839228, Time/step: 9.401762
10/10/2023 10:20:58 - INFO -   Epoch: 2/10, Step: 74/143, Lr: 0.000000094-0.000094425, Loss: 1.434018, Time/step: 9.910532
10/10/2023 10:21:08 - INFO -   Epoch: 2/10, Step: 75/143, Lr: 0.000000094-0.000094374, Loss: 1.259914, Time/step: 9.482240
10/10/2023 10:21:18 - INFO -   Epoch: 2/10, Step: 76/143, Lr: 0.000000094-0.000094324, Loss: 1.266365, Time/step: 10.227885
10/10/2023 10:21:28 - INFO -   Epoch: 2/10, Step: 77/143, Lr: 0.000000094-0.000094273, Loss: 1.493445, Time/step: 10.239763
10/10/2023 10:21:40 - INFO -   Epoch: 2/10, Step: 78/143, Lr: 0.000000094-0.000094222, Loss: 1.413223, Time/step: 11.539616
10/10/2023 10:21:50 - INFO -   Epoch: 2/10, Step: 79/143, Lr: 0.000000094-0.000094170, Loss: 1.482895, Time/step: 10.697583
10/10/2023 10:22:01 - INFO -   Epoch: 2/10, Step: 80/143, Lr: 0.000000094-0.000094119, Loss: 1.084471, Time/step: 10.787021
10/10/2023 11:00:53 - INFO -   Epoch: 2/10, Step: 81/143, Lr: 0.000000094-0.000094067, Loss: 1.264256, Time/step: 2332.274995
10/10/2023 11:09:30 - INFO -   Epoch: 2/10, Step: 82/143, Lr: 0.000000094-0.000094015, Loss: 1.690313, Time/step: 516.598110
10/10/2023 11:09:42 - INFO -   Epoch: 2/10, Step: 83/143, Lr: 0.000000094-0.000093963, Loss: 1.715446, Time/step: 11.404927
10/10/2023 11:09:53 - INFO -   Epoch: 2/10, Step: 84/143, Lr: 0.000000094-0.000093910, Loss: 1.368076, Time/step: 11.168652
10/10/2023 11:56:49 - INFO -   Epoch: 2/10, Step: 85/143, Lr: 0.000000094-0.000093858, Loss: 1.436670, Time/step: 2815.906741
10/10/2023 11:56:57 - INFO -   Epoch: 2/10, Step: 86/143, Lr: 0.000000094-0.000093805, Loss: 0.990908, Time/step: 8.310477
10/10/2023 11:57:06 - INFO -   Epoch: 2/10, Step: 87/143, Lr: 0.000000094-0.000093752, Loss: 1.779767, Time/step: 8.881612
10/10/2023 11:57:15 - INFO -   Epoch: 2/10, Step: 88/143, Lr: 0.000000094-0.000093698, Loss: 1.381217, Time/step: 8.835053
10/10/2023 11:57:24 - INFO -   Epoch: 2/10, Step: 89/143, Lr: 0.000000094-0.000093645, Loss: 1.659516, Time/step: 9.286456
10/10/2023 11:57:34 - INFO -   Epoch: 2/10, Step: 90/143, Lr: 0.000000094-0.000093591, Loss: 1.304469, Time/step: 10.184389
10/10/2023 11:57:45 - INFO -   Epoch: 2/10, Step: 91/143, Lr: 0.000000094-0.000093537, Loss: 1.526743, Time/step: 10.822347
10/10/2023 11:57:56 - INFO -   Epoch: 2/10, Step: 92/143, Lr: 0.000000093-0.000093483, Loss: 1.600417, Time/step: 10.780428
10/10/2023 11:58:06 - INFO -   Epoch: 2/10, Step: 93/143, Lr: 0.000000093-0.000093429, Loss: 1.070664, Time/step: 10.600780
10/10/2023 11:58:17 - INFO -   Epoch: 2/10, Step: 94/143, Lr: 0.000000093-0.000093374, Loss: 1.521208, Time/step: 11.037556
10/10/2023 11:58:28 - INFO -   Epoch: 2/10, Step: 95/143, Lr: 0.000000093-0.000093320, Loss: 1.242510, Time/step: 10.366633
10/10/2023 11:58:39 - INFO -   Epoch: 2/10, Step: 96/143, Lr: 0.000000093-0.000093265, Loss: 1.982888, Time/step: 11.138495
10/10/2023 12:10:02 - INFO -   Epoch: 2/10, Step: 97/143, Lr: 0.000000093-0.000093209, Loss: 1.490859, Time/step: 682.696738
10/10/2023 12:19:14 - INFO -   Epoch: 2/10, Step: 98/143, Lr: 0.000000093-0.000093154, Loss: 1.861226, Time/step: 551.841816
10/10/2023 12:19:25 - INFO -   Epoch: 2/10, Step: 99/143, Lr: 0.000000093-0.000093098, Loss: 1.435846, Time/step: 11.174448
10/10/2023 12:19:37 - INFO -   Epoch: 2/10, Step: 100/143, Lr: 0.000000093-0.000093043, Loss: 1.352153, Time/step: 11.800557
10/10/2023 13:19:13 - INFO -   Epoch: 2/10, Step: 101/143, Lr: 0.000000093-0.000092987, Loss: 1.317909, Time/step: 3575.952011
10/10/2023 13:19:23 - INFO -   Epoch: 2/10, Step: 102/143, Lr: 0.000000093-0.000092930, Loss: 1.644694, Time/step: 10.405852
10/10/2023 13:19:34 - INFO -   Epoch: 2/10, Step: 103/143, Lr: 0.000000093-0.000092874, Loss: 1.214532, Time/step: 10.648962
10/10/2023 13:40:04 - INFO -   Epoch: 2/10, Step: 104/143, Lr: 0.000000093-0.000092817, Loss: 1.778720, Time/step: 1229.964639
10/10/2023 13:40:12 - INFO -   Epoch: 2/10, Step: 105/143, Lr: 0.000000093-0.000092761, Loss: 1.564688, Time/step: 7.886167
10/10/2023 13:40:20 - INFO -   Epoch: 2/10, Step: 106/143, Lr: 0.000000093-0.000092704, Loss: 1.687629, Time/step: 8.428836
10/10/2023 13:40:30 - INFO -   Epoch: 2/10, Step: 107/143, Lr: 0.000000093-0.000092646, Loss: 1.409857, Time/step: 9.530463
10/10/2023 13:40:39 - INFO -   Epoch: 2/10, Step: 108/143, Lr: 0.000000093-0.000092589, Loss: 1.388287, Time/step: 9.402671
10/10/2023 13:40:50 - INFO -   Epoch: 2/10, Step: 109/143, Lr: 0.000000093-0.000092531, Loss: 1.510448, Time/step: 10.555874
10/10/2023 13:41:00 - INFO -   Epoch: 2/10, Step: 110/143, Lr: 0.000000092-0.000092473, Loss: 1.571850, Time/step: 10.114418
10/10/2023 13:41:10 - INFO -   Epoch: 2/10, Step: 111/143, Lr: 0.000000092-0.000092415, Loss: 1.208949, Time/step: 10.508005
10/10/2023 13:41:21 - INFO -   Epoch: 2/10, Step: 112/143, Lr: 0.000000092-0.000092357, Loss: 1.352194, Time/step: 11.056381
10/10/2023 13:55:37 - INFO -   Epoch: 2/10, Step: 113/143, Lr: 0.000000092-0.000092299, Loss: 1.533977, Time/step: 855.515317
10/10/2023 13:55:47 - INFO -   Epoch: 2/10, Step: 114/143, Lr: 0.000000092-0.000092240, Loss: 1.601807, Time/step: 10.245164
10/10/2023 13:55:58 - INFO -   Epoch: 2/10, Step: 115/143, Lr: 0.000000092-0.000092181, Loss: 1.383299, Time/step: 10.396986
10/10/2023 13:56:08 - INFO -   Epoch: 2/10, Step: 116/143, Lr: 0.000000092-0.000092122, Loss: 1.427384, Time/step: 10.365288
10/10/2023 14:31:13 - INFO -   Epoch: 2/10, Step: 117/143, Lr: 0.000000092-0.000092063, Loss: 1.463577, Time/step: 2104.675295
10/10/2023 14:31:20 - INFO -   Epoch: 2/10, Step: 118/143, Lr: 0.000000092-0.000092003, Loss: 1.451127, Time/step: 7.443682
10/10/2023 14:31:28 - INFO -   Epoch: 2/10, Step: 119/143, Lr: 0.000000092-0.000091943, Loss: 1.416807, Time/step: 7.968927
10/10/2023 14:34:56 - INFO -   Epoch: 2/10, Step: 120/143, Lr: 0.000000092-0.000091884, Loss: 1.311746, Time/step: 207.347993
10/10/2023 14:35:04 - INFO -   Epoch: 2/10, Step: 121/143, Lr: 0.000000092-0.000091824, Loss: 1.557660, Time/step: 8.013310
10/10/2023 14:35:12 - INFO -   Epoch: 2/10, Step: 122/143, Lr: 0.000000092-0.000091763, Loss: 1.762479, Time/step: 8.160842
10/10/2023 14:35:20 - INFO -   Epoch: 2/10, Step: 123/143, Lr: 0.000000092-0.000091703, Loss: 1.061915, Time/step: 7.898368
10/10/2023 14:35:27 - INFO -   Epoch: 2/10, Step: 124/143, Lr: 0.000000092-0.000091642, Loss: 1.545426, Time/step: 7.775225
10/10/2023 14:35:35 - INFO -   Epoch: 2/10, Step: 125/143, Lr: 0.000000092-0.000091581, Loss: 1.297904, Time/step: 7.891164
10/10/2023 14:35:43 - INFO -   Epoch: 2/10, Step: 126/143, Lr: 0.000000092-0.000091520, Loss: 1.728233, Time/step: 7.999460
10/10/2023 14:35:52 - INFO -   Epoch: 2/10, Step: 127/143, Lr: 0.000000091-0.000091459, Loss: 1.633324, Time/step: 8.120172
10/10/2023 14:35:59 - INFO -   Epoch: 2/10, Step: 128/143, Lr: 0.000000091-0.000091397, Loss: 1.490808, Time/step: 7.840751
10/10/2023 14:43:36 - INFO -   Epoch: 2/10, Step: 129/143, Lr: 0.000000091-0.000091335, Loss: 1.176550, Time/step: 456.863380
10/10/2023 14:50:02 - INFO -   Epoch: 2/10, Step: 130/143, Lr: 0.000000091-0.000091274, Loss: 1.319328, Time/step: 385.202038
10/10/2023 14:55:08 - INFO -   Epoch: 2/10, Step: 131/143, Lr: 0.000000091-0.000091211, Loss: 1.492517, Time/step: 306.652919
10/10/2023 14:55:11 - INFO -   Epoch: 2/10, Step: 132/143, Lr: 0.000000091-0.000091149, Loss: 1.661101, Time/step: 2.758130
10/10/2023 15:01:10 - INFO -   Epoch: 2/10, Step: 133/143, Lr: 0.000000091-0.000091087, Loss: 1.801121, Time/step: 358.636375
10/10/2023 15:01:11 - INFO -   Epoch: 2/10, Step: 134/143, Lr: 0.000000091-0.000091024, Loss: 1.477288, Time/step: 1.270243
10/10/2023 15:01:12 - INFO -   Epoch: 2/10, Step: 135/143, Lr: 0.000000091-0.000090961, Loss: 1.621086, Time/step: 1.223815
10/10/2023 15:01:13 - INFO -   Epoch: 2/10, Step: 136/143, Lr: 0.000000091-0.000090898, Loss: 0.963332, Time/step: 1.287073
10/10/2023 15:01:15 - INFO -   Epoch: 2/10, Step: 137/143, Lr: 0.000000091-0.000090835, Loss: 1.192429, Time/step: 1.268851
10/10/2023 15:01:16 - INFO -   Epoch: 2/10, Step: 138/143, Lr: 0.000000091-0.000090771, Loss: 1.488388, Time/step: 1.305752
10/10/2023 15:01:17 - INFO -   Epoch: 2/10, Step: 139/143, Lr: 0.000000091-0.000090708, Loss: 1.458969, Time/step: 1.249585
10/10/2023 15:01:33 - INFO -   Epoch: 2/10, Step: 140/143, Lr: 0.000000091-0.000090644, Loss: 1.563961, Time/step: 16.146349
10/10/2023 15:01:34 - INFO -   Epoch: 2/10, Step: 141/143, Lr: 0.000000091-0.000090580, Loss: 1.631412, Time/step: 0.964241
10/10/2023 15:01:35 - INFO -   Epoch: 2/10, Step: 142/143, Lr: 0.000000091-0.000090515, Loss: 1.422547, Time/step: 0.927613
10/10/2023 15:01:37 - INFO -   Epoch: 2/10, Step: 143/143, Lr: 0.000000090-0.000090451, Loss: 1.973876, Time/step: 1.253213
10/10/2023 15:01:38 - INFO -   Epoch 2/10 Finished, Train Loss: 1.474743
10/10/2023 15:02:00 - INFO -   Model saved to /home/wiss/zhang/nfs/video_prober/xclip/anet_train3_seed3/pytorch_model.bin.1
10/10/2023 15:02:00 - INFO -   Optimizer saved to /home/wiss/zhang/nfs/video_prober/xclip/anet_train3_seed3/pytorch_opt.bin.1
10/10/2023 15:02:00 - INFO -   Eval on val dataset
10/10/2023 16:42:58 - INFO -   sim matrix size: 184, 184
10/10/2023 16:42:58 - INFO -   	 Length-T: 184, Length-V:184
10/10/2023 16:42:58 - INFO -   Text-to-Video:
10/10/2023 16:42:58 - INFO -   	>>>  R@1: 58.7 - R@5: 83.7 - R@10: 91.3 - Median R: 1.0 - Mean R: 4.5
10/10/2023 16:42:58 - INFO -   Video-to-Text:
10/10/2023 16:42:58 - INFO -   	>>>  V2T$R@1: 57.1 - V2T$R@5: 81.5 - V2T$R@10: 90.8 - V2T$Median R: 1.0 - V2T$Mean R: 4.8
10/10/2023 16:42:58 - INFO -   The best model is: /home/wiss/zhang/nfs/video_prober/xclip/anet_train3_seed3/pytorch_model.bin.1, the R1 is: 58.6957
10/10/2023 17:34:53 - INFO -   Epoch: 3/10, Step: 1/143, Lr: 0.000000090-0.000090386, Loss: 0.967556, Time/step: 3114.651303
10/10/2023 17:34:59 - INFO -   Epoch: 3/10, Step: 2/143, Lr: 0.000000090-0.000090321, Loss: 0.780317, Time/step: 6.055292
10/10/2023 17:35:06 - INFO -   Epoch: 3/10, Step: 3/143, Lr: 0.000000090-0.000090256, Loss: 0.934090, Time/step: 6.505022
10/10/2023 17:37:37 - INFO -   Epoch: 3/10, Step: 4/143, Lr: 0.000000090-0.000090191, Loss: 0.716017, Time/step: 151.209558
10/10/2023 17:37:44 - INFO -   Epoch: 3/10, Step: 5/143, Lr: 0.000000090-0.000090126, Loss: 0.919664, Time/step: 7.277738
10/10/2023 17:37:52 - INFO -   Epoch: 3/10, Step: 6/143, Lr: 0.000000090-0.000090060, Loss: 1.183798, Time/step: 7.541201
10/10/2023 17:38:00 - INFO -   Epoch: 3/10, Step: 7/143, Lr: 0.000000090-0.000089994, Loss: 0.776043, Time/step: 7.935308
10/10/2023 17:53:39 - INFO -   Epoch: 3/10, Step: 8/143, Lr: 0.000000090-0.000089928, Loss: 0.705031, Time/step: 939.614321
10/10/2023 17:53:48 - INFO -   Epoch: 3/10, Step: 9/143, Lr: 0.000000090-0.000089862, Loss: 0.957317, Time/step: 8.802804
10/10/2023 17:53:57 - INFO -   Epoch: 3/10, Step: 10/143, Lr: 0.000000090-0.000089795, Loss: 0.860889, Time/step: 8.548498
10/10/2023 17:54:06 - INFO -   Epoch: 3/10, Step: 11/143, Lr: 0.000000090-0.000089729, Loss: 0.854147, Time/step: 9.012203
10/10/2023 17:54:15 - INFO -   Epoch: 3/10, Step: 12/143, Lr: 0.000000090-0.000089662, Loss: 0.760325, Time/step: 8.997690
10/10/2023 17:54:24 - INFO -   Epoch: 3/10, Step: 13/143, Lr: 0.000000090-0.000089595, Loss: 0.911918, Time/step: 9.678104
10/10/2023 17:54:35 - INFO -   Epoch: 3/10, Step: 14/143, Lr: 0.000000090-0.000089528, Loss: 0.847276, Time/step: 10.232896
10/10/2023 17:54:45 - INFO -   Epoch: 3/10, Step: 15/143, Lr: 0.000000089-0.000089461, Loss: 0.716000, Time/step: 10.410067
10/10/2023 17:54:56 - INFO -   Epoch: 3/10, Step: 16/143, Lr: 0.000000089-0.000089393, Loss: 0.993018, Time/step: 10.813732
10/10/2023 18:57:10 - INFO -   Epoch: 3/10, Step: 17/143, Lr: 0.000000089-0.000089325, Loss: 0.694981, Time/step: 3734.667656
10/10/2023 18:57:21 - INFO -   Epoch: 3/10, Step: 18/143, Lr: 0.000000089-0.000089257, Loss: 0.626974, Time/step: 10.206906
10/10/2023 18:57:32 - INFO -   Epoch: 3/10, Step: 19/143, Lr: 0.000000089-0.000089189, Loss: 1.003658, Time/step: 11.269870
10/10/2023 19:18:13 - INFO -   Epoch: 3/10, Step: 20/143, Lr: 0.000000089-0.000089121, Loss: 1.286480, Time/step: 1240.501230
10/10/2023 19:18:22 - INFO -   Epoch: 3/10, Step: 21/143, Lr: 0.000000089-0.000089052, Loss: 0.723045, Time/step: 9.069225
10/10/2023 19:18:32 - INFO -   Epoch: 3/10, Step: 22/143, Lr: 0.000000089-0.000088984, Loss: 0.939475, Time/step: 10.154880
10/10/2023 19:18:41 - INFO -   Epoch: 3/10, Step: 23/143, Lr: 0.000000089-0.000088915, Loss: 0.938115, Time/step: 9.244708
10/10/2023 19:30:09 - INFO -   Epoch: 3/10, Step: 24/143, Lr: 0.000000089-0.000088846, Loss: 0.882349, Time/step: 688.009944
10/10/2023 19:30:18 - INFO -   Epoch: 3/10, Step: 25/143, Lr: 0.000000089-0.000088777, Loss: 0.541995, Time/step: 8.936594
10/10/2023 19:30:27 - INFO -   Epoch: 3/10, Step: 26/143, Lr: 0.000000089-0.000088707, Loss: 1.065844, Time/step: 8.805944
10/10/2023 19:30:36 - INFO -   Epoch: 3/10, Step: 27/143, Lr: 0.000000089-0.000088637, Loss: 0.776265, Time/step: 9.568762
10/10/2023 19:30:46 - INFO -   Epoch: 3/10, Step: 28/143, Lr: 0.000000089-0.000088568, Loss: 0.676396, Time/step: 9.585229
10/10/2023 19:30:56 - INFO -   Epoch: 3/10, Step: 29/143, Lr: 0.000000088-0.000088498, Loss: 0.652162, Time/step: 10.327600
10/10/2023 19:31:07 - INFO -   Epoch: 3/10, Step: 30/143, Lr: 0.000000088-0.000088427, Loss: 0.809203, Time/step: 10.207742
10/10/2023 19:31:17 - INFO -   Epoch: 3/10, Step: 31/143, Lr: 0.000000088-0.000088357, Loss: 0.979857, Time/step: 10.346927
10/10/2023 19:31:28 - INFO -   Epoch: 3/10, Step: 32/143, Lr: 0.000000088-0.000088287, Loss: 1.043839, Time/step: 10.677063
10/10/2023 20:51:50 - INFO -   Epoch: 3/10, Step: 33/143, Lr: 0.000000088-0.000088216, Loss: 0.998928, Time/step: 4822.143552
10/10/2023 20:51:57 - INFO -   Epoch: 3/10, Step: 34/143, Lr: 0.000000088-0.000088145, Loss: 0.879035, Time/step: 7.120656
10/10/2023 20:52:05 - INFO -   Epoch: 3/10, Step: 35/143, Lr: 0.000000088-0.000088074, Loss: 1.007525, Time/step: 7.910486
10/10/2023 20:55:57 - INFO -   Epoch: 3/10, Step: 36/143, Lr: 0.000000088-0.000088002, Loss: 1.014944, Time/step: 231.962959
10/10/2023 20:56:05 - INFO -   Epoch: 3/10, Step: 37/143, Lr: 0.000000088-0.000087931, Loss: 0.874119, Time/step: 8.208383
10/10/2023 20:56:13 - INFO -   Epoch: 3/10, Step: 38/143, Lr: 0.000000088-0.000087859, Loss: 0.766891, Time/step: 8.024186
10/10/2023 20:56:21 - INFO -   Epoch: 3/10, Step: 39/143, Lr: 0.000000088-0.000087787, Loss: 0.989950, Time/step: 8.057901
10/10/2023 21:02:06 - INFO -   Epoch: 3/10, Step: 40/143, Lr: 0.000000088-0.000087715, Loss: 0.700953, Time/step: 344.708126
10/10/2023 21:02:16 - INFO -   Epoch: 3/10, Step: 41/143, Lr: 0.000000088-0.000087643, Loss: 1.323832, Time/step: 9.728614
10/10/2023 21:02:24 - INFO -   Epoch: 3/10, Step: 42/143, Lr: 0.000000088-0.000087571, Loss: 1.022183, Time/step: 8.813286
10/10/2023 21:02:34 - INFO -   Epoch: 3/10, Step: 43/143, Lr: 0.000000087-0.000087498, Loss: 0.889120, Time/step: 9.389179
10/10/2023 21:02:43 - INFO -   Epoch: 3/10, Step: 44/143, Lr: 0.000000087-0.000087426, Loss: 1.102013, Time/step: 9.516259
10/10/2023 21:02:54 - INFO -   Epoch: 3/10, Step: 45/143, Lr: 0.000000087-0.000087353, Loss: 0.684766, Time/step: 10.278870
10/10/2023 21:03:04 - INFO -   Epoch: 3/10, Step: 46/143, Lr: 0.000000087-0.000087279, Loss: 0.779748, Time/step: 10.440549
10/10/2023 21:03:15 - INFO -   Epoch: 3/10, Step: 47/143, Lr: 0.000000087-0.000087206, Loss: 0.894091, Time/step: 11.153506
10/10/2023 21:03:26 - INFO -   Epoch: 3/10, Step: 48/143, Lr: 0.000000087-0.000087133, Loss: 0.525075, Time/step: 11.171681
10/10/2023 22:39:50 - INFO -   Epoch: 3/10, Step: 49/143, Lr: 0.000000087-0.000087059, Loss: 0.734617, Time/step: 5783.770212
10/10/2023 22:39:57 - INFO -   Epoch: 3/10, Step: 50/143, Lr: 0.000000087-0.000086985, Loss: 0.831120, Time/step: 6.491019
10/10/2023 22:40:04 - INFO -   Epoch: 3/10, Step: 51/143, Lr: 0.000000087-0.000086911, Loss: 0.909004, Time/step: 7.476324
10/10/2023 22:40:11 - INFO -   Epoch: 3/10, Step: 52/143, Lr: 0.000000087-0.000086837, Loss: 0.781205, Time/step: 7.195647
10/10/2023 22:40:19 - INFO -   Epoch: 3/10, Step: 53/143, Lr: 0.000000087-0.000086763, Loss: 0.899396, Time/step: 8.098665
10/10/2023 22:40:28 - INFO -   Epoch: 3/10, Step: 54/143, Lr: 0.000000087-0.000086688, Loss: 0.725981, Time/step: 8.102968
10/10/2023 22:40:36 - INFO -   Epoch: 3/10, Step: 55/143, Lr: 0.000000087-0.000086613, Loss: 0.820856, Time/step: 8.731483
10/10/2023 22:40:45 - INFO -   Epoch: 3/10, Step: 56/143, Lr: 0.000000087-0.000086539, Loss: 0.819072, Time/step: 8.688900
10/10/2023 22:40:54 - INFO -   Epoch: 3/10, Step: 57/143, Lr: 0.000000086-0.000086463, Loss: 0.837409, Time/step: 8.759756
10/10/2023 22:41:03 - INFO -   Epoch: 3/10, Step: 58/143, Lr: 0.000000086-0.000086388, Loss: 0.696912, Time/step: 8.907797
10/10/2023 22:41:12 - INFO -   Epoch: 3/10, Step: 59/143, Lr: 0.000000086-0.000086313, Loss: 0.723059, Time/step: 9.034421
10/10/2023 22:41:21 - INFO -   Epoch: 3/10, Step: 60/143, Lr: 0.000000086-0.000086237, Loss: 0.988741, Time/step: 9.623820
10/10/2023 22:41:31 - INFO -   Epoch: 3/10, Step: 61/143, Lr: 0.000000086-0.000086161, Loss: 0.805956, Time/step: 9.626679
10/10/2023 22:41:41 - INFO -   Epoch: 3/10, Step: 62/143, Lr: 0.000000086-0.000086085, Loss: 0.981060, Time/step: 10.367386
10/10/2023 22:41:52 - INFO -   Epoch: 3/10, Step: 63/143, Lr: 0.000000086-0.000086009, Loss: 1.002151, Time/step: 10.312596
10/10/2023 22:42:03 - INFO -   Epoch: 3/10, Step: 64/143, Lr: 0.000000086-0.000085933, Loss: 0.720039, Time/step: 10.872512
10/11/2023 00:01:47 - INFO -   Epoch: 3/10, Step: 65/143, Lr: 0.000000086-0.000085857, Loss: 0.797908, Time/step: 4784.484542
10/11/2023 00:01:57 - INFO -   Epoch: 3/10, Step: 66/143, Lr: 0.000000086-0.000085780, Loss: 1.057459, Time/step: 9.721624
10/11/2023 00:02:06 - INFO -   Epoch: 3/10, Step: 67/143, Lr: 0.000000086-0.000085703, Loss: 1.300791, Time/step: 9.101280
10/11/2023 00:02:15 - INFO -   Epoch: 3/10, Step: 68/143, Lr: 0.000000086-0.000085626, Loss: 0.934873, Time/step: 9.392394
10/11/2023 00:02:25 - INFO -   Epoch: 3/10, Step: 69/143, Lr: 0.000000086-0.000085549, Loss: 0.917629, Time/step: 9.397950
10/11/2023 00:02:35 - INFO -   Epoch: 3/10, Step: 70/143, Lr: 0.000000085-0.000085472, Loss: 0.984844, Time/step: 9.887727
10/11/2023 00:02:45 - INFO -   Epoch: 3/10, Step: 71/143, Lr: 0.000000085-0.000085394, Loss: 1.090493, Time/step: 10.077427
10/11/2023 00:02:55 - INFO -   Epoch: 3/10, Step: 72/143, Lr: 0.000000085-0.000085316, Loss: 1.157634, Time/step: 10.007229
10/11/2023 00:03:05 - INFO -   Epoch: 3/10, Step: 73/143, Lr: 0.000000085-0.000085239, Loss: 0.836174, Time/step: 9.857671
10/11/2023 00:03:16 - INFO -   Epoch: 3/10, Step: 74/143, Lr: 0.000000085-0.000085161, Loss: 0.987323, Time/step: 11.304390
10/11/2023 00:03:26 - INFO -   Epoch: 3/10, Step: 75/143, Lr: 0.000000085-0.000085082, Loss: 0.997916, Time/step: 10.377452
10/11/2023 00:03:37 - INFO -   Epoch: 3/10, Step: 76/143, Lr: 0.000000085-0.000085004, Loss: 0.935230, Time/step: 10.197134
10/11/2023 00:03:47 - INFO -   Epoch: 3/10, Step: 77/143, Lr: 0.000000085-0.000084926, Loss: 0.934914, Time/step: 10.240956
10/11/2023 00:03:58 - INFO -   Epoch: 3/10, Step: 78/143, Lr: 0.000000085-0.000084847, Loss: 0.891039, Time/step: 11.110380
10/11/2023 00:04:08 - INFO -   Epoch: 3/10, Step: 79/143, Lr: 0.000000085-0.000084768, Loss: 0.760917, Time/step: 10.506902
10/11/2023 00:04:19 - INFO -   Epoch: 3/10, Step: 80/143, Lr: 0.000000085-0.000084689, Loss: 0.617171, Time/step: 10.370270
10/11/2023 01:28:55 - INFO -   Epoch: 3/10, Step: 81/143, Lr: 0.000000085-0.000084610, Loss: 0.770133, Time/step: 5076.372460
10/11/2023 01:29:04 - INFO -   Epoch: 3/10, Step: 82/143, Lr: 0.000000085-0.000084530, Loss: 0.604483, Time/step: 9.056643
10/11/2023 01:29:14 - INFO -   Epoch: 3/10, Step: 83/143, Lr: 0.000000084-0.000084451, Loss: 0.929553, Time/step: 9.771458
10/11/2023 01:29:24 - INFO -   Epoch: 3/10, Step: 84/143, Lr: 0.000000084-0.000084371, Loss: 1.082944, Time/step: 9.620958
10/11/2023 01:29:33 - INFO -   Epoch: 3/10, Step: 85/143, Lr: 0.000000084-0.000084291, Loss: 0.932728, Time/step: 9.472100
10/11/2023 01:29:43 - INFO -   Epoch: 3/10, Step: 86/143, Lr: 0.000000084-0.000084211, Loss: 0.847780, Time/step: 9.940030
10/11/2023 01:29:53 - INFO -   Epoch: 3/10, Step: 87/143, Lr: 0.000000084-0.000084131, Loss: 0.821673, Time/step: 9.715211
10/11/2023 01:30:03 - INFO -   Epoch: 3/10, Step: 88/143, Lr: 0.000000084-0.000084051, Loss: 1.124924, Time/step: 9.751401
10/11/2023 01:30:12 - INFO -   Epoch: 3/10, Step: 89/143, Lr: 0.000000084-0.000083970, Loss: 0.843514, Time/step: 9.937322
10/11/2023 01:30:23 - INFO -   Epoch: 3/10, Step: 90/143, Lr: 0.000000084-0.000083890, Loss: 0.691328, Time/step: 10.364072
10/11/2023 01:30:33 - INFO -   Epoch: 3/10, Step: 91/143, Lr: 0.000000084-0.000083809, Loss: 0.958172, Time/step: 10.538507
10/11/2023 01:30:44 - INFO -   Epoch: 3/10, Step: 92/143, Lr: 0.000000084-0.000083728, Loss: 0.976981, Time/step: 10.665953
10/11/2023 01:30:55 - INFO -   Epoch: 3/10, Step: 93/143, Lr: 0.000000084-0.000083647, Loss: 0.435367, Time/step: 10.793312
10/11/2023 01:31:06 - INFO -   Epoch: 3/10, Step: 94/143, Lr: 0.000000084-0.000083565, Loss: 0.629322, Time/step: 10.909057
10/11/2023 01:31:17 - INFO -   Epoch: 3/10, Step: 95/143, Lr: 0.000000083-0.000083484, Loss: 0.963811, Time/step: 11.312702
10/11/2023 01:31:28 - INFO -   Epoch: 3/10, Step: 96/143, Lr: 0.000000083-0.000083402, Loss: 0.950101, Time/step: 10.748023
10/11/2023 03:07:42 - INFO -   Epoch: 3/10, Step: 97/143, Lr: 0.000000083-0.000083320, Loss: 0.890652, Time/step: 5774.006713
10/11/2023 03:07:50 - INFO -   Epoch: 3/10, Step: 98/143, Lr: 0.000000083-0.000083238, Loss: 0.875219, Time/step: 7.892763
10/11/2023 03:07:58 - INFO -   Epoch: 3/10, Step: 99/143, Lr: 0.000000083-0.000083156, Loss: 1.131972, Time/step: 8.305960
10/11/2023 03:08:06 - INFO -   Epoch: 3/10, Step: 100/143, Lr: 0.000000083-0.000083074, Loss: 0.733476, Time/step: 8.094710
10/11/2023 03:08:15 - INFO -   Epoch: 3/10, Step: 101/143, Lr: 0.000000083-0.000082991, Loss: 0.590479, Time/step: 8.716588
10/11/2023 03:08:24 - INFO -   Epoch: 3/10, Step: 102/143, Lr: 0.000000083-0.000082909, Loss: 0.873802, Time/step: 9.212004
10/11/2023 03:08:33 - INFO -   Epoch: 3/10, Step: 103/143, Lr: 0.000000083-0.000082826, Loss: 0.927487, Time/step: 9.217890
10/11/2023 03:08:42 - INFO -   Epoch: 3/10, Step: 104/143, Lr: 0.000000083-0.000082743, Loss: 1.070233, Time/step: 9.027286
10/11/2023 03:08:51 - INFO -   Epoch: 3/10, Step: 105/143, Lr: 0.000000083-0.000082660, Loss: 0.868476, Time/step: 9.114064
10/11/2023 03:09:01 - INFO -   Epoch: 3/10, Step: 106/143, Lr: 0.000000083-0.000082577, Loss: 1.048219, Time/step: 9.286214
10/11/2023 03:09:10 - INFO -   Epoch: 3/10, Step: 107/143, Lr: 0.000000082-0.000082493, Loss: 0.615521, Time/step: 9.454856
10/11/2023 03:09:20 - INFO -   Epoch: 3/10, Step: 108/143, Lr: 0.000000082-0.000082410, Loss: 0.894100, Time/step: 9.509236
10/11/2023 03:09:30 - INFO -   Epoch: 3/10, Step: 109/143, Lr: 0.000000082-0.000082326, Loss: 1.004272, Time/step: 10.108062
10/11/2023 03:09:40 - INFO -   Epoch: 3/10, Step: 110/143, Lr: 0.000000082-0.000082242, Loss: 0.897607, Time/step: 10.005193
10/11/2023 03:09:50 - INFO -   Epoch: 3/10, Step: 111/143, Lr: 0.000000082-0.000082158, Loss: 1.089855, Time/step: 10.038810
10/11/2023 03:10:01 - INFO -   Epoch: 3/10, Step: 112/143, Lr: 0.000000082-0.000082074, Loss: 1.107728, Time/step: 11.025205
10/11/2023 04:11:19 - INFO -   Epoch: 3/10, Step: 113/143, Lr: 0.000000082-0.000081990, Loss: 1.002231, Time/step: 3678.033700
10/11/2023 04:11:29 - INFO -   Epoch: 3/10, Step: 114/143, Lr: 0.000000082-0.000081905, Loss: 0.704757, Time/step: 9.612426
10/11/2023 04:11:39 - INFO -   Epoch: 3/10, Step: 115/143, Lr: 0.000000082-0.000081820, Loss: 1.114532, Time/step: 9.996591
10/11/2023 04:11:49 - INFO -   Epoch: 3/10, Step: 116/143, Lr: 0.000000082-0.000081736, Loss: 0.766463, Time/step: 9.964261
10/11/2023 04:11:58 - INFO -   Epoch: 3/10, Step: 117/143, Lr: 0.000000082-0.000081651, Loss: 1.050512, Time/step: 9.713010
10/11/2023 04:12:08 - INFO -   Epoch: 3/10, Step: 118/143, Lr: 0.000000082-0.000081566, Loss: 1.070086, Time/step: 9.949935
10/11/2023 04:18:07 - INFO -   Epoch: 3/10, Step: 119/143, Lr: 0.000000081-0.000081480, Loss: 1.108043, Time/step: 358.313162
10/11/2023 04:18:16 - INFO -   Epoch: 3/10, Step: 120/143, Lr: 0.000000081-0.000081395, Loss: 0.791348, Time/step: 9.326323
10/11/2023 04:18:26 - INFO -   Epoch: 3/10, Step: 121/143, Lr: 0.000000081-0.000081309, Loss: 0.975925, Time/step: 9.776325
10/11/2023 04:18:35 - INFO -   Epoch: 3/10, Step: 122/143, Lr: 0.000000081-0.000081224, Loss: 0.857408, Time/step: 9.429843
10/11/2023 04:18:44 - INFO -   Epoch: 3/10, Step: 123/143, Lr: 0.000000081-0.000081138, Loss: 0.674834, Time/step: 9.206969
10/11/2023 04:18:54 - INFO -   Epoch: 3/10, Step: 124/143, Lr: 0.000000081-0.000081052, Loss: 0.656500, Time/step: 9.192708
10/11/2023 04:19:03 - INFO -   Epoch: 3/10, Step: 125/143, Lr: 0.000000081-0.000080965, Loss: 0.591412, Time/step: 9.061666
10/11/2023 04:19:12 - INFO -   Epoch: 3/10, Step: 126/143, Lr: 0.000000081-0.000080879, Loss: 0.912647, Time/step: 9.304829
10/11/2023 04:19:22 - INFO -   Epoch: 3/10, Step: 127/143, Lr: 0.000000081-0.000080793, Loss: 1.054585, Time/step: 9.665413
10/11/2023 04:19:31 - INFO -   Epoch: 3/10, Step: 128/143, Lr: 0.000000081-0.000080706, Loss: 1.170559, Time/step: 8.946348
10/11/2023 04:47:21 - INFO -   Epoch: 3/10, Step: 129/143, Lr: 0.000000081-0.000080619, Loss: 1.070173, Time/step: 1669.999607
10/11/2023 04:47:22 - INFO -   Epoch: 3/10, Step: 130/143, Lr: 0.000000081-0.000080532, Loss: 0.803195, Time/step: 1.528695
10/11/2023 04:47:24 - INFO -   Epoch: 3/10, Step: 131/143, Lr: 0.000000080-0.000080445, Loss: 0.862129, Time/step: 1.606311
10/11/2023 04:47:25 - INFO -   Epoch: 3/10, Step: 132/143, Lr: 0.000000080-0.000080358, Loss: 1.029231, Time/step: 1.623298
10/11/2023 04:47:27 - INFO -   Epoch: 3/10, Step: 133/143, Lr: 0.000000080-0.000080271, Loss: 0.835550, Time/step: 1.567409
10/11/2023 04:47:28 - INFO -   Epoch: 3/10, Step: 134/143, Lr: 0.000000080-0.000080183, Loss: 0.827692, Time/step: 1.512259
10/11/2023 04:51:01 - INFO -   Epoch: 3/10, Step: 135/143, Lr: 0.000000080-0.000080096, Loss: 0.728953, Time/step: 212.407754
10/11/2023 04:51:02 - INFO -   Epoch: 3/10, Step: 136/143, Lr: 0.000000080-0.000080008, Loss: 1.020462, Time/step: 0.926052
10/11/2023 04:51:03 - INFO -   Epoch: 3/10, Step: 137/143, Lr: 0.000000080-0.000079920, Loss: 1.040262, Time/step: 0.920099
10/11/2023 04:51:04 - INFO -   Epoch: 3/10, Step: 138/143, Lr: 0.000000080-0.000079832, Loss: 1.120315, Time/step: 0.906323
10/11/2023 04:51:05 - INFO -   Epoch: 3/10, Step: 139/143, Lr: 0.000000080-0.000079744, Loss: 0.686629, Time/step: 0.882723
10/11/2023 04:51:05 - INFO -   Epoch: 3/10, Step: 140/143, Lr: 0.000000080-0.000079655, Loss: 0.638581, Time/step: 0.949409
10/11/2023 04:51:06 - INFO -   Epoch: 3/10, Step: 141/143, Lr: 0.000000080-0.000079567, Loss: 0.957787, Time/step: 0.933212
10/11/2023 04:51:07 - INFO -   Epoch: 3/10, Step: 142/143, Lr: 0.000000079-0.000079478, Loss: 1.150204, Time/step: 0.917658
10/11/2023 04:51:09 - INFO -   Epoch: 3/10, Step: 143/143, Lr: 0.000000079-0.000079389, Loss: 0.667911, Time/step: 1.234533
10/11/2023 04:51:10 - INFO -   Epoch 3/10 Finished, Train Loss: 0.885167
10/11/2023 04:51:32 - INFO -   Model saved to /home/wiss/zhang/nfs/video_prober/xclip/anet_train3_seed3/pytorch_model.bin.2
10/11/2023 04:51:32 - INFO -   Optimizer saved to /home/wiss/zhang/nfs/video_prober/xclip/anet_train3_seed3/pytorch_opt.bin.2
10/11/2023 04:51:32 - INFO -   Eval on val dataset
10/11/2023 06:35:27 - INFO -   sim matrix size: 184, 184
10/11/2023 06:35:27 - INFO -   	 Length-T: 184, Length-V:184
10/11/2023 06:35:27 - INFO -   Text-to-Video:
10/11/2023 06:35:27 - INFO -   	>>>  R@1: 56.0 - R@5: 84.8 - R@10: 90.2 - Median R: 1.0 - Mean R: 4.2
10/11/2023 06:35:27 - INFO -   Video-to-Text:
10/11/2023 06:35:27 - INFO -   	>>>  V2T$R@1: 57.6 - V2T$R@5: 82.1 - V2T$R@10: 93.5 - V2T$Median R: 1.0 - V2T$Mean R: 4.0
10/11/2023 06:35:27 - INFO -   The best model is: /home/wiss/zhang/nfs/video_prober/xclip/anet_train3_seed3/pytorch_model.bin.1, the R1 is: 58.6957
10/11/2023 07:19:44 - INFO -   Epoch: 4/10, Step: 1/143, Lr: 0.000000079-0.000079300, Loss: 0.353952, Time/step: 2656.202658
10/11/2023 07:38:55 - INFO -   Epoch: 4/10, Step: 2/143, Lr: 0.000000079-0.000079211, Loss: 0.307009, Time/step: 1150.527986
10/11/2023 07:39:01 - INFO -   Epoch: 4/10, Step: 3/143, Lr: 0.000000079-0.000079122, Loss: 0.298595, Time/step: 6.285632
10/11/2023 07:39:08 - INFO -   Epoch: 4/10, Step: 4/143, Lr: 0.000000079-0.000079033, Loss: 0.580302, Time/step: 6.840576
10/11/2023 07:39:15 - INFO -   Epoch: 4/10, Step: 5/143, Lr: 0.000000079-0.000078943, Loss: 0.538043, Time/step: 6.867784
10/11/2023 07:39:22 - INFO -   Epoch: 4/10, Step: 6/143, Lr: 0.000000079-0.000078854, Loss: 0.294768, Time/step: 7.350741
10/11/2023 07:39:30 - INFO -   Epoch: 4/10, Step: 7/143, Lr: 0.000000079-0.000078764, Loss: 0.533356, Time/step: 7.835849
10/11/2023 07:39:38 - INFO -   Epoch: 4/10, Step: 8/143, Lr: 0.000000079-0.000078674, Loss: 0.415157, Time/step: 7.959368
10/11/2023 07:39:47 - INFO -   Epoch: 4/10, Step: 9/143, Lr: 0.000000079-0.000078584, Loss: 0.460674, Time/step: 8.796713
10/11/2023 07:39:55 - INFO -   Epoch: 4/10, Step: 10/143, Lr: 0.000000078-0.000078494, Loss: 0.401001, Time/step: 8.575317
10/11/2023 07:40:04 - INFO -   Epoch: 4/10, Step: 11/143, Lr: 0.000000078-0.000078403, Loss: 0.527984, Time/step: 8.950309
10/11/2023 07:40:14 - INFO -   Epoch: 4/10, Step: 12/143, Lr: 0.000000078-0.000078313, Loss: 0.468351, Time/step: 9.786500
10/11/2023 07:40:23 - INFO -   Epoch: 4/10, Step: 13/143, Lr: 0.000000078-0.000078222, Loss: 0.265496, Time/step: 9.440497
10/11/2023 07:40:33 - INFO -   Epoch: 4/10, Step: 14/143, Lr: 0.000000078-0.000078131, Loss: 0.354062, Time/step: 9.793551
10/11/2023 07:40:44 - INFO -   Epoch: 4/10, Step: 15/143, Lr: 0.000000078-0.000078041, Loss: 0.494915, Time/step: 10.465044
10/11/2023 07:40:54 - INFO -   Epoch: 4/10, Step: 16/143, Lr: 0.000000078-0.000077950, Loss: 0.405580, Time/step: 10.362920
10/11/2023 08:43:25 - INFO -   Epoch: 4/10, Step: 17/143, Lr: 0.000000078-0.000077858, Loss: 0.391460, Time/step: 3751.238567
10/11/2023 08:43:36 - INFO -   Epoch: 4/10, Step: 18/143, Lr: 0.000000078-0.000077767, Loss: 0.493261, Time/step: 10.484651
10/11/2023 08:43:46 - INFO -   Epoch: 4/10, Step: 19/143, Lr: 0.000000078-0.000077676, Loss: 0.482587, Time/step: 10.451824
10/11/2023 08:43:57 - INFO -   Epoch: 4/10, Step: 20/143, Lr: 0.000000078-0.000077584, Loss: 0.244503, Time/step: 10.431678
10/11/2023 08:44:07 - INFO -   Epoch: 4/10, Step: 21/143, Lr: 0.000000077-0.000077492, Loss: 0.639992, Time/step: 10.475483
10/11/2023 08:58:07 - INFO -   Epoch: 4/10, Step: 22/143, Lr: 0.000000077-0.000077401, Loss: 0.529441, Time/step: 840.179547
10/11/2023 08:58:17 - INFO -   Epoch: 4/10, Step: 23/143, Lr: 0.000000077-0.000077309, Loss: 0.492838, Time/step: 9.692271
10/11/2023 08:58:27 - INFO -   Epoch: 4/10, Step: 24/143, Lr: 0.000000077-0.000077217, Loss: 0.412010, Time/step: 9.663732
10/11/2023 08:58:37 - INFO -   Epoch: 4/10, Step: 25/143, Lr: 0.000000077-0.000077124, Loss: 0.430195, Time/step: 10.116609
10/11/2023 09:00:05 - INFO -   Epoch: 4/10, Step: 26/143, Lr: 0.000000077-0.000077032, Loss: 0.479455, Time/step: 88.111665
10/11/2023 09:00:15 - INFO -   Epoch: 4/10, Step: 27/143, Lr: 0.000000077-0.000076940, Loss: 0.261892, Time/step: 9.749052
10/11/2023 09:00:25 - INFO -   Epoch: 4/10, Step: 28/143, Lr: 0.000000077-0.000076847, Loss: 0.515966, Time/step: 10.063343
10/11/2023 09:00:35 - INFO -   Epoch: 4/10, Step: 29/143, Lr: 0.000000077-0.000076754, Loss: 0.509670, Time/step: 10.089072
10/11/2023 09:00:46 - INFO -   Epoch: 4/10, Step: 30/143, Lr: 0.000000077-0.000076661, Loss: 0.401473, Time/step: 10.583138
10/11/2023 09:00:57 - INFO -   Epoch: 4/10, Step: 31/143, Lr: 0.000000077-0.000076568, Loss: 0.804991, Time/step: 11.549124
10/11/2023 09:09:25 - INFO -   Epoch: 4/10, Step: 32/143, Lr: 0.000000076-0.000076475, Loss: 0.305637, Time/step: 507.685482
10/11/2023 10:02:24 - INFO -   Epoch: 4/10, Step: 33/143, Lr: 0.000000076-0.000076382, Loss: 0.392293, Time/step: 3178.555699
10/11/2023 10:02:35 - INFO -   Epoch: 4/10, Step: 34/143, Lr: 0.000000076-0.000076289, Loss: 0.510085, Time/step: 10.780621
10/11/2023 10:02:46 - INFO -   Epoch: 4/10, Step: 35/143, Lr: 0.000000076-0.000076195, Loss: 0.632692, Time/step: 11.316901
10/11/2023 10:02:58 - INFO -   Epoch: 4/10, Step: 36/143, Lr: 0.000000076-0.000076102, Loss: 0.407126, Time/step: 11.649701
10/11/2023 10:03:08 - INFO -   Epoch: 4/10, Step: 37/143, Lr: 0.000000076-0.000076008, Loss: 0.658556, Time/step: 10.761211
10/11/2023 10:12:49 - INFO -   Epoch: 4/10, Step: 38/143, Lr: 0.000000076-0.000075914, Loss: 0.599971, Time/step: 580.393063
10/11/2023 10:24:42 - INFO -   Epoch: 4/10, Step: 39/143, Lr: 0.000000076-0.000075820, Loss: 0.308430, Time/step: 713.261689
10/11/2023 10:36:45 - INFO -   Epoch: 4/10, Step: 40/143, Lr: 0.000000076-0.000075726, Loss: 0.689350, Time/step: 722.711143
10/11/2023 10:36:54 - INFO -   Epoch: 4/10, Step: 41/143, Lr: 0.000000076-0.000075631, Loss: 0.659546, Time/step: 9.502797
10/11/2023 10:37:04 - INFO -   Epoch: 4/10, Step: 42/143, Lr: 0.000000076-0.000075537, Loss: 0.248679, Time/step: 9.919501
10/11/2023 10:37:14 - INFO -   Epoch: 4/10, Step: 43/143, Lr: 0.000000075-0.000075443, Loss: 0.219195, Time/step: 9.928898
10/11/2023 10:37:25 - INFO -   Epoch: 4/10, Step: 44/143, Lr: 0.000000075-0.000075348, Loss: 0.476552, Time/step: 10.295992
10/11/2023 10:37:35 - INFO -   Epoch: 4/10, Step: 45/143, Lr: 0.000000075-0.000075253, Loss: 0.646752, Time/step: 10.043692
10/11/2023 10:37:45 - INFO -   Epoch: 4/10, Step: 46/143, Lr: 0.000000075-0.000075158, Loss: 0.357897, Time/step: 10.426659
10/11/2023 10:37:56 - INFO -   Epoch: 4/10, Step: 47/143, Lr: 0.000000075-0.000075063, Loss: 0.560850, Time/step: 10.394498
10/11/2023 10:38:07 - INFO -   Epoch: 4/10, Step: 48/143, Lr: 0.000000075-0.000074968, Loss: 0.352784, Time/step: 11.065686
10/11/2023 11:15:15 - INFO -   Epoch: 4/10, Step: 49/143, Lr: 0.000000075-0.000074873, Loss: 0.420228, Time/step: 2228.607555
10/11/2023 11:19:59 - INFO -   Epoch: 4/10, Step: 50/143, Lr: 0.000000075-0.000074778, Loss: 0.334356, Time/step: 283.384668
10/11/2023 11:25:58 - INFO -   Epoch: 4/10, Step: 51/143, Lr: 0.000000075-0.000074682, Loss: 0.235051, Time/step: 359.477937
10/11/2023 11:41:23 - INFO -   Epoch: 4/10, Step: 52/143, Lr: 0.000000075-0.000074587, Loss: 0.350416, Time/step: 924.691979
10/11/2023 11:41:34 - INFO -   Epoch: 4/10, Step: 53/143, Lr: 0.000000074-0.000074491, Loss: 0.616829, Time/step: 10.794789
10/11/2023 11:48:39 - INFO -   Epoch: 4/10, Step: 54/143, Lr: 0.000000074-0.000074395, Loss: 0.388565, Time/step: 425.002253
10/11/2023 11:48:50 - INFO -   Epoch: 4/10, Step: 55/143, Lr: 0.000000074-0.000074299, Loss: 0.515674, Time/step: 10.724688
10/11/2023 11:56:50 - INFO -   Epoch: 4/10, Step: 56/143, Lr: 0.000000074-0.000074203, Loss: 0.507373, Time/step: 480.575774
10/11/2023 11:57:01 - INFO -   Epoch: 4/10, Step: 57/143, Lr: 0.000000074-0.000074107, Loss: 0.276065, Time/step: 10.475643
10/11/2023 12:00:47 - INFO -   Epoch: 4/10, Step: 58/143, Lr: 0.000000074-0.000074011, Loss: 0.307910, Time/step: 225.985859
10/11/2023 12:00:57 - INFO -   Epoch: 4/10, Step: 59/143, Lr: 0.000000074-0.000073914, Loss: 0.551272, Time/step: 9.924612
10/11/2023 12:01:07 - INFO -   Epoch: 4/10, Step: 60/143, Lr: 0.000000074-0.000073818, Loss: 0.353376, Time/step: 10.411130
10/11/2023 12:01:19 - INFO -   Epoch: 4/10, Step: 61/143, Lr: 0.000000074-0.000073721, Loss: 0.433466, Time/step: 11.823466
10/11/2023 12:01:29 - INFO -   Epoch: 4/10, Step: 62/143, Lr: 0.000000074-0.000073624, Loss: 0.437205, Time/step: 10.145267
10/11/2023 12:01:40 - INFO -   Epoch: 4/10, Step: 63/143, Lr: 0.000000074-0.000073527, Loss: 0.410067, Time/step: 10.828485
10/11/2023 12:26:44 - INFO -   Epoch: 4/10, Step: 64/143, Lr: 0.000000073-0.000073430, Loss: 0.405780, Time/step: 1503.785250
10/11/2023 12:37:35 - INFO -   Epoch: 4/10, Step: 65/143, Lr: 0.000000073-0.000073333, Loss: 0.420304, Time/step: 650.487257
10/11/2023 13:03:26 - INFO -   Epoch: 4/10, Step: 66/143, Lr: 0.000000073-0.000073236, Loss: 0.466896, Time/step: 1551.708865
10/11/2023 13:03:37 - INFO -   Epoch: 4/10, Step: 67/143, Lr: 0.000000073-0.000073139, Loss: 0.528382, Time/step: 10.687180
10/11/2023 13:03:49 - INFO -   Epoch: 4/10, Step: 68/143, Lr: 0.000000073-0.000073041, Loss: 0.322657, Time/step: 11.460381
10/11/2023 13:11:48 - INFO -   Epoch: 4/10, Step: 69/143, Lr: 0.000000073-0.000072944, Loss: 0.557696, Time/step: 479.066060
10/11/2023 13:15:21 - INFO -   Epoch: 4/10, Step: 70/143, Lr: 0.000000073-0.000072846, Loss: 0.357788, Time/step: 213.504725
10/11/2023 13:15:33 - INFO -   Epoch: 4/10, Step: 71/143, Lr: 0.000000073-0.000072748, Loss: 0.545704, Time/step: 11.454865
10/11/2023 13:15:44 - INFO -   Epoch: 4/10, Step: 72/143, Lr: 0.000000073-0.000072651, Loss: 0.311208, Time/step: 11.328700
10/11/2023 13:15:55 - INFO -   Epoch: 4/10, Step: 73/143, Lr: 0.000000073-0.000072553, Loss: 0.289455, Time/step: 10.965819
10/11/2023 13:20:26 - INFO -   Epoch: 4/10, Step: 74/143, Lr: 0.000000072-0.000072455, Loss: 0.524171, Time/step: 270.387161
10/11/2023 13:35:13 - INFO -   Epoch: 4/10, Step: 75/143, Lr: 0.000000072-0.000072356, Loss: 0.640639, Time/step: 887.063350
10/11/2023 13:35:24 - INFO -   Epoch: 4/10, Step: 76/143, Lr: 0.000000072-0.000072258, Loss: 0.444474, Time/step: 10.981708
10/11/2023 13:35:34 - INFO -   Epoch: 4/10, Step: 77/143, Lr: 0.000000072-0.000072160, Loss: 0.534796, Time/step: 10.483527
10/11/2023 13:35:45 - INFO -   Epoch: 4/10, Step: 78/143, Lr: 0.000000072-0.000072061, Loss: 0.382274, Time/step: 10.875528
10/11/2023 13:35:56 - INFO -   Epoch: 4/10, Step: 79/143, Lr: 0.000000072-0.000071962, Loss: 0.466601, Time/step: 11.256230
10/11/2023 13:55:21 - INFO -   Epoch: 4/10, Step: 80/143, Lr: 0.000000072-0.000071864, Loss: 0.442177, Time/step: 1164.119286
10/11/2023 14:12:54 - INFO -   Epoch: 4/10, Step: 81/143, Lr: 0.000000072-0.000071765, Loss: 0.422642, Time/step: 1053.477831
10/11/2023 14:13:05 - INFO -   Epoch: 4/10, Step: 82/143, Lr: 0.000000072-0.000071666, Loss: 0.629925, Time/step: 10.897170
10/11/2023 14:13:17 - INFO -   Epoch: 4/10, Step: 83/143, Lr: 0.000000072-0.000071567, Loss: 0.447700, Time/step: 11.419997
10/11/2023 14:14:31 - INFO -   Epoch: 4/10, Step: 84/143, Lr: 0.000000071-0.000071468, Loss: 0.345357, Time/step: 74.342928
Traceback (most recent call last):
  File "main_xclip.py", line 555, in <module>
    main()
  File "main_xclip.py", line 529, in main
    tr_loss, global_step = train_epoch(epoch, args, model, train_dataloader, device, n_gpu, optimizer,
  File "main_xclip.py", line 267, in train_epoch
    for step, batch in enumerate(train_dataloader):
  File "/home/wiss/zhang/anaconda3/envs/clip4clip/lib/python3.8/site-packages/torch/utils/data/dataloader.py", line 435, in __next__
    data = self._next_data()
  File "/home/wiss/zhang/anaconda3/envs/clip4clip/lib/python3.8/site-packages/torch/utils/data/dataloader.py", line 1085, in _next_data
    return self._process_data(data)
  File "/home/wiss/zhang/anaconda3/envs/clip4clip/lib/python3.8/site-packages/torch/utils/data/dataloader.py", line 1111, in _process_data
    data.reraise()
  File "/home/wiss/zhang/anaconda3/envs/clip4clip/lib/python3.8/site-packages/torch/_utils.py", line 428, in reraise
    raise self.exc_type(msg)
ZeroDivisionError: Caught ZeroDivisionError in DataLoader worker process 4.
Original Traceback (most recent call last):
  File "/home/wiss/zhang/anaconda3/envs/clip4clip/lib/python3.8/site-packages/torch/utils/data/_utils/worker.py", line 198, in _worker_loop
    data = fetcher.fetch(index)
  File "/home/wiss/zhang/anaconda3/envs/clip4clip/lib/python3.8/site-packages/torch/utils/data/_utils/fetch.py", line 44, in fetch
    data = [self.dataset[idx] for idx in possibly_batched_index]
  File "/home/wiss/zhang/anaconda3/envs/clip4clip/lib/python3.8/site-packages/torch/utils/data/_utils/fetch.py", line 44, in <listcomp>
    data = [self.dataset[idx] for idx in possibly_batched_index]
  File "/home/wiss/zhang/Jinhe/X-CLIP/dataloaders/dataloader_moviegh_retrieval.py", line 188, in __getitem__
    video, video_mask = self._get_rawvideo(choice_video_ids)
  File "/home/wiss/zhang/Jinhe/X-CLIP/dataloaders/dataloader_moviegh_retrieval.py", line 179, in _get_rawvideo
    raise excep
  File "/home/wiss/zhang/Jinhe/X-CLIP/dataloaders/dataloader_moviegh_retrieval.py", line 149, in _get_rawvideo
    raw_video_data = self.rawVideoExtractor.get_video_data(video_path)
  File "/home/wiss/zhang/Jinhe/X-CLIP/dataloaders/rawvideo_util.py", line 85, in get_video_data
    image_input = self.video_to_tensor(video_path, self.transform, sample_fp=self.framerate, start_time=start_time, end_time=end_time)
  File "/home/wiss/zhang/Jinhe/X-CLIP/dataloaders/rawvideo_util.py", line 45, in video_to_tensor
    total_duration = (frameCount + fps - 1) // fps
ZeroDivisionError: integer division or modulo by zero

Traceback (most recent call last):
  File "/home/wiss/zhang/anaconda3/envs/clip4clip/lib/python3.8/runpy.py", line 194, in _run_module_as_main
    return _run_code(code, main_globals, None,
  File "/home/wiss/zhang/anaconda3/envs/clip4clip/lib/python3.8/runpy.py", line 87, in _run_code
    exec(code, run_globals)
  File "/home/wiss/zhang/anaconda3/envs/clip4clip/lib/python3.8/site-packages/torch/distributed/launch.py", line 260, in <module>
    main()
  File "/home/wiss/zhang/anaconda3/envs/clip4clip/lib/python3.8/site-packages/torch/distributed/launch.py", line 255, in main
    raise subprocess.CalledProcessError(returncode=process.returncode,
subprocess.CalledProcessError: Command '['/home/wiss/zhang/anaconda3/envs/clip4clip/bin/python', '-u', 'main_xclip.py', '--local_rank=1', '--do_train', '--num_thread_reader=16', '--epochs=10', '--batch_size=64', '--n_display=1', '--data_path', '/home/wiss/zhang/Jinhe/video-attr-prober/Data/AnetQA/', '--features_path', '/home/wiss/zhang/nfs/Anet-compressed', '--output_dir', '/home/wiss/zhang/nfs/video_prober/xclip/anet_train3_seed3', '--lr', '1e-4', '--max_words', '60', '--max_frames', '12', '--batch_size_val', '64', '--datatype', 'moviegraph', '--feature_framerate', '1', '--coef_lr', '1e-3', '--freeze_layer_num', '0', '--slice_framepos', '2', '--loose_type', '--linear_patch', '2d', '--sim_header', 'seqTransf', '--pretrained_clip_name', 'ViT-B/32', '--manipulation', 'anet_train3_seed3', '--scale', '0', '--dataset_ckpt', 'anet_train3_seed3', '--train_file', 'train_3.csv', '--val_file', 'temporal_contact_swap.csv', '--test_file', 'temporal_contact_swap.csv', '--seed', '3']' returned non-zero exit status 1.
