worker-7
/home/wiss/zhang/anaconda3/envs/clip4clip/bin/python3
Thu Oct 12 22:38:52 2023       
+-----------------------------------------------------------------------------+
| NVIDIA-SMI 470.161.03   Driver Version: 470.161.03   CUDA Version: 11.4     |
|-------------------------------+----------------------+----------------------+
| GPU  Name        Persistence-M| Bus-Id        Disp.A | Volatile Uncorr. ECC |
| Fan  Temp  Perf  Pwr:Usage/Cap|         Memory-Usage | GPU-Util  Compute M. |
|                               |                      |               MIG M. |
|===============================+======================+======================|
|   0  NVIDIA A40          Off  | 00000000:45:00.0 Off |                    0 |
|  0%   36C    P0    75W / 300W |      0MiB / 45634MiB |      0%      Default |
|                               |                      |                  N/A |
+-------------------------------+----------------------+----------------------+
|   1  NVIDIA A40          Off  | 00000000:46:00.0 Off |                    0 |
|  0%   35C    P0    75W / 300W |      0MiB / 45634MiB |      1%      Default |
|                               |                      |                  N/A |
+-------------------------------+----------------------+----------------------+
                                                                               
+-----------------------------------------------------------------------------+
| Processes:                                                                  |
|  GPU   GI   CI        PID   Type   Process name                  GPU Memory |
|        ID   ID                                                   Usage      |
|=============================================================================|
|  No running processes found                                                 |
+-----------------------------------------------------------------------------+
/home/wiss/zhang/anaconda3/envs/clip4clip/bin/python
0/31/32/30/31/32/3Video ids: ['v_dG_jxrIaK6w']
Video ids: ['v_EE2nFMHRacg']
Video ids: ['v_x2DTmwZa8yE']
Video ids: ['v_ui7LIgAF8-E']
Video ids: ['v_--veKG73Di4']
*****************************************
Setting OMP_NUM_THREADS environment variable for each process to be 1 in default, to avoid your system being overloaded, please further tune the variable for optimal performance in your application as needed. 
*****************************************
