worker-7
/home/wiss/zhang/anaconda3/envs/clip4clip/bin/python3
Mon Oct  9 11:40:26 2023       
+-----------------------------------------------------------------------------+
| NVIDIA-SMI 470.161.03   Driver Version: 470.161.03   CUDA Version: 11.4     |
|-------------------------------+----------------------+----------------------+
| GPU  Name        Persistence-M| Bus-Id        Disp.A | Volatile Uncorr. ECC |
| Fan  Temp  Perf  Pwr:Usage/Cap|         Memory-Usage | GPU-Util  Compute M. |
|                               |                      |               MIG M. |
|===============================+======================+======================|
|   0  NVIDIA A40          Off  | 00000000:06:00.0 Off |                    0 |
|  0%   32C    P0    73W / 300W |      0MiB / 45634MiB |      0%      Default |
|                               |                      |                  N/A |
+-------------------------------+----------------------+----------------------+
|   1  NVIDIA A40          Off  | 00000000:45:00.0 Off |                    0 |
|  0%   32C    P0    68W / 300W |      0MiB / 45634MiB |      1%      Default |
|                               |                      |                  N/A |
+-------------------------------+----------------------+----------------------+
                                                                               
+-----------------------------------------------------------------------------+
| Processes:                                                                  |
|  GPU   GI   CI        PID   Type   Process name                  GPU Memory |
|        ID   ID                                                   Usage      |
|=============================================================================|
|  No running processes found                                                 |
+-----------------------------------------------------------------------------+
/home/wiss/zhang/anaconda3/envs/clip4clip/bin/python
0/31/32/30/31/32/30/31/32/3Video ids: ['v_ofrX4WyAM-0']
Video ids: ['v_M_OPqcaCDYI']
Video ids: ['v_8l7SuE4_lCk']
Video ids: ['v_Y-UOZRZ01hI']
Video ids: ['v_ykdPTjsmfgY']
Video ids: ['v_c1T9LbXOVUs']
Video ids: ['v_PRLlYhneNMk']
Video ids: ['v_YAWoigyJ9sA']
Video ids: ['v_KsKUIIHiMg0']
Video ids: ['v_deLpSUF1wio']
*****************************************
Setting OMP_NUM_THREADS environment variable for each process to be 1 in default, to avoid your system being overloaded, please further tune the variable for optimal performance in your application as needed. 
*****************************************
