worker-3
/home/wiss/zhang/anaconda3/envs/clip4clip/bin/python3
Thu Oct 12 21:42:13 2023       
+-----------------------------------------------------------------------------+
| NVIDIA-SMI 515.65.01    Driver Version: 515.65.01    CUDA Version: 11.7     |
|-------------------------------+----------------------+----------------------+
| GPU  Name        Persistence-M| Bus-Id        Disp.A | Volatile Uncorr. ECC |
| Fan  Temp  Perf  Pwr:Usage/Cap|         Memory-Usage | GPU-Util  Compute M. |
|                               |                      |               MIG M. |
|===============================+======================+======================|
|   0  NVIDIA GeForce ...  Off  | 00000000:40:00.0 Off |                  N/A |
| 58%   48C    P8    31W / 350W |      0MiB / 24576MiB |      0%      Default |
|                               |                      |                  N/A |
+-------------------------------+----------------------+----------------------+
|   1  NVIDIA GeForce ...  Off  | 00000000:DB:00.0 Off |                  N/A |
| 60%   50C    P8    21W / 350W |      0MiB / 24576MiB |      0%      Default |
|                               |                      |                  N/A |
+-------------------------------+----------------------+----------------------+
                                                                               
+-----------------------------------------------------------------------------+
| Processes:                                                                  |
|  GPU   GI   CI        PID   Type   Process name                  GPU Memory |
|        ID   ID                                                   Usage      |
|=============================================================================|
|  No running processes found                                                 |
+-----------------------------------------------------------------------------+
/home/wiss/zhang/anaconda3/envs/clip4clip/bin/python
0/31/32/30/31/32/3Video ids: ['v_zQ4HbFGX7t0']
Video ids: ['v_O2vrVwjqktg']
Video ids: ['v_7NMds32-lMc']
Video ids: ['v_-K_cgWfJxiU']
*****************************************
Setting OMP_NUM_THREADS environment variable for each process to be 1 in default, to avoid your system being overloaded, please further tune the variable for optimal performance in your application as needed. 
*****************************************
