10/09/2023 17:00:55 - INFO -   Effective parameters:
10/09/2023 17:00:55 - INFO -     <<< batch_size: 64
10/09/2023 17:00:55 - INFO -     <<< batch_size_val: 64
10/09/2023 17:00:55 - INFO -     <<< cache_dir: 
10/09/2023 17:00:55 - INFO -     <<< coef_lr: 0.001
10/09/2023 17:00:55 - INFO -     <<< cross_model: cross-base
10/09/2023 17:00:55 - INFO -     <<< cross_num_hidden_layers: 4
10/09/2023 17:00:55 - INFO -     <<< data_path: /home/wiss/zhang/Jinhe/video-attr-prober/Data/AnetQA/
10/09/2023 17:00:55 - INFO -     <<< dataset_ckpt: anet_train2_seed2
10/09/2023 17:00:55 - INFO -     <<< datatype: moviegraph
10/09/2023 17:00:55 - INFO -     <<< do_eval: False
10/09/2023 17:00:55 - INFO -     <<< do_lower_case: False
10/09/2023 17:00:55 - INFO -     <<< do_pretrain: False
10/09/2023 17:00:55 - INFO -     <<< do_train: True
10/09/2023 17:00:55 - INFO -     <<< epochs: 10
10/09/2023 17:00:55 - INFO -     <<< eval_frame_order: 0
10/09/2023 17:00:55 - INFO -     <<< expand_msrvtt_sentences: False
10/09/2023 17:00:55 - INFO -     <<< feature_framerate: 1
10/09/2023 17:00:55 - INFO -     <<< features_path: /home/wiss/zhang/nfs/Anet-compressed
10/09/2023 17:00:55 - INFO -     <<< fp16: False
10/09/2023 17:00:55 - INFO -     <<< fp16_opt_level: O1
10/09/2023 17:00:55 - INFO -     <<< freeze_layer_num: 0
10/09/2023 17:00:55 - INFO -     <<< gradient_accumulation_steps: 1
10/09/2023 17:00:55 - INFO -     <<< hard_negative_rate: 0.5
10/09/2023 17:00:55 - INFO -     <<< init_model: None
10/09/2023 17:00:55 - INFO -     <<< linear_patch: 2d
10/09/2023 17:00:55 - INFO -     <<< local_rank: 0
10/09/2023 17:00:55 - INFO -     <<< loose_type: True
10/09/2023 17:00:55 - INFO -     <<< lr: 0.0001
10/09/2023 17:00:55 - INFO -     <<< lr_decay: 0.9
10/09/2023 17:00:55 - INFO -     <<< manipulation: anet_train2_seed2
10/09/2023 17:00:55 - INFO -     <<< margin: 0.1
10/09/2023 17:00:55 - INFO -     <<< max_frames: 12
10/09/2023 17:00:55 - INFO -     <<< max_words: 60
10/09/2023 17:00:55 - INFO -     <<< n_display: 1
10/09/2023 17:00:55 - INFO -     <<< n_gpu: 1
10/09/2023 17:00:55 - INFO -     <<< n_pair: 1
10/09/2023 17:00:55 - INFO -     <<< negative_weighting: 1
10/09/2023 17:00:55 - INFO -     <<< num_thread_reader: 16
10/09/2023 17:00:55 - INFO -     <<< output_dir: /home/wiss/zhang/nfs/video_prober/xclip/anet_train2_seed2
10/09/2023 17:00:55 - INFO -     <<< pretrained_clip_name: ViT-B/32
10/09/2023 17:00:55 - INFO -     <<< rank: 0
10/09/2023 17:00:55 - INFO -     <<< resume_model: None
10/09/2023 17:00:55 - INFO -     <<< sampled_use_mil: False
10/09/2023 17:00:55 - INFO -     <<< scale: 0
10/09/2023 17:00:55 - INFO -     <<< seed: 2
10/09/2023 17:00:55 - INFO -     <<< sim_header: seqTransf
10/09/2023 17:00:55 - INFO -     <<< slice_framepos: 2
10/09/2023 17:00:55 - INFO -     <<< task_type: retrieval
10/09/2023 17:00:55 - INFO -     <<< test_file: temporal_contact_swap.csv
10/09/2023 17:00:55 - INFO -     <<< text_num_hidden_layers: 12
10/09/2023 17:00:55 - INFO -     <<< train_csv: data/.train.csv
10/09/2023 17:00:55 - INFO -     <<< train_file: train_2.csv
10/09/2023 17:00:55 - INFO -     <<< train_frame_order: 0
10/09/2023 17:00:55 - INFO -     <<< use_mil: False
10/09/2023 17:00:55 - INFO -     <<< val_csv: data/.val.csv
10/09/2023 17:00:55 - INFO -     <<< val_file: temporal_contact_swap.csv
10/09/2023 17:00:55 - INFO -     <<< video_dim: 1024
10/09/2023 17:00:55 - INFO -     <<< visual_num_hidden_layers: 12
10/09/2023 17:00:55 - INFO -     <<< warmup_proportion: 0.1
10/09/2023 17:00:55 - INFO -     <<< world_size: 2
10/09/2023 17:00:55 - INFO -   device: cuda:0 n_gpu: 2
10/09/2023 17:00:55 - INFO -   device: cuda:1 n_gpu: 2
10/09/2023 17:00:58 - INFO -   loading archive file /home/wiss/zhang/Jinhe/X-CLIP/modules/cross-base
10/09/2023 17:00:58 - INFO -   Model config {
  "attention_probs_dropout_prob": 0.1,
  "hidden_act": "gelu",
  "hidden_dropout_prob": 0.1,
  "hidden_size": 512,
  "initializer_range": 0.02,
  "intermediate_size": 2048,
  "max_position_embeddings": 128,
  "num_attention_heads": 8,
  "num_hidden_layers": 4,
  "type_vocab_size": 2,
  "vocab_size": 512
}

10/09/2023 17:00:58 - INFO -   Weight doesn't exsits. /home/wiss/zhang/Jinhe/X-CLIP/modules/cross-base/cross_pytorch_model.bin
10/09/2023 17:00:58 - WARNING -   Stage-One:True, Stage-Two:False
10/09/2023 17:00:58 - WARNING -   Test retrieval by loose type.
10/09/2023 17:00:58 - WARNING -   	 embed_dim: 512
10/09/2023 17:00:58 - WARNING -   	 image_resolution: 224
10/09/2023 17:00:58 - WARNING -   	 vision_layers: 12
10/09/2023 17:00:58 - WARNING -   	 vision_width: 768
10/09/2023 17:00:58 - WARNING -   	 vision_patch_size: 32
10/09/2023 17:00:58 - WARNING -   	 context_length: 77
10/09/2023 17:00:58 - WARNING -   	 vocab_size: 49408
10/09/2023 17:00:58 - WARNING -   	 transformer_width: 512
10/09/2023 17:00:58 - WARNING -   	 transformer_heads: 8
10/09/2023 17:00:58 - WARNING -   	 transformer_layers: 12
10/09/2023 17:00:58 - WARNING -   		 linear_patch: 2d
10/09/2023 17:00:58 - WARNING -   	 cut_top_layer: 0
10/09/2023 17:01:01 - WARNING -   	 sim_header: seqTransf
10/09/2023 17:01:14 - INFO -   --------------------
10/09/2023 17:01:14 - INFO -   Weights of XCLIP not initialized from pretrained model: 
   global_mat_weight
   word_logit_weight
   frame_logit_weight
   local_mat_weight
   frame_mat_weight
   word_mat_weight
   frame_mat_weight2
   word_mat_weight2
10/09/2023 17:01:14 - INFO -   Weights from pretrained model not used in XCLIP: 
   clip.input_resolution
   clip.context_length
   clip.vocab_size
10/09/2023 17:01:16 - INFO -   ***** Running test *****
10/09/2023 17:01:16 - INFO -     Num examples = 184
10/09/2023 17:01:16 - INFO -     Batch size = 64
10/09/2023 17:01:16 - INFO -     Num steps = 3
10/09/2023 17:01:16 - INFO -   ***** Running val *****
10/09/2023 17:01:16 - INFO -     Num examples = 184
10/09/2023 17:01:21 - INFO -   ***** Running training *****
10/09/2023 17:01:21 - INFO -     Num examples = 9155
10/09/2023 17:01:21 - INFO -     Batch size = 64
10/09/2023 17:01:21 - INFO -     Num steps = 1430
10/09/2023 18:26:14 - INFO -   Epoch: 1/10, Step: 1/143, Lr: 0.000000001-0.000000699, Loss: 2.478895, Time/step: 5092.763762
10/09/2023 18:34:35 - INFO -   Epoch: 1/10, Step: 2/143, Lr: 0.000000001-0.000001399, Loss: 2.831888, Time/step: 500.668424
10/09/2023 18:34:45 - INFO -   Epoch: 1/10, Step: 3/143, Lr: 0.000000002-0.000002098, Loss: 3.106278, Time/step: 10.784242
10/09/2023 18:34:57 - INFO -   Epoch: 1/10, Step: 4/143, Lr: 0.000000003-0.000002797, Loss: 2.760799, Time/step: 11.130039
10/09/2023 18:58:33 - INFO -   Epoch: 1/10, Step: 5/143, Lr: 0.000000003-0.000003497, Loss: 3.417162, Time/step: 1416.088682
10/09/2023 18:58:44 - INFO -   Epoch: 1/10, Step: 6/143, Lr: 0.000000004-0.000004196, Loss: 3.010010, Time/step: 10.950226
10/09/2023 18:58:55 - INFO -   Epoch: 1/10, Step: 7/143, Lr: 0.000000005-0.000004895, Loss: 2.813745, Time/step: 10.839320
10/09/2023 18:59:06 - INFO -   Epoch: 1/10, Step: 8/143, Lr: 0.000000006-0.000005594, Loss: 2.365506, Time/step: 10.991850
10/09/2023 18:59:17 - INFO -   Epoch: 1/10, Step: 9/143, Lr: 0.000000006-0.000006294, Loss: 3.176242, Time/step: 11.294437
10/09/2023 18:59:27 - INFO -   Epoch: 1/10, Step: 10/143, Lr: 0.000000007-0.000006993, Loss: 2.952198, Time/step: 10.460543
10/09/2023 18:59:38 - INFO -   Epoch: 1/10, Step: 11/143, Lr: 0.000000008-0.000007692, Loss: 2.704947, Time/step: 11.113683
10/09/2023 18:59:49 - INFO -   Epoch: 1/10, Step: 12/143, Lr: 0.000000008-0.000008392, Loss: 3.134674, Time/step: 10.396297
10/09/2023 19:00:01 - INFO -   Epoch: 1/10, Step: 13/143, Lr: 0.000000009-0.000009091, Loss: 2.676090, Time/step: 11.983560
10/09/2023 19:00:11 - INFO -   Epoch: 1/10, Step: 14/143, Lr: 0.000000010-0.000009790, Loss: 2.978516, Time/step: 10.437323
10/09/2023 19:00:21 - INFO -   Epoch: 1/10, Step: 15/143, Lr: 0.000000010-0.000010490, Loss: 2.536197, Time/step: 10.022722
10/09/2023 19:00:33 - INFO -   Epoch: 1/10, Step: 16/143, Lr: 0.000000011-0.000011189, Loss: 2.513342, Time/step: 11.414667
10/09/2023 20:16:49 - INFO -   Epoch: 1/10, Step: 17/143, Lr: 0.000000012-0.000011888, Loss: 2.772990, Time/step: 4575.863310
10/09/2023 20:18:24 - INFO -   Epoch: 1/10, Step: 18/143, Lr: 0.000000013-0.000012587, Loss: 2.270322, Time/step: 94.986887
10/09/2023 20:18:35 - INFO -   Epoch: 1/10, Step: 19/143, Lr: 0.000000013-0.000013287, Loss: 2.333681, Time/step: 11.432262
10/09/2023 20:18:46 - INFO -   Epoch: 1/10, Step: 20/143, Lr: 0.000000014-0.000013986, Loss: 2.617729, Time/step: 10.757860
10/09/2023 20:26:00 - INFO -   Epoch: 1/10, Step: 21/143, Lr: 0.000000015-0.000014685, Loss: 2.275729, Time/step: 433.701592
10/09/2023 20:26:10 - INFO -   Epoch: 1/10, Step: 22/143, Lr: 0.000000015-0.000015385, Loss: 2.516310, Time/step: 10.169762
10/09/2023 20:26:20 - INFO -   Epoch: 1/10, Step: 23/143, Lr: 0.000000016-0.000016084, Loss: 2.693205, Time/step: 10.272715
10/09/2023 20:26:31 - INFO -   Epoch: 1/10, Step: 24/143, Lr: 0.000000017-0.000016783, Loss: 2.851774, Time/step: 10.546948
10/09/2023 20:26:42 - INFO -   Epoch: 1/10, Step: 25/143, Lr: 0.000000017-0.000017483, Loss: 2.540248, Time/step: 11.063700
10/09/2023 20:26:52 - INFO -   Epoch: 1/10, Step: 26/143, Lr: 0.000000018-0.000018182, Loss: 2.247642, Time/step: 10.254360
10/09/2023 20:27:03 - INFO -   Epoch: 1/10, Step: 27/143, Lr: 0.000000019-0.000018881, Loss: 2.456418, Time/step: 11.293952
10/09/2023 20:31:12 - INFO -   Epoch: 1/10, Step: 28/143, Lr: 0.000000020-0.000019580, Loss: 2.383483, Time/step: 248.315392
10/09/2023 20:31:22 - INFO -   Epoch: 1/10, Step: 29/143, Lr: 0.000000020-0.000020280, Loss: 2.704064, Time/step: 10.609461
10/09/2023 20:31:33 - INFO -   Epoch: 1/10, Step: 30/143, Lr: 0.000000021-0.000020979, Loss: 2.461148, Time/step: 10.548428
10/09/2023 20:31:43 - INFO -   Epoch: 1/10, Step: 31/143, Lr: 0.000000022-0.000021678, Loss: 2.480777, Time/step: 10.236496
10/09/2023 20:31:55 - INFO -   Epoch: 1/10, Step: 32/143, Lr: 0.000000022-0.000022378, Loss: 2.198692, Time/step: 11.614001
10/09/2023 22:11:23 - INFO -   Epoch: 1/10, Step: 33/143, Lr: 0.000000023-0.000023077, Loss: 2.105241, Time/step: 5968.660017
10/09/2023 22:11:34 - INFO -   Epoch: 1/10, Step: 34/143, Lr: 0.000000024-0.000023776, Loss: 2.451610, Time/step: 10.311763
10/09/2023 22:11:44 - INFO -   Epoch: 1/10, Step: 35/143, Lr: 0.000000024-0.000024476, Loss: 1.871579, Time/step: 9.873142
10/09/2023 22:11:54 - INFO -   Epoch: 1/10, Step: 36/143, Lr: 0.000000025-0.000025175, Loss: 2.738281, Time/step: 10.516798
10/09/2023 22:12:04 - INFO -   Epoch: 1/10, Step: 37/143, Lr: 0.000000026-0.000025874, Loss: 2.152994, Time/step: 10.102161
10/09/2023 22:12:15 - INFO -   Epoch: 1/10, Step: 38/143, Lr: 0.000000027-0.000026573, Loss: 2.241313, Time/step: 10.664999
10/09/2023 22:12:25 - INFO -   Epoch: 1/10, Step: 39/143, Lr: 0.000000027-0.000027273, Loss: 2.201218, Time/step: 9.933419
10/09/2023 22:12:36 - INFO -   Epoch: 1/10, Step: 40/143, Lr: 0.000000028-0.000027972, Loss: 2.485329, Time/step: 10.841501
10/09/2023 22:12:46 - INFO -   Epoch: 1/10, Step: 41/143, Lr: 0.000000029-0.000028671, Loss: 2.414405, Time/step: 10.199849
10/09/2023 22:12:56 - INFO -   Epoch: 1/10, Step: 42/143, Lr: 0.000000029-0.000029371, Loss: 2.012066, Time/step: 9.768650
10/09/2023 22:13:06 - INFO -   Epoch: 1/10, Step: 43/143, Lr: 0.000000030-0.000030070, Loss: 1.952985, Time/step: 9.777832
10/09/2023 22:13:16 - INFO -   Epoch: 1/10, Step: 44/143, Lr: 0.000000031-0.000030769, Loss: 2.039474, Time/step: 10.721852
10/09/2023 22:13:26 - INFO -   Epoch: 1/10, Step: 45/143, Lr: 0.000000031-0.000031469, Loss: 1.886835, Time/step: 9.824981
10/09/2023 22:13:37 - INFO -   Epoch: 1/10, Step: 46/143, Lr: 0.000000032-0.000032168, Loss: 1.817347, Time/step: 10.735275
10/09/2023 22:13:47 - INFO -   Epoch: 1/10, Step: 47/143, Lr: 0.000000033-0.000032867, Loss: 1.639160, Time/step: 9.976803
10/09/2023 22:13:58 - INFO -   Epoch: 1/10, Step: 48/143, Lr: 0.000000034-0.000033566, Loss: 2.042321, Time/step: 11.347408
10/09/2023 23:51:06 - INFO -   Epoch: 1/10, Step: 49/143, Lr: 0.000000034-0.000034266, Loss: 2.033559, Time/step: 5827.783384
10/09/2023 23:51:15 - INFO -   Epoch: 1/10, Step: 50/143, Lr: 0.000000035-0.000034965, Loss: 2.258246, Time/step: 8.802938
10/09/2023 23:51:24 - INFO -   Epoch: 1/10, Step: 51/143, Lr: 0.000000036-0.000035664, Loss: 2.118668, Time/step: 8.745441
10/09/2023 23:51:33 - INFO -   Epoch: 1/10, Step: 52/143, Lr: 0.000000036-0.000036364, Loss: 2.206752, Time/step: 8.929524
10/09/2023 23:51:42 - INFO -   Epoch: 1/10, Step: 53/143, Lr: 0.000000037-0.000037063, Loss: 2.177433, Time/step: 9.121608
10/09/2023 23:51:50 - INFO -   Epoch: 1/10, Step: 54/143, Lr: 0.000000038-0.000037762, Loss: 2.214820, Time/step: 8.807353
10/09/2023 23:52:00 - INFO -   Epoch: 1/10, Step: 55/143, Lr: 0.000000038-0.000038462, Loss: 2.085230, Time/step: 9.254626
10/09/2023 23:52:10 - INFO -   Epoch: 1/10, Step: 56/143, Lr: 0.000000039-0.000039161, Loss: 2.254107, Time/step: 9.867141
10/09/2023 23:52:19 - INFO -   Epoch: 1/10, Step: 57/143, Lr: 0.000000040-0.000039860, Loss: 2.266669, Time/step: 9.204575
10/09/2023 23:52:29 - INFO -   Epoch: 1/10, Step: 58/143, Lr: 0.000000041-0.000040559, Loss: 2.249824, Time/step: 10.170941
10/09/2023 23:52:38 - INFO -   Epoch: 1/10, Step: 59/143, Lr: 0.000000041-0.000041259, Loss: 2.226618, Time/step: 9.389305
10/09/2023 23:52:49 - INFO -   Epoch: 1/10, Step: 60/143, Lr: 0.000000042-0.000041958, Loss: 1.914649, Time/step: 11.017841
10/09/2023 23:52:59 - INFO -   Epoch: 1/10, Step: 61/143, Lr: 0.000000043-0.000042657, Loss: 2.063465, Time/step: 9.229926
10/09/2023 23:53:10 - INFO -   Epoch: 1/10, Step: 62/143, Lr: 0.000000043-0.000043357, Loss: 1.737311, Time/step: 10.982446
10/09/2023 23:53:20 - INFO -   Epoch: 1/10, Step: 63/143, Lr: 0.000000044-0.000044056, Loss: 1.967296, Time/step: 10.626640
10/09/2023 23:53:31 - INFO -   Epoch: 1/10, Step: 64/143, Lr: 0.000000045-0.000044755, Loss: 2.074530, Time/step: 10.975887
10/10/2023 01:20:03 - INFO -   Epoch: 1/10, Step: 65/143, Lr: 0.000000045-0.000045455, Loss: 2.155123, Time/step: 5191.533263
10/10/2023 01:20:12 - INFO -   Epoch: 1/10, Step: 66/143, Lr: 0.000000046-0.000046154, Loss: 1.877013, Time/step: 9.559284
10/10/2023 01:20:22 - INFO -   Epoch: 1/10, Step: 67/143, Lr: 0.000000047-0.000046853, Loss: 1.736465, Time/step: 9.397938
10/10/2023 01:20:32 - INFO -   Epoch: 1/10, Step: 68/143, Lr: 0.000000048-0.000047552, Loss: 2.117157, Time/step: 9.887747
10/10/2023 01:20:42 - INFO -   Epoch: 1/10, Step: 69/143, Lr: 0.000000048-0.000048252, Loss: 1.670410, Time/step: 10.247221
10/10/2023 01:20:52 - INFO -   Epoch: 1/10, Step: 70/143, Lr: 0.000000049-0.000048951, Loss: 1.925303, Time/step: 10.180013
10/10/2023 01:21:02 - INFO -   Epoch: 1/10, Step: 71/143, Lr: 0.000000050-0.000049650, Loss: 1.889860, Time/step: 10.387526
10/10/2023 01:21:13 - INFO -   Epoch: 1/10, Step: 72/143, Lr: 0.000000050-0.000050350, Loss: 2.124441, Time/step: 11.019467
10/10/2023 01:21:24 - INFO -   Epoch: 1/10, Step: 73/143, Lr: 0.000000051-0.000051049, Loss: 1.733699, Time/step: 10.488570
10/10/2023 01:21:34 - INFO -   Epoch: 1/10, Step: 74/143, Lr: 0.000000052-0.000051748, Loss: 2.112249, Time/step: 10.247597
10/10/2023 01:21:44 - INFO -   Epoch: 1/10, Step: 75/143, Lr: 0.000000052-0.000052448, Loss: 1.578108, Time/step: 10.178535
10/10/2023 01:21:55 - INFO -   Epoch: 1/10, Step: 76/143, Lr: 0.000000053-0.000053147, Loss: 1.818818, Time/step: 10.971429
10/10/2023 01:22:05 - INFO -   Epoch: 1/10, Step: 77/143, Lr: 0.000000054-0.000053846, Loss: 1.575016, Time/step: 10.013481
10/10/2023 01:22:16 - INFO -   Epoch: 1/10, Step: 78/143, Lr: 0.000000055-0.000054545, Loss: 2.155746, Time/step: 10.803178
10/10/2023 01:22:28 - INFO -   Epoch: 1/10, Step: 79/143, Lr: 0.000000055-0.000055245, Loss: 2.055633, Time/step: 12.155091
10/10/2023 01:22:39 - INFO -   Epoch: 1/10, Step: 80/143, Lr: 0.000000056-0.000055944, Loss: 1.882277, Time/step: 10.390901
10/10/2023 02:56:26 - INFO -   Epoch: 1/10, Step: 81/143, Lr: 0.000000057-0.000056643, Loss: 2.217546, Time/step: 5626.983939
10/10/2023 02:56:36 - INFO -   Epoch: 1/10, Step: 82/143, Lr: 0.000000057-0.000057343, Loss: 2.040161, Time/step: 10.399446
10/10/2023 02:56:46 - INFO -   Epoch: 1/10, Step: 83/143, Lr: 0.000000058-0.000058042, Loss: 1.872870, Time/step: 9.941987
10/10/2023 02:56:57 - INFO -   Epoch: 1/10, Step: 84/143, Lr: 0.000000059-0.000058741, Loss: 1.737171, Time/step: 10.679551
10/10/2023 02:57:07 - INFO -   Epoch: 1/10, Step: 85/143, Lr: 0.000000059-0.000059441, Loss: 1.862982, Time/step: 10.190051
10/10/2023 02:57:18 - INFO -   Epoch: 1/10, Step: 86/143, Lr: 0.000000060-0.000060140, Loss: 1.755353, Time/step: 10.940162
10/10/2023 02:57:28 - INFO -   Epoch: 1/10, Step: 87/143, Lr: 0.000000061-0.000060839, Loss: 1.551844, Time/step: 9.952070
10/10/2023 02:57:39 - INFO -   Epoch: 1/10, Step: 88/143, Lr: 0.000000062-0.000061538, Loss: 1.960538, Time/step: 10.976654
10/10/2023 02:57:49 - INFO -   Epoch: 1/10, Step: 89/143, Lr: 0.000000062-0.000062238, Loss: 1.943605, Time/step: 10.174358
10/10/2023 02:58:00 - INFO -   Epoch: 1/10, Step: 90/143, Lr: 0.000000063-0.000062937, Loss: 1.773933, Time/step: 10.614633
10/10/2023 02:58:11 - INFO -   Epoch: 1/10, Step: 91/143, Lr: 0.000000064-0.000063636, Loss: 2.133650, Time/step: 10.876302
10/10/2023 02:58:21 - INFO -   Epoch: 1/10, Step: 92/143, Lr: 0.000000064-0.000064336, Loss: 1.636690, Time/step: 10.545288
10/10/2023 02:58:31 - INFO -   Epoch: 1/10, Step: 93/143, Lr: 0.000000065-0.000065035, Loss: 1.831916, Time/step: 10.003306
10/10/2023 02:58:43 - INFO -   Epoch: 1/10, Step: 94/143, Lr: 0.000000066-0.000065734, Loss: 2.467440, Time/step: 11.167250
10/10/2023 02:58:53 - INFO -   Epoch: 1/10, Step: 95/143, Lr: 0.000000066-0.000066434, Loss: 1.862111, Time/step: 10.535851
10/10/2023 02:59:05 - INFO -   Epoch: 1/10, Step: 96/143, Lr: 0.000000067-0.000067133, Loss: 2.083097, Time/step: 11.367957
10/10/2023 04:04:19 - INFO -   Epoch: 1/10, Step: 97/143, Lr: 0.000000068-0.000067832, Loss: 1.894356, Time/step: 3914.350442
10/10/2023 04:04:30 - INFO -   Epoch: 1/10, Step: 98/143, Lr: 0.000000069-0.000068531, Loss: 1.990354, Time/step: 11.255931
10/10/2023 04:04:41 - INFO -   Epoch: 1/10, Step: 99/143, Lr: 0.000000069-0.000069231, Loss: 1.660969, Time/step: 10.298398
10/10/2023 04:04:53 - INFO -   Epoch: 1/10, Step: 100/143, Lr: 0.000000070-0.000069930, Loss: 1.346619, Time/step: 11.951568
10/10/2023 04:05:03 - INFO -   Epoch: 1/10, Step: 101/143, Lr: 0.000000071-0.000070629, Loss: 2.048122, Time/step: 10.371230
10/10/2023 04:16:42 - INFO -   Epoch: 1/10, Step: 102/143, Lr: 0.000000071-0.000071329, Loss: 1.685158, Time/step: 699.209651
10/10/2023 04:16:53 - INFO -   Epoch: 1/10, Step: 103/143, Lr: 0.000000072-0.000072028, Loss: 1.454830, Time/step: 10.989931
10/10/2023 04:17:04 - INFO -   Epoch: 1/10, Step: 104/143, Lr: 0.000000073-0.000072727, Loss: 1.526479, Time/step: 10.694660
10/10/2023 04:17:15 - INFO -   Epoch: 1/10, Step: 105/143, Lr: 0.000000073-0.000073427, Loss: 2.020217, Time/step: 10.720840
10/10/2023 04:18:11 - INFO -   Epoch: 1/10, Step: 106/143, Lr: 0.000000074-0.000074126, Loss: 2.063440, Time/step: 55.959939
10/10/2023 04:18:21 - INFO -   Epoch: 1/10, Step: 107/143, Lr: 0.000000075-0.000074825, Loss: 1.977926, Time/step: 10.020819
10/10/2023 04:43:17 - INFO -   Epoch: 1/10, Step: 108/143, Lr: 0.000000076-0.000075524, Loss: 2.017616, Time/step: 1496.315433
10/10/2023 04:43:27 - INFO -   Epoch: 1/10, Step: 109/143, Lr: 0.000000076-0.000076224, Loss: 1.971873, Time/step: 9.822758
10/10/2023 04:43:37 - INFO -   Epoch: 1/10, Step: 110/143, Lr: 0.000000077-0.000076923, Loss: 1.618684, Time/step: 10.307436
10/10/2023 04:43:48 - INFO -   Epoch: 1/10, Step: 111/143, Lr: 0.000000078-0.000077622, Loss: 1.895528, Time/step: 10.977364
10/10/2023 04:44:00 - INFO -   Epoch: 1/10, Step: 112/143, Lr: 0.000000078-0.000078322, Loss: 1.815265, Time/step: 11.578658
10/10/2023 05:11:11 - INFO -   Epoch: 1/10, Step: 113/143, Lr: 0.000000079-0.000079021, Loss: 1.958337, Time/step: 1631.497369
10/10/2023 05:26:04 - INFO -   Epoch: 1/10, Step: 114/143, Lr: 0.000000080-0.000079720, Loss: 1.858848, Time/step: 892.408485
10/10/2023 05:26:14 - INFO -   Epoch: 1/10, Step: 115/143, Lr: 0.000000080-0.000080420, Loss: 1.734536, Time/step: 9.922151
10/10/2023 05:26:23 - INFO -   Epoch: 1/10, Step: 116/143, Lr: 0.000000081-0.000081119, Loss: 2.102402, Time/step: 9.432550
10/10/2023 05:32:51 - INFO -   Epoch: 1/10, Step: 117/143, Lr: 0.000000082-0.000081818, Loss: 2.099116, Time/step: 387.937983
10/10/2023 05:33:01 - INFO -   Epoch: 1/10, Step: 118/143, Lr: 0.000000083-0.000082517, Loss: 1.798483, Time/step: 9.375108
10/10/2023 05:33:11 - INFO -   Epoch: 1/10, Step: 119/143, Lr: 0.000000083-0.000083217, Loss: 2.013756, Time/step: 10.628100
10/10/2023 05:33:22 - INFO -   Epoch: 1/10, Step: 120/143, Lr: 0.000000084-0.000083916, Loss: 1.856122, Time/step: 10.397620
10/10/2023 05:33:32 - INFO -   Epoch: 1/10, Step: 121/143, Lr: 0.000000085-0.000084615, Loss: 1.952452, Time/step: 9.932061
10/10/2023 05:47:23 - INFO -   Epoch: 1/10, Step: 122/143, Lr: 0.000000085-0.000085315, Loss: 1.970066, Time/step: 831.825018
10/10/2023 05:47:32 - INFO -   Epoch: 1/10, Step: 123/143, Lr: 0.000000086-0.000086014, Loss: 2.065687, Time/step: 8.845315
10/10/2023 06:02:27 - INFO -   Epoch: 1/10, Step: 124/143, Lr: 0.000000087-0.000086713, Loss: 1.704136, Time/step: 894.930759
10/10/2023 06:02:35 - INFO -   Epoch: 1/10, Step: 125/143, Lr: 0.000000087-0.000087413, Loss: 1.624648, Time/step: 7.387901
10/10/2023 06:02:42 - INFO -   Epoch: 1/10, Step: 126/143, Lr: 0.000000088-0.000088112, Loss: 1.905353, Time/step: 7.485405
10/10/2023 06:02:50 - INFO -   Epoch: 1/10, Step: 127/143, Lr: 0.000000089-0.000088811, Loss: 1.561940, Time/step: 7.679700
10/10/2023 06:02:58 - INFO -   Epoch: 1/10, Step: 128/143, Lr: 0.000000090-0.000089510, Loss: 1.900378, Time/step: 7.755258
10/10/2023 06:17:55 - INFO -   Epoch: 1/10, Step: 129/143, Lr: 0.000000090-0.000090210, Loss: 1.739599, Time/step: 897.168839
10/10/2023 06:19:06 - INFO -   Epoch: 1/10, Step: 130/143, Lr: 0.000000091-0.000090909, Loss: 1.685251, Time/step: 70.890654
10/10/2023 06:19:08 - INFO -   Epoch: 1/10, Step: 131/143, Lr: 0.000000092-0.000091608, Loss: 1.387175, Time/step: 2.142894
10/10/2023 06:19:10 - INFO -   Epoch: 1/10, Step: 132/143, Lr: 0.000000092-0.000092308, Loss: 1.931128, Time/step: 2.193099
10/10/2023 06:21:42 - INFO -   Epoch: 1/10, Step: 133/143, Lr: 0.000000093-0.000093007, Loss: 1.992529, Time/step: 152.090588
10/10/2023 06:21:44 - INFO -   Epoch: 1/10, Step: 134/143, Lr: 0.000000094-0.000093706, Loss: 2.023667, Time/step: 1.792364
10/10/2023 06:21:46 - INFO -   Epoch: 1/10, Step: 135/143, Lr: 0.000000094-0.000094406, Loss: 2.360833, Time/step: 1.837812
10/10/2023 06:21:48 - INFO -   Epoch: 1/10, Step: 136/143, Lr: 0.000000095-0.000095105, Loss: 1.775261, Time/step: 1.811212
10/10/2023 06:21:49 - INFO -   Epoch: 1/10, Step: 137/143, Lr: 0.000000096-0.000095804, Loss: 2.187020, Time/step: 1.843486
10/10/2023 06:22:36 - INFO -   Epoch: 1/10, Step: 138/143, Lr: 0.000000097-0.000096503, Loss: 1.635431, Time/step: 46.237550
10/10/2023 06:22:37 - INFO -   Epoch: 1/10, Step: 139/143, Lr: 0.000000097-0.000097203, Loss: 1.880039, Time/step: 0.975227
10/10/2023 06:22:38 - INFO -   Epoch: 1/10, Step: 140/143, Lr: 0.000000098-0.000097902, Loss: 1.957457, Time/step: 0.980675
10/10/2023 06:22:39 - INFO -   Epoch: 1/10, Step: 141/143, Lr: 0.000000099-0.000098601, Loss: 1.775944, Time/step: 1.015692
10/10/2023 06:22:40 - INFO -   Epoch: 1/10, Step: 142/143, Lr: 0.000000099-0.000099301, Loss: 1.582420, Time/step: 0.956265
10/10/2023 06:22:41 - INFO -   Epoch: 1/10, Step: 143/143, Lr: 0.000000098-0.000097553, Loss: 1.523487, Time/step: 0.938917
10/10/2023 06:22:42 - INFO -   Epoch 1/10 Finished, Train Loss: 2.103715
10/10/2023 06:22:58 - INFO -   Model saved to /home/wiss/zhang/nfs/video_prober/xclip/anet_train2_seed2/pytorch_model.bin.0
10/10/2023 06:22:58 - INFO -   Optimizer saved to /home/wiss/zhang/nfs/video_prober/xclip/anet_train2_seed2/pytorch_opt.bin.0
10/10/2023 06:22:58 - INFO -   Eval on val dataset
10/10/2023 08:03:45 - INFO -   sim matrix size: 184, 184
10/10/2023 08:03:45 - INFO -   	 Length-T: 184, Length-V:184
10/10/2023 08:03:45 - INFO -   Text-to-Video:
10/10/2023 08:03:45 - INFO -   	>>>  R@1: 58.7 - R@5: 87.0 - R@10: 91.8 - Median R: 1.0 - Mean R: 3.8
10/10/2023 08:03:45 - INFO -   Video-to-Text:
10/10/2023 08:03:45 - INFO -   	>>>  V2T$R@1: 54.9 - V2T$R@5: 87.5 - V2T$R@10: 94.0 - V2T$Median R: 1.0 - V2T$Mean R: 3.5
10/10/2023 08:03:45 - INFO -   The best model is: /home/wiss/zhang/nfs/video_prober/xclip/anet_train2_seed2/pytorch_model.bin.0, the R1 is: 58.6957
10/10/2023 08:48:01 - INFO -   Epoch: 2/10, Step: 1/143, Lr: 0.000000098-0.000097519, Loss: 1.653740, Time/step: 2655.552677
10/10/2023 08:55:58 - INFO -   Epoch: 2/10, Step: 2/143, Lr: 0.000000097-0.000097484, Loss: 1.369266, Time/step: 476.216723
10/10/2023 08:56:04 - INFO -   Epoch: 2/10, Step: 3/143, Lr: 0.000000097-0.000097450, Loss: 1.610218, Time/step: 6.505629
10/10/2023 08:58:12 - INFO -   Epoch: 2/10, Step: 4/143, Lr: 0.000000097-0.000097415, Loss: 1.493364, Time/step: 127.916391
10/10/2023 08:58:19 - INFO -   Epoch: 2/10, Step: 5/143, Lr: 0.000000097-0.000097380, Loss: 1.542835, Time/step: 7.099554
10/10/2023 08:58:27 - INFO -   Epoch: 2/10, Step: 6/143, Lr: 0.000000097-0.000097345, Loss: 1.854246, Time/step: 7.442767
10/10/2023 08:58:34 - INFO -   Epoch: 2/10, Step: 7/143, Lr: 0.000000097-0.000097310, Loss: 1.321873, Time/step: 7.637047
10/10/2023 08:58:42 - INFO -   Epoch: 2/10, Step: 8/143, Lr: 0.000000097-0.000097274, Loss: 1.507381, Time/step: 8.160679
10/10/2023 08:58:51 - INFO -   Epoch: 2/10, Step: 9/143, Lr: 0.000000097-0.000097238, Loss: 1.068621, Time/step: 8.422625
10/10/2023 08:59:00 - INFO -   Epoch: 2/10, Step: 10/143, Lr: 0.000000097-0.000097202, Loss: 0.994398, Time/step: 8.785483
10/10/2023 08:59:09 - INFO -   Epoch: 2/10, Step: 11/143, Lr: 0.000000097-0.000097166, Loss: 1.082299, Time/step: 8.862836
10/10/2023 08:59:18 - INFO -   Epoch: 2/10, Step: 12/143, Lr: 0.000000097-0.000097129, Loss: 1.978281, Time/step: 9.801786
10/10/2023 09:13:39 - INFO -   Epoch: 2/10, Step: 13/143, Lr: 0.000000097-0.000097092, Loss: 1.495478, Time/step: 860.947820
10/10/2023 09:13:49 - INFO -   Epoch: 2/10, Step: 14/143, Lr: 0.000000097-0.000097055, Loss: 1.473187, Time/step: 9.762336
10/10/2023 09:13:59 - INFO -   Epoch: 2/10, Step: 15/143, Lr: 0.000000097-0.000097018, Loss: 1.490522, Time/step: 9.963340
10/10/2023 09:14:10 - INFO -   Epoch: 2/10, Step: 16/143, Lr: 0.000000097-0.000096980, Loss: 1.622351, Time/step: 11.011034
10/10/2023 10:24:10 - INFO -   Epoch: 2/10, Step: 17/143, Lr: 0.000000097-0.000096943, Loss: 1.564071, Time/step: 4199.614579
10/10/2023 10:24:18 - INFO -   Epoch: 2/10, Step: 18/143, Lr: 0.000000097-0.000096905, Loss: 1.286836, Time/step: 7.847333
10/10/2023 10:24:26 - INFO -   Epoch: 2/10, Step: 19/143, Lr: 0.000000097-0.000096867, Loss: 1.392522, Time/step: 8.648946
10/10/2023 10:24:35 - INFO -   Epoch: 2/10, Step: 20/143, Lr: 0.000000097-0.000096828, Loss: 1.082389, Time/step: 8.762155
10/10/2023 10:24:44 - INFO -   Epoch: 2/10, Step: 21/143, Lr: 0.000000097-0.000096790, Loss: 1.613725, Time/step: 9.165612
10/10/2023 10:24:54 - INFO -   Epoch: 2/10, Step: 22/143, Lr: 0.000000097-0.000096751, Loss: 1.225804, Time/step: 9.406958
10/10/2023 10:25:03 - INFO -   Epoch: 2/10, Step: 23/143, Lr: 0.000000097-0.000096712, Loss: 1.406147, Time/step: 9.539025
10/10/2023 10:31:12 - INFO -   Epoch: 2/10, Step: 24/143, Lr: 0.000000097-0.000096672, Loss: 1.574171, Time/step: 369.221641
10/10/2023 10:31:22 - INFO -   Epoch: 2/10, Step: 25/143, Lr: 0.000000097-0.000096633, Loss: 1.573624, Time/step: 9.578311
10/10/2023 10:31:32 - INFO -   Epoch: 2/10, Step: 26/143, Lr: 0.000000097-0.000096593, Loss: 1.694815, Time/step: 10.086268
10/10/2023 10:31:42 - INFO -   Epoch: 2/10, Step: 27/143, Lr: 0.000000097-0.000096553, Loss: 1.370821, Time/step: 9.462737
10/10/2023 10:31:52 - INFO -   Epoch: 2/10, Step: 28/143, Lr: 0.000000097-0.000096513, Loss: 1.720207, Time/step: 10.709373
10/10/2023 10:32:03 - INFO -   Epoch: 2/10, Step: 29/143, Lr: 0.000000096-0.000096473, Loss: 1.379767, Time/step: 10.581541
10/10/2023 10:32:14 - INFO -   Epoch: 2/10, Step: 30/143, Lr: 0.000000096-0.000096432, Loss: 1.471364, Time/step: 11.323290
10/10/2023 10:32:25 - INFO -   Epoch: 2/10, Step: 31/143, Lr: 0.000000096-0.000096391, Loss: 1.360031, Time/step: 10.631181
10/10/2023 10:32:36 - INFO -   Epoch: 2/10, Step: 32/143, Lr: 0.000000096-0.000096350, Loss: 2.015488, Time/step: 11.270045
10/10/2023 11:48:49 - INFO -   Epoch: 2/10, Step: 33/143, Lr: 0.000000096-0.000096309, Loss: 1.553574, Time/step: 4572.778856
10/10/2023 11:48:59 - INFO -   Epoch: 2/10, Step: 34/143, Lr: 0.000000096-0.000096267, Loss: 1.175249, Time/step: 9.722010
10/10/2023 11:49:10 - INFO -   Epoch: 2/10, Step: 35/143, Lr: 0.000000096-0.000096225, Loss: 1.513081, Time/step: 10.813228
10/10/2023 11:53:31 - INFO -   Epoch: 2/10, Step: 36/143, Lr: 0.000000096-0.000096183, Loss: 1.217438, Time/step: 261.438276
10/10/2023 11:57:03 - INFO -   Epoch: 2/10, Step: 37/143, Lr: 0.000000096-0.000096141, Loss: 1.744731, Time/step: 212.074222
10/10/2023 11:57:13 - INFO -   Epoch: 2/10, Step: 38/143, Lr: 0.000000096-0.000096099, Loss: 1.226038, Time/step: 9.313142
10/10/2023 11:59:30 - INFO -   Epoch: 2/10, Step: 39/143, Lr: 0.000000096-0.000096056, Loss: 1.567752, Time/step: 137.193049
10/10/2023 12:24:50 - INFO -   Epoch: 2/10, Step: 40/143, Lr: 0.000000096-0.000096013, Loss: 1.467824, Time/step: 1519.842674
10/10/2023 12:24:58 - INFO -   Epoch: 2/10, Step: 41/143, Lr: 0.000000096-0.000095970, Loss: 1.258168, Time/step: 8.499665
10/10/2023 12:25:08 - INFO -   Epoch: 2/10, Step: 42/143, Lr: 0.000000096-0.000095927, Loss: 1.332884, Time/step: 9.228815
10/10/2023 12:25:17 - INFO -   Epoch: 2/10, Step: 43/143, Lr: 0.000000096-0.000095883, Loss: 1.521374, Time/step: 9.400114
10/10/2023 12:25:26 - INFO -   Epoch: 2/10, Step: 44/143, Lr: 0.000000096-0.000095840, Loss: 1.372845, Time/step: 9.438781
10/10/2023 12:25:36 - INFO -   Epoch: 2/10, Step: 45/143, Lr: 0.000000096-0.000095796, Loss: 1.307122, Time/step: 9.285025
10/10/2023 12:25:46 - INFO -   Epoch: 2/10, Step: 46/143, Lr: 0.000000096-0.000095751, Loss: 1.651411, Time/step: 10.349765
10/10/2023 12:25:56 - INFO -   Epoch: 2/10, Step: 47/143, Lr: 0.000000096-0.000095707, Loss: 1.570577, Time/step: 9.969345
10/10/2023 12:26:07 - INFO -   Epoch: 2/10, Step: 48/143, Lr: 0.000000096-0.000095662, Loss: 1.642031, Time/step: 11.202056
10/10/2023 13:05:58 - INFO -   Epoch: 2/10, Step: 49/143, Lr: 0.000000096-0.000095618, Loss: 1.500127, Time/step: 2390.384634
10/10/2023 13:06:26 - INFO -   Epoch: 2/10, Step: 50/143, Lr: 0.000000096-0.000095572, Loss: 1.416961, Time/step: 28.177471
10/10/2023 13:17:14 - INFO -   Epoch: 2/10, Step: 51/143, Lr: 0.000000096-0.000095527, Loss: 1.716835, Time/step: 647.446609
10/10/2023 13:17:24 - INFO -   Epoch: 2/10, Step: 52/143, Lr: 0.000000095-0.000095482, Loss: 1.011593, Time/step: 10.399980
10/10/2023 13:30:04 - INFO -   Epoch: 2/10, Step: 53/143, Lr: 0.000000095-0.000095436, Loss: 1.433611, Time/step: 759.298915
10/10/2023 13:30:15 - INFO -   Epoch: 2/10, Step: 54/143, Lr: 0.000000095-0.000095390, Loss: 1.307685, Time/step: 10.814129
10/10/2023 13:30:25 - INFO -   Epoch: 2/10, Step: 55/143, Lr: 0.000000095-0.000095344, Loss: 1.325921, Time/step: 10.791168
10/10/2023 14:06:02 - INFO -   Epoch: 2/10, Step: 56/143, Lr: 0.000000095-0.000095297, Loss: 1.456024, Time/step: 2136.711141
10/10/2023 14:06:11 - INFO -   Epoch: 2/10, Step: 57/143, Lr: 0.000000095-0.000095251, Loss: 1.638830, Time/step: 8.402598
10/10/2023 14:06:19 - INFO -   Epoch: 2/10, Step: 58/143, Lr: 0.000000095-0.000095204, Loss: 1.477854, Time/step: 8.780055
10/10/2023 14:06:29 - INFO -   Epoch: 2/10, Step: 59/143, Lr: 0.000000095-0.000095157, Loss: 1.124585, Time/step: 9.504460
10/10/2023 14:06:39 - INFO -   Epoch: 2/10, Step: 60/143, Lr: 0.000000095-0.000095110, Loss: 1.654788, Time/step: 9.714944
10/10/2023 14:06:48 - INFO -   Epoch: 2/10, Step: 61/143, Lr: 0.000000095-0.000095062, Loss: 1.225889, Time/step: 9.611596
10/10/2023 14:06:58 - INFO -   Epoch: 2/10, Step: 62/143, Lr: 0.000000095-0.000095014, Loss: 1.614857, Time/step: 9.690762
10/10/2023 14:07:09 - INFO -   Epoch: 2/10, Step: 63/143, Lr: 0.000000095-0.000094966, Loss: 1.415609, Time/step: 10.851953
10/10/2023 14:07:19 - INFO -   Epoch: 2/10, Step: 64/143, Lr: 0.000000095-0.000094918, Loss: 1.444341, Time/step: 10.048851
10/10/2023 14:23:49 - INFO -   Epoch: 2/10, Step: 65/143, Lr: 0.000000095-0.000094870, Loss: 1.595379, Time/step: 990.027225
10/10/2023 14:28:04 - INFO -   Epoch: 2/10, Step: 66/143, Lr: 0.000000095-0.000094821, Loss: 1.719661, Time/step: 254.779740
10/10/2023 14:34:07 - INFO -   Epoch: 2/10, Step: 67/143, Lr: 0.000000095-0.000094773, Loss: 1.568149, Time/step: 363.485986
10/10/2023 14:34:18 - INFO -   Epoch: 2/10, Step: 68/143, Lr: 0.000000095-0.000094724, Loss: 1.636275, Time/step: 10.599925
10/10/2023 15:14:28 - INFO -   Epoch: 2/10, Step: 69/143, Lr: 0.000000095-0.000094674, Loss: 1.583554, Time/step: 2409.562765
10/10/2023 15:14:38 - INFO -   Epoch: 2/10, Step: 70/143, Lr: 0.000000095-0.000094625, Loss: 1.688302, Time/step: 10.454889
10/10/2023 15:14:49 - INFO -   Epoch: 2/10, Step: 71/143, Lr: 0.000000095-0.000094575, Loss: 1.280629, Time/step: 10.417503
10/10/2023 15:27:43 - INFO -   Epoch: 2/10, Step: 72/143, Lr: 0.000000095-0.000094525, Loss: 1.653698, Time/step: 774.526100
10/10/2023 15:27:52 - INFO -   Epoch: 2/10, Step: 73/143, Lr: 0.000000094-0.000094475, Loss: 1.547132, Time/step: 9.264614
10/10/2023 15:28:02 - INFO -   Epoch: 2/10, Step: 74/143, Lr: 0.000000094-0.000094425, Loss: 1.523052, Time/step: 9.623002
10/10/2023 15:28:12 - INFO -   Epoch: 2/10, Step: 75/143, Lr: 0.000000094-0.000094374, Loss: 1.155457, Time/step: 9.582026
10/10/2023 15:28:21 - INFO -   Epoch: 2/10, Step: 76/143, Lr: 0.000000094-0.000094324, Loss: 1.286708, Time/step: 9.584615
10/10/2023 15:28:32 - INFO -   Epoch: 2/10, Step: 77/143, Lr: 0.000000094-0.000094273, Loss: 1.387052, Time/step: 10.675265
10/10/2023 15:28:41 - INFO -   Epoch: 2/10, Step: 78/143, Lr: 0.000000094-0.000094222, Loss: 1.625875, Time/step: 9.667208
10/10/2023 15:28:52 - INFO -   Epoch: 2/10, Step: 79/143, Lr: 0.000000094-0.000094170, Loss: 1.267222, Time/step: 10.516144
10/10/2023 15:29:02 - INFO -   Epoch: 2/10, Step: 80/143, Lr: 0.000000094-0.000094119, Loss: 1.511584, Time/step: 10.124740
10/10/2023 16:07:29 - INFO -   Epoch: 2/10, Step: 81/143, Lr: 0.000000094-0.000094067, Loss: 1.444271, Time/step: 2306.597400
10/10/2023 16:16:11 - INFO -   Epoch: 2/10, Step: 82/143, Lr: 0.000000094-0.000094015, Loss: 1.375929, Time/step: 522.005008
10/10/2023 16:16:22 - INFO -   Epoch: 2/10, Step: 83/143, Lr: 0.000000094-0.000093963, Loss: 1.645862, Time/step: 11.210454
10/10/2023 16:16:33 - INFO -   Epoch: 2/10, Step: 84/143, Lr: 0.000000094-0.000093910, Loss: 1.648213, Time/step: 10.998626
10/10/2023 17:03:53 - INFO -   Epoch: 2/10, Step: 85/143, Lr: 0.000000094-0.000093858, Loss: 1.202989, Time/step: 2839.597406
10/10/2023 17:04:01 - INFO -   Epoch: 2/10, Step: 86/143, Lr: 0.000000094-0.000093805, Loss: 1.366854, Time/step: 7.971467
10/10/2023 17:04:09 - INFO -   Epoch: 2/10, Step: 87/143, Lr: 0.000000094-0.000093752, Loss: 1.414707, Time/step: 8.767800
10/10/2023 17:04:18 - INFO -   Epoch: 2/10, Step: 88/143, Lr: 0.000000094-0.000093698, Loss: 1.586868, Time/step: 8.801614
10/10/2023 17:04:28 - INFO -   Epoch: 2/10, Step: 89/143, Lr: 0.000000094-0.000093645, Loss: 1.484984, Time/step: 9.433722
10/10/2023 17:04:37 - INFO -   Epoch: 2/10, Step: 90/143, Lr: 0.000000094-0.000093591, Loss: 1.155116, Time/step: 9.484029
10/10/2023 17:04:48 - INFO -   Epoch: 2/10, Step: 91/143, Lr: 0.000000094-0.000093537, Loss: 1.424170, Time/step: 10.575773
10/10/2023 17:04:58 - INFO -   Epoch: 2/10, Step: 92/143, Lr: 0.000000093-0.000093483, Loss: 1.386176, Time/step: 9.801250
10/10/2023 17:05:09 - INFO -   Epoch: 2/10, Step: 93/143, Lr: 0.000000093-0.000093429, Loss: 1.085997, Time/step: 11.118470
10/10/2023 17:05:19 - INFO -   Epoch: 2/10, Step: 94/143, Lr: 0.000000093-0.000093374, Loss: 1.483512, Time/step: 9.823793
10/10/2023 17:05:30 - INFO -   Epoch: 2/10, Step: 95/143, Lr: 0.000000093-0.000093320, Loss: 1.669081, Time/step: 11.289072
10/10/2023 17:05:40 - INFO -   Epoch: 2/10, Step: 96/143, Lr: 0.000000093-0.000093265, Loss: 1.613194, Time/step: 10.435219
10/10/2023 17:15:27 - INFO -   Epoch: 2/10, Step: 97/143, Lr: 0.000000093-0.000093209, Loss: 1.310524, Time/step: 586.791997
10/10/2023 17:24:43 - INFO -   Epoch: 2/10, Step: 98/143, Lr: 0.000000093-0.000093154, Loss: 1.628309, Time/step: 555.461080
10/10/2023 17:24:53 - INFO -   Epoch: 2/10, Step: 99/143, Lr: 0.000000093-0.000093098, Loss: 1.476112, Time/step: 10.311709
10/10/2023 17:25:04 - INFO -   Epoch: 2/10, Step: 100/143, Lr: 0.000000093-0.000093043, Loss: 1.917345, Time/step: 11.571334
10/10/2023 18:25:49 - INFO -   Epoch: 2/10, Step: 101/143, Lr: 0.000000093-0.000092987, Loss: 1.508792, Time/step: 3644.547144
10/10/2023 18:25:59 - INFO -   Epoch: 2/10, Step: 102/143, Lr: 0.000000093-0.000092930, Loss: 1.472999, Time/step: 9.877518
10/10/2023 18:26:09 - INFO -   Epoch: 2/10, Step: 103/143, Lr: 0.000000093-0.000092874, Loss: 1.645983, Time/step: 9.706337
10/10/2023 18:45:30 - INFO -   Epoch: 2/10, Step: 104/143, Lr: 0.000000093-0.000092817, Loss: 1.653104, Time/step: 1161.059431
10/10/2023 18:45:38 - INFO -   Epoch: 2/10, Step: 105/143, Lr: 0.000000093-0.000092761, Loss: 1.450786, Time/step: 8.277040
10/10/2023 18:45:47 - INFO -   Epoch: 2/10, Step: 106/143, Lr: 0.000000093-0.000092704, Loss: 1.263301, Time/step: 8.931221
10/10/2023 18:45:56 - INFO -   Epoch: 2/10, Step: 107/143, Lr: 0.000000093-0.000092646, Loss: 1.211783, Time/step: 8.932437
10/10/2023 18:46:05 - INFO -   Epoch: 2/10, Step: 108/143, Lr: 0.000000093-0.000092589, Loss: 1.660822, Time/step: 9.418170
10/10/2023 18:46:15 - INFO -   Epoch: 2/10, Step: 109/143, Lr: 0.000000093-0.000092531, Loss: 1.710284, Time/step: 9.991054
10/10/2023 18:46:25 - INFO -   Epoch: 2/10, Step: 110/143, Lr: 0.000000092-0.000092473, Loss: 1.609240, Time/step: 9.567069
10/10/2023 18:46:36 - INFO -   Epoch: 2/10, Step: 111/143, Lr: 0.000000092-0.000092415, Loss: 1.285558, Time/step: 10.951921
10/10/2023 18:46:46 - INFO -   Epoch: 2/10, Step: 112/143, Lr: 0.000000092-0.000092357, Loss: 1.421254, Time/step: 10.512683
10/10/2023 19:00:29 - INFO -   Epoch: 2/10, Step: 113/143, Lr: 0.000000092-0.000092299, Loss: 1.288485, Time/step: 822.983451
10/10/2023 19:00:39 - INFO -   Epoch: 2/10, Step: 114/143, Lr: 0.000000092-0.000092240, Loss: 1.676218, Time/step: 9.568702
10/10/2023 19:00:50 - INFO -   Epoch: 2/10, Step: 115/143, Lr: 0.000000092-0.000092181, Loss: 1.439958, Time/step: 10.679955
10/10/2023 19:01:00 - INFO -   Epoch: 2/10, Step: 116/143, Lr: 0.000000092-0.000092122, Loss: 1.420923, Time/step: 9.689828
10/10/2023 19:37:30 - INFO -   Epoch: 2/10, Step: 117/143, Lr: 0.000000092-0.000092063, Loss: 1.644523, Time/step: 2190.718028
10/10/2023 19:37:38 - INFO -   Epoch: 2/10, Step: 118/143, Lr: 0.000000092-0.000092003, Loss: 1.634218, Time/step: 7.803249
10/10/2023 19:37:46 - INFO -   Epoch: 2/10, Step: 119/143, Lr: 0.000000092-0.000091943, Loss: 1.755509, Time/step: 7.699511
10/10/2023 19:40:05 - INFO -   Epoch: 2/10, Step: 120/143, Lr: 0.000000092-0.000091884, Loss: 1.641609, Time/step: 138.890151
10/10/2023 19:40:13 - INFO -   Epoch: 2/10, Step: 121/143, Lr: 0.000000092-0.000091824, Loss: 1.210366, Time/step: 7.840953
10/10/2023 19:40:21 - INFO -   Epoch: 2/10, Step: 122/143, Lr: 0.000000092-0.000091763, Loss: 1.533155, Time/step: 8.001722
10/10/2023 19:40:29 - INFO -   Epoch: 2/10, Step: 123/143, Lr: 0.000000092-0.000091703, Loss: 1.490537, Time/step: 8.075939
10/10/2023 19:40:37 - INFO -   Epoch: 2/10, Step: 124/143, Lr: 0.000000092-0.000091642, Loss: 1.406220, Time/step: 7.985856
10/10/2023 19:40:45 - INFO -   Epoch: 2/10, Step: 125/143, Lr: 0.000000092-0.000091581, Loss: 1.237418, Time/step: 7.890803
10/10/2023 19:40:53 - INFO -   Epoch: 2/10, Step: 126/143, Lr: 0.000000092-0.000091520, Loss: 1.448025, Time/step: 7.922264
10/10/2023 19:41:00 - INFO -   Epoch: 2/10, Step: 127/143, Lr: 0.000000091-0.000091459, Loss: 1.490569, Time/step: 7.823349
10/10/2023 19:41:08 - INFO -   Epoch: 2/10, Step: 128/143, Lr: 0.000000091-0.000091397, Loss: 1.154065, Time/step: 7.911189
10/10/2023 19:48:25 - INFO -   Epoch: 2/10, Step: 129/143, Lr: 0.000000091-0.000091335, Loss: 1.297807, Time/step: 436.559073
10/10/2023 19:55:03 - INFO -   Epoch: 2/10, Step: 130/143, Lr: 0.000000091-0.000091274, Loss: 1.088724, Time/step: 398.008501
10/10/2023 20:00:19 - INFO -   Epoch: 2/10, Step: 131/143, Lr: 0.000000091-0.000091211, Loss: 1.307061, Time/step: 316.298357
10/10/2023 20:00:22 - INFO -   Epoch: 2/10, Step: 132/143, Lr: 0.000000091-0.000091149, Loss: 1.982715, Time/step: 2.690610
10/10/2023 20:06:13 - INFO -   Epoch: 2/10, Step: 133/143, Lr: 0.000000091-0.000091087, Loss: 1.348419, Time/step: 350.737696
10/10/2023 20:06:14 - INFO -   Epoch: 2/10, Step: 134/143, Lr: 0.000000091-0.000091024, Loss: 1.390065, Time/step: 1.289762
10/10/2023 20:06:15 - INFO -   Epoch: 2/10, Step: 135/143, Lr: 0.000000091-0.000090961, Loss: 1.507364, Time/step: 1.266762
10/10/2023 20:06:17 - INFO -   Epoch: 2/10, Step: 136/143, Lr: 0.000000091-0.000090898, Loss: 1.320171, Time/step: 1.294796
10/10/2023 20:06:18 - INFO -   Epoch: 2/10, Step: 137/143, Lr: 0.000000091-0.000090835, Loss: 1.359246, Time/step: 1.287665
10/10/2023 20:06:19 - INFO -   Epoch: 2/10, Step: 138/143, Lr: 0.000000091-0.000090771, Loss: 1.359178, Time/step: 1.326429
10/10/2023 20:06:20 - INFO -   Epoch: 2/10, Step: 139/143, Lr: 0.000000091-0.000090708, Loss: 1.701390, Time/step: 1.303472
10/10/2023 20:06:33 - INFO -   Epoch: 2/10, Step: 140/143, Lr: 0.000000091-0.000090644, Loss: 1.520230, Time/step: 12.611582
10/10/2023 20:06:34 - INFO -   Epoch: 2/10, Step: 141/143, Lr: 0.000000091-0.000090580, Loss: 1.222897, Time/step: 0.988131
10/10/2023 20:06:35 - INFO -   Epoch: 2/10, Step: 142/143, Lr: 0.000000091-0.000090515, Loss: 1.420077, Time/step: 0.988049
10/10/2023 20:06:36 - INFO -   Epoch: 2/10, Step: 143/143, Lr: 0.000000090-0.000090451, Loss: 1.540955, Time/step: 0.959551
10/10/2023 20:06:38 - INFO -   Epoch 2/10 Finished, Train Loss: 1.463352
10/10/2023 20:06:52 - INFO -   Model saved to /home/wiss/zhang/nfs/video_prober/xclip/anet_train2_seed2/pytorch_model.bin.1
10/10/2023 20:06:52 - INFO -   Optimizer saved to /home/wiss/zhang/nfs/video_prober/xclip/anet_train2_seed2/pytorch_opt.bin.1
10/10/2023 20:06:52 - INFO -   Eval on val dataset
10/10/2023 21:47:36 - INFO -   sim matrix size: 184, 184
10/10/2023 21:47:36 - INFO -   	 Length-T: 184, Length-V:184
10/10/2023 21:47:36 - INFO -   Text-to-Video:
10/10/2023 21:47:36 - INFO -   	>>>  R@1: 57.1 - R@5: 85.3 - R@10: 92.4 - Median R: 1.0 - Mean R: 3.9
10/10/2023 21:47:36 - INFO -   Video-to-Text:
10/10/2023 21:47:36 - INFO -   	>>>  V2T$R@1: 56.5 - V2T$R@5: 85.9 - V2T$R@10: 90.2 - V2T$Median R: 1.0 - V2T$Mean R: 4.2
10/10/2023 21:47:36 - INFO -   The best model is: /home/wiss/zhang/nfs/video_prober/xclip/anet_train2_seed2/pytorch_model.bin.0, the R1 is: 58.6957
10/10/2023 22:39:03 - INFO -   Epoch: 3/10, Step: 1/143, Lr: 0.000000090-0.000090386, Loss: 0.702920, Time/step: 3086.160475
10/10/2023 22:39:09 - INFO -   Epoch: 3/10, Step: 2/143, Lr: 0.000000090-0.000090321, Loss: 1.080388, Time/step: 6.228793
10/10/2023 22:39:16 - INFO -   Epoch: 3/10, Step: 3/143, Lr: 0.000000090-0.000090256, Loss: 0.967620, Time/step: 6.525546
10/10/2023 22:41:45 - INFO -   Epoch: 3/10, Step: 4/143, Lr: 0.000000090-0.000090191, Loss: 1.004254, Time/step: 149.552195
10/10/2023 22:41:53 - INFO -   Epoch: 3/10, Step: 5/143, Lr: 0.000000090-0.000090126, Loss: 0.834587, Time/step: 7.211744
10/10/2023 22:42:00 - INFO -   Epoch: 3/10, Step: 6/143, Lr: 0.000000090-0.000090060, Loss: 0.745021, Time/step: 7.448043
10/10/2023 22:42:08 - INFO -   Epoch: 3/10, Step: 7/143, Lr: 0.000000090-0.000089994, Loss: 0.743062, Time/step: 7.722058
10/10/2023 22:57:36 - INFO -   Epoch: 3/10, Step: 8/143, Lr: 0.000000090-0.000089928, Loss: 0.557158, Time/step: 928.194873
10/10/2023 22:57:45 - INFO -   Epoch: 3/10, Step: 9/143, Lr: 0.000000090-0.000089862, Loss: 1.067058, Time/step: 8.372041
10/10/2023 22:57:53 - INFO -   Epoch: 3/10, Step: 10/143, Lr: 0.000000090-0.000089795, Loss: 0.845001, Time/step: 8.809944
10/10/2023 22:58:03 - INFO -   Epoch: 3/10, Step: 11/143, Lr: 0.000000090-0.000089729, Loss: 0.713835, Time/step: 9.146050
10/10/2023 22:58:12 - INFO -   Epoch: 3/10, Step: 12/143, Lr: 0.000000090-0.000089662, Loss: 0.859540, Time/step: 8.928745
10/10/2023 22:58:21 - INFO -   Epoch: 3/10, Step: 13/143, Lr: 0.000000090-0.000089595, Loss: 0.718697, Time/step: 9.266331
10/10/2023 22:58:32 - INFO -   Epoch: 3/10, Step: 14/143, Lr: 0.000000090-0.000089528, Loss: 0.774078, Time/step: 10.853010
10/10/2023 22:58:42 - INFO -   Epoch: 3/10, Step: 15/143, Lr: 0.000000089-0.000089461, Loss: 0.729551, Time/step: 10.828814
10/10/2023 22:58:53 - INFO -   Epoch: 3/10, Step: 16/143, Lr: 0.000000089-0.000089393, Loss: 0.825565, Time/step: 10.482474
10/11/2023 00:00:40 - INFO -   Epoch: 3/10, Step: 17/143, Lr: 0.000000089-0.000089325, Loss: 0.723893, Time/step: 3707.533991
10/11/2023 00:00:51 - INFO -   Epoch: 3/10, Step: 18/143, Lr: 0.000000089-0.000089257, Loss: 0.535076, Time/step: 10.559010
10/11/2023 00:01:01 - INFO -   Epoch: 3/10, Step: 19/143, Lr: 0.000000089-0.000089189, Loss: 0.809458, Time/step: 9.855117
10/11/2023 00:21:40 - INFO -   Epoch: 3/10, Step: 20/143, Lr: 0.000000089-0.000089121, Loss: 0.796583, Time/step: 1238.436837
10/11/2023 00:21:49 - INFO -   Epoch: 3/10, Step: 21/143, Lr: 0.000000089-0.000089052, Loss: 0.823014, Time/step: 9.028061
10/11/2023 00:21:58 - INFO -   Epoch: 3/10, Step: 22/143, Lr: 0.000000089-0.000088984, Loss: 0.747599, Time/step: 9.095630
10/11/2023 00:22:08 - INFO -   Epoch: 3/10, Step: 23/143, Lr: 0.000000089-0.000088915, Loss: 0.862414, Time/step: 9.750355
10/11/2023 00:33:35 - INFO -   Epoch: 3/10, Step: 24/143, Lr: 0.000000089-0.000088846, Loss: 0.549144, Time/step: 687.802498
10/11/2023 00:33:44 - INFO -   Epoch: 3/10, Step: 25/143, Lr: 0.000000089-0.000088777, Loss: 0.614711, Time/step: 8.544947
10/11/2023 00:33:53 - INFO -   Epoch: 3/10, Step: 26/143, Lr: 0.000000089-0.000088707, Loss: 1.120090, Time/step: 9.201961
10/11/2023 00:34:02 - INFO -   Epoch: 3/10, Step: 27/143, Lr: 0.000000089-0.000088637, Loss: 0.783968, Time/step: 9.015040
10/11/2023 00:34:12 - INFO -   Epoch: 3/10, Step: 28/143, Lr: 0.000000089-0.000088568, Loss: 0.785425, Time/step: 10.161870
10/11/2023 00:34:22 - INFO -   Epoch: 3/10, Step: 29/143, Lr: 0.000000088-0.000088498, Loss: 0.672563, Time/step: 9.680165
10/11/2023 00:34:32 - INFO -   Epoch: 3/10, Step: 30/143, Lr: 0.000000088-0.000088427, Loss: 0.768778, Time/step: 9.730803
10/11/2023 00:34:43 - INFO -   Epoch: 3/10, Step: 31/143, Lr: 0.000000088-0.000088357, Loss: 0.693530, Time/step: 11.147295
10/11/2023 00:34:53 - INFO -   Epoch: 3/10, Step: 32/143, Lr: 0.000000088-0.000088287, Loss: 0.997218, Time/step: 10.220574
10/11/2023 01:54:44 - INFO -   Epoch: 3/10, Step: 33/143, Lr: 0.000000088-0.000088216, Loss: 1.044566, Time/step: 4790.641214
10/11/2023 01:54:51 - INFO -   Epoch: 3/10, Step: 34/143, Lr: 0.000000088-0.000088145, Loss: 0.955566, Time/step: 7.576651
10/11/2023 01:54:59 - INFO -   Epoch: 3/10, Step: 35/143, Lr: 0.000000088-0.000088074, Loss: 0.797796, Time/step: 7.646760
10/11/2023 01:58:54 - INFO -   Epoch: 3/10, Step: 36/143, Lr: 0.000000088-0.000088002, Loss: 1.040362, Time/step: 234.793180
10/11/2023 01:59:02 - INFO -   Epoch: 3/10, Step: 37/143, Lr: 0.000000088-0.000087931, Loss: 0.964461, Time/step: 7.745476
10/11/2023 01:59:10 - INFO -   Epoch: 3/10, Step: 38/143, Lr: 0.000000088-0.000087859, Loss: 0.676932, Time/step: 8.291195
10/11/2023 01:59:19 - INFO -   Epoch: 3/10, Step: 39/143, Lr: 0.000000088-0.000087787, Loss: 0.742165, Time/step: 8.571794
10/11/2023 02:04:42 - INFO -   Epoch: 3/10, Step: 40/143, Lr: 0.000000088-0.000087715, Loss: 0.792346, Time/step: 323.101484
10/11/2023 02:04:51 - INFO -   Epoch: 3/10, Step: 41/143, Lr: 0.000000088-0.000087643, Loss: 0.888614, Time/step: 8.897845
10/11/2023 02:05:00 - INFO -   Epoch: 3/10, Step: 42/143, Lr: 0.000000088-0.000087571, Loss: 0.929005, Time/step: 9.227105
10/11/2023 02:05:09 - INFO -   Epoch: 3/10, Step: 43/143, Lr: 0.000000087-0.000087498, Loss: 0.801358, Time/step: 9.132922
10/11/2023 02:05:19 - INFO -   Epoch: 3/10, Step: 44/143, Lr: 0.000000087-0.000087426, Loss: 0.988734, Time/step: 9.763454
10/11/2023 02:05:28 - INFO -   Epoch: 3/10, Step: 45/143, Lr: 0.000000087-0.000087353, Loss: 0.634560, Time/step: 9.608349
10/11/2023 02:05:39 - INFO -   Epoch: 3/10, Step: 46/143, Lr: 0.000000087-0.000087279, Loss: 1.095098, Time/step: 10.133423
10/11/2023 02:05:49 - INFO -   Epoch: 3/10, Step: 47/143, Lr: 0.000000087-0.000087206, Loss: 0.768427, Time/step: 10.576006
10/11/2023 02:06:00 - INFO -   Epoch: 3/10, Step: 48/143, Lr: 0.000000087-0.000087133, Loss: 0.970475, Time/step: 10.698994
10/11/2023 03:41:44 - INFO -   Epoch: 3/10, Step: 49/143, Lr: 0.000000087-0.000087059, Loss: 0.587047, Time/step: 5744.458264
10/11/2023 03:41:52 - INFO -   Epoch: 3/10, Step: 50/143, Lr: 0.000000087-0.000086985, Loss: 0.861589, Time/step: 7.033892
10/11/2023 03:41:59 - INFO -   Epoch: 3/10, Step: 51/143, Lr: 0.000000087-0.000086911, Loss: 0.924043, Time/step: 7.154310
10/11/2023 03:42:06 - INFO -   Epoch: 3/10, Step: 52/143, Lr: 0.000000087-0.000086837, Loss: 0.686252, Time/step: 7.475745
10/11/2023 03:42:14 - INFO -   Epoch: 3/10, Step: 53/143, Lr: 0.000000087-0.000086763, Loss: 0.703083, Time/step: 7.845724
10/11/2023 03:42:22 - INFO -   Epoch: 3/10, Step: 54/143, Lr: 0.000000087-0.000086688, Loss: 1.143332, Time/step: 8.160373
10/11/2023 03:42:31 - INFO -   Epoch: 3/10, Step: 55/143, Lr: 0.000000087-0.000086613, Loss: 0.841347, Time/step: 8.647480
10/11/2023 03:42:40 - INFO -   Epoch: 3/10, Step: 56/143, Lr: 0.000000087-0.000086539, Loss: 0.744585, Time/step: 8.744471
10/11/2023 03:42:49 - INFO -   Epoch: 3/10, Step: 57/143, Lr: 0.000000086-0.000086463, Loss: 0.875885, Time/step: 8.988188
10/11/2023 03:42:57 - INFO -   Epoch: 3/10, Step: 58/143, Lr: 0.000000086-0.000086388, Loss: 0.820952, Time/step: 8.805232
10/11/2023 03:43:06 - INFO -   Epoch: 3/10, Step: 59/143, Lr: 0.000000086-0.000086313, Loss: 0.942394, Time/step: 9.035899
10/11/2023 03:43:16 - INFO -   Epoch: 3/10, Step: 60/143, Lr: 0.000000086-0.000086237, Loss: 1.023196, Time/step: 9.464066
10/11/2023 03:43:25 - INFO -   Epoch: 3/10, Step: 61/143, Lr: 0.000000086-0.000086161, Loss: 0.854089, Time/step: 9.598016
10/11/2023 03:43:36 - INFO -   Epoch: 3/10, Step: 62/143, Lr: 0.000000086-0.000086085, Loss: 0.728938, Time/step: 10.572740
10/11/2023 03:43:47 - INFO -   Epoch: 3/10, Step: 63/143, Lr: 0.000000086-0.000086009, Loss: 0.898170, Time/step: 11.005867
10/11/2023 03:43:58 - INFO -   Epoch: 3/10, Step: 64/143, Lr: 0.000000086-0.000085933, Loss: 0.747279, Time/step: 11.281248
10/11/2023 05:03:04 - INFO -   Epoch: 3/10, Step: 65/143, Lr: 0.000000086-0.000085857, Loss: 1.142701, Time/step: 4745.713201
10/11/2023 05:03:13 - INFO -   Epoch: 3/10, Step: 66/143, Lr: 0.000000086-0.000085780, Loss: 0.951581, Time/step: 9.125249
10/11/2023 05:03:23 - INFO -   Epoch: 3/10, Step: 67/143, Lr: 0.000000086-0.000085703, Loss: 0.925418, Time/step: 9.717768
10/11/2023 05:03:33 - INFO -   Epoch: 3/10, Step: 68/143, Lr: 0.000000086-0.000085626, Loss: 0.965326, Time/step: 9.605388
10/11/2023 05:03:42 - INFO -   Epoch: 3/10, Step: 69/143, Lr: 0.000000086-0.000085549, Loss: 0.805944, Time/step: 9.421443
10/11/2023 05:03:52 - INFO -   Epoch: 3/10, Step: 70/143, Lr: 0.000000085-0.000085472, Loss: 1.017342, Time/step: 10.034148
10/11/2023 05:04:02 - INFO -   Epoch: 3/10, Step: 71/143, Lr: 0.000000085-0.000085394, Loss: 0.967804, Time/step: 9.635775
10/11/2023 05:04:12 - INFO -   Epoch: 3/10, Step: 72/143, Lr: 0.000000085-0.000085316, Loss: 0.776751, Time/step: 10.613895
10/11/2023 05:04:22 - INFO -   Epoch: 3/10, Step: 73/143, Lr: 0.000000085-0.000085239, Loss: 0.917560, Time/step: 10.130380
10/11/2023 05:04:33 - INFO -   Epoch: 3/10, Step: 74/143, Lr: 0.000000085-0.000085161, Loss: 0.762627, Time/step: 10.660405
10/11/2023 05:04:43 - INFO -   Epoch: 3/10, Step: 75/143, Lr: 0.000000085-0.000085082, Loss: 0.941074, Time/step: 10.017653
10/11/2023 05:04:54 - INFO -   Epoch: 3/10, Step: 76/143, Lr: 0.000000085-0.000085004, Loss: 1.130255, Time/step: 10.970270
10/11/2023 05:05:04 - INFO -   Epoch: 3/10, Step: 77/143, Lr: 0.000000085-0.000084926, Loss: 0.857371, Time/step: 10.101054
10/11/2023 05:05:15 - INFO -   Epoch: 3/10, Step: 78/143, Lr: 0.000000085-0.000084847, Loss: 0.614267, Time/step: 11.283924
10/11/2023 05:05:27 - INFO -   Epoch: 3/10, Step: 79/143, Lr: 0.000000085-0.000084768, Loss: 0.721835, Time/step: 11.061839
10/11/2023 05:05:37 - INFO -   Epoch: 3/10, Step: 80/143, Lr: 0.000000085-0.000084689, Loss: 0.965608, Time/step: 10.929171
10/11/2023 06:29:31 - INFO -   Epoch: 3/10, Step: 81/143, Lr: 0.000000085-0.000084610, Loss: 0.874229, Time/step: 5034.044008
10/11/2023 06:29:42 - INFO -   Epoch: 3/10, Step: 82/143, Lr: 0.000000085-0.000084530, Loss: 0.745930, Time/step: 10.076198
10/11/2023 06:29:51 - INFO -   Epoch: 3/10, Step: 83/143, Lr: 0.000000084-0.000084451, Loss: 1.023961, Time/step: 9.458588
10/11/2023 06:30:02 - INFO -   Epoch: 3/10, Step: 84/143, Lr: 0.000000084-0.000084371, Loss: 1.062377, Time/step: 10.730768
10/11/2023 06:30:11 - INFO -   Epoch: 3/10, Step: 85/143, Lr: 0.000000084-0.000084291, Loss: 1.191265, Time/step: 9.526839
10/11/2023 06:30:22 - INFO -   Epoch: 3/10, Step: 86/143, Lr: 0.000000084-0.000084211, Loss: 1.027120, Time/step: 10.337154
10/11/2023 06:30:31 - INFO -   Epoch: 3/10, Step: 87/143, Lr: 0.000000084-0.000084131, Loss: 1.061046, Time/step: 9.596483
10/11/2023 06:30:42 - INFO -   Epoch: 3/10, Step: 88/143, Lr: 0.000000084-0.000084051, Loss: 0.930171, Time/step: 10.629912
10/11/2023 06:30:51 - INFO -   Epoch: 3/10, Step: 89/143, Lr: 0.000000084-0.000083970, Loss: 0.977580, Time/step: 9.562482
10/11/2023 06:31:02 - INFO -   Epoch: 3/10, Step: 90/143, Lr: 0.000000084-0.000083890, Loss: 0.751155, Time/step: 10.884291
10/11/2023 06:31:13 - INFO -   Epoch: 3/10, Step: 91/143, Lr: 0.000000084-0.000083809, Loss: 0.737333, Time/step: 10.237633
10/11/2023 06:31:24 - INFO -   Epoch: 3/10, Step: 92/143, Lr: 0.000000084-0.000083728, Loss: 0.851626, Time/step: 11.655656
10/11/2023 06:31:35 - INFO -   Epoch: 3/10, Step: 93/143, Lr: 0.000000084-0.000083647, Loss: 0.877105, Time/step: 10.377028
10/11/2023 06:31:46 - INFO -   Epoch: 3/10, Step: 94/143, Lr: 0.000000084-0.000083565, Loss: 1.202526, Time/step: 11.854212
10/11/2023 06:31:57 - INFO -   Epoch: 3/10, Step: 95/143, Lr: 0.000000083-0.000083484, Loss: 1.117748, Time/step: 10.460469
10/11/2023 06:32:09 - INFO -   Epoch: 3/10, Step: 96/143, Lr: 0.000000083-0.000083402, Loss: 1.080010, Time/step: 11.575145
10/11/2023 08:07:30 - INFO -   Epoch: 3/10, Step: 97/143, Lr: 0.000000083-0.000083320, Loss: 1.033620, Time/step: 5721.162129
10/11/2023 08:07:38 - INFO -   Epoch: 3/10, Step: 98/143, Lr: 0.000000083-0.000083238, Loss: 0.866077, Time/step: 7.983452
10/11/2023 08:07:47 - INFO -   Epoch: 3/10, Step: 99/143, Lr: 0.000000083-0.000083156, Loss: 0.641777, Time/step: 8.854274
10/11/2023 08:07:55 - INFO -   Epoch: 3/10, Step: 100/143, Lr: 0.000000083-0.000083074, Loss: 0.777490, Time/step: 8.563896
10/11/2023 08:08:04 - INFO -   Epoch: 3/10, Step: 101/143, Lr: 0.000000083-0.000082991, Loss: 0.828794, Time/step: 8.752661
10/11/2023 08:08:13 - INFO -   Epoch: 3/10, Step: 102/143, Lr: 0.000000083-0.000082909, Loss: 0.754577, Time/step: 9.447777
10/11/2023 08:08:23 - INFO -   Epoch: 3/10, Step: 103/143, Lr: 0.000000083-0.000082826, Loss: 1.081714, Time/step: 9.565924
10/11/2023 08:08:32 - INFO -   Epoch: 3/10, Step: 104/143, Lr: 0.000000083-0.000082743, Loss: 0.977764, Time/step: 9.258857
10/11/2023 08:08:41 - INFO -   Epoch: 3/10, Step: 105/143, Lr: 0.000000083-0.000082660, Loss: 0.868012, Time/step: 9.120750
10/11/2023 08:08:51 - INFO -   Epoch: 3/10, Step: 106/143, Lr: 0.000000083-0.000082577, Loss: 0.932733, Time/step: 9.366028
10/11/2023 08:09:00 - INFO -   Epoch: 3/10, Step: 107/143, Lr: 0.000000082-0.000082493, Loss: 0.710123, Time/step: 9.523368
10/11/2023 08:09:10 - INFO -   Epoch: 3/10, Step: 108/143, Lr: 0.000000082-0.000082410, Loss: 0.638017, Time/step: 9.966866
10/11/2023 08:09:20 - INFO -   Epoch: 3/10, Step: 109/143, Lr: 0.000000082-0.000082326, Loss: 0.952218, Time/step: 9.716980
10/11/2023 08:09:31 - INFO -   Epoch: 3/10, Step: 110/143, Lr: 0.000000082-0.000082242, Loss: 1.161943, Time/step: 10.747687
10/11/2023 08:09:41 - INFO -   Epoch: 3/10, Step: 111/143, Lr: 0.000000082-0.000082158, Loss: 0.802140, Time/step: 10.448251
10/11/2023 08:09:52 - INFO -   Epoch: 3/10, Step: 112/143, Lr: 0.000000082-0.000082074, Loss: 1.109099, Time/step: 10.707236
10/11/2023 09:10:46 - INFO -   Epoch: 3/10, Step: 113/143, Lr: 0.000000082-0.000081990, Loss: 0.901677, Time/step: 3653.997438
10/11/2023 09:10:56 - INFO -   Epoch: 3/10, Step: 114/143, Lr: 0.000000082-0.000081905, Loss: 0.680597, Time/step: 9.439583
10/11/2023 09:11:06 - INFO -   Epoch: 3/10, Step: 115/143, Lr: 0.000000082-0.000081820, Loss: 1.049050, Time/step: 10.887689
10/11/2023 09:11:16 - INFO -   Epoch: 3/10, Step: 116/143, Lr: 0.000000082-0.000081736, Loss: 0.874559, Time/step: 9.571697
10/11/2023 09:11:26 - INFO -   Epoch: 3/10, Step: 117/143, Lr: 0.000000082-0.000081651, Loss: 1.116736, Time/step: 10.314744
10/11/2023 09:11:37 - INFO -   Epoch: 3/10, Step: 118/143, Lr: 0.000000082-0.000081566, Loss: 1.236463, Time/step: 10.272582
10/11/2023 09:17:43 - INFO -   Epoch: 3/10, Step: 119/143, Lr: 0.000000081-0.000081480, Loss: 0.898107, Time/step: 366.386745
10/11/2023 09:17:53 - INFO -   Epoch: 3/10, Step: 120/143, Lr: 0.000000081-0.000081395, Loss: 0.659463, Time/step: 9.719027
10/11/2023 09:18:03 - INFO -   Epoch: 3/10, Step: 121/143, Lr: 0.000000081-0.000081309, Loss: 1.065459, Time/step: 10.339215
10/11/2023 09:18:13 - INFO -   Epoch: 3/10, Step: 122/143, Lr: 0.000000081-0.000081224, Loss: 1.081428, Time/step: 9.863564
10/11/2023 09:18:23 - INFO -   Epoch: 3/10, Step: 123/143, Lr: 0.000000081-0.000081138, Loss: 0.827421, Time/step: 9.572062
10/11/2023 09:18:33 - INFO -   Epoch: 3/10, Step: 124/143, Lr: 0.000000081-0.000081052, Loss: 0.738517, Time/step: 10.092017
10/11/2023 09:18:42 - INFO -   Epoch: 3/10, Step: 125/143, Lr: 0.000000081-0.000080965, Loss: 0.651520, Time/step: 9.789522
10/11/2023 09:18:52 - INFO -   Epoch: 3/10, Step: 126/143, Lr: 0.000000081-0.000080879, Loss: 1.096186, Time/step: 9.674212
10/11/2023 09:19:02 - INFO -   Epoch: 3/10, Step: 127/143, Lr: 0.000000081-0.000080793, Loss: 0.867834, Time/step: 10.039061
10/11/2023 09:19:12 - INFO -   Epoch: 3/10, Step: 128/143, Lr: 0.000000081-0.000080706, Loss: 1.043693, Time/step: 9.826828
10/11/2023 09:46:48 - INFO -   Epoch: 3/10, Step: 129/143, Lr: 0.000000081-0.000080619, Loss: 0.768384, Time/step: 1655.794233
10/11/2023 09:46:49 - INFO -   Epoch: 3/10, Step: 130/143, Lr: 0.000000081-0.000080532, Loss: 0.737549, Time/step: 1.496904
10/11/2023 09:46:51 - INFO -   Epoch: 3/10, Step: 131/143, Lr: 0.000000080-0.000080445, Loss: 0.951409, Time/step: 1.573766
10/11/2023 09:46:52 - INFO -   Epoch: 3/10, Step: 132/143, Lr: 0.000000080-0.000080358, Loss: 0.667404, Time/step: 1.616512
10/11/2023 09:46:54 - INFO -   Epoch: 3/10, Step: 133/143, Lr: 0.000000080-0.000080271, Loss: 0.930380, Time/step: 1.543868
10/11/2023 09:46:55 - INFO -   Epoch: 3/10, Step: 134/143, Lr: 0.000000080-0.000080183, Loss: 0.733510, Time/step: 1.506090
10/11/2023 09:50:21 - INFO -   Epoch: 3/10, Step: 135/143, Lr: 0.000000080-0.000080096, Loss: 0.911943, Time/step: 205.410472
10/11/2023 09:50:22 - INFO -   Epoch: 3/10, Step: 136/143, Lr: 0.000000080-0.000080008, Loss: 0.807304, Time/step: 0.978926
10/11/2023 09:50:23 - INFO -   Epoch: 3/10, Step: 137/143, Lr: 0.000000080-0.000079920, Loss: 1.021483, Time/step: 1.009896
10/11/2023 09:50:24 - INFO -   Epoch: 3/10, Step: 138/143, Lr: 0.000000080-0.000079832, Loss: 1.053189, Time/step: 0.986266
10/11/2023 09:50:25 - INFO -   Epoch: 3/10, Step: 139/143, Lr: 0.000000080-0.000079744, Loss: 0.575504, Time/step: 0.977544
10/11/2023 09:50:26 - INFO -   Epoch: 3/10, Step: 140/143, Lr: 0.000000080-0.000079655, Loss: 0.665179, Time/step: 0.990149
10/11/2023 09:50:27 - INFO -   Epoch: 3/10, Step: 141/143, Lr: 0.000000080-0.000079567, Loss: 0.929220, Time/step: 1.012086
10/11/2023 09:50:28 - INFO -   Epoch: 3/10, Step: 142/143, Lr: 0.000000079-0.000079478, Loss: 0.998611, Time/step: 0.971707
10/11/2023 09:50:29 - INFO -   Epoch: 3/10, Step: 143/143, Lr: 0.000000079-0.000079389, Loss: 0.947845, Time/step: 1.304616
10/11/2023 09:50:30 - INFO -   Epoch 3/10 Finished, Train Loss: 0.870789
10/11/2023 09:50:45 - INFO -   Model saved to /home/wiss/zhang/nfs/video_prober/xclip/anet_train2_seed2/pytorch_model.bin.2
10/11/2023 09:50:45 - INFO -   Optimizer saved to /home/wiss/zhang/nfs/video_prober/xclip/anet_train2_seed2/pytorch_opt.bin.2
10/11/2023 09:50:45 - INFO -   Eval on val dataset
10/11/2023 11:34:11 - INFO -   sim matrix size: 184, 184
10/11/2023 11:34:11 - INFO -   	 Length-T: 184, Length-V:184
10/11/2023 11:34:11 - INFO -   Text-to-Video:
10/11/2023 11:34:11 - INFO -   	>>>  R@1: 58.7 - R@5: 84.2 - R@10: 90.8 - Median R: 1.0 - Mean R: 3.8
10/11/2023 11:34:11 - INFO -   Video-to-Text:
10/11/2023 11:34:11 - INFO -   	>>>  V2T$R@1: 59.2 - V2T$R@5: 83.7 - V2T$R@10: 92.4 - V2T$Median R: 1.0 - V2T$Mean R: 4.3
10/11/2023 11:34:11 - INFO -   The best model is: /home/wiss/zhang/nfs/video_prober/xclip/anet_train2_seed2/pytorch_model.bin.2, the R1 is: 58.6957
10/11/2023 12:18:24 - INFO -   Epoch: 4/10, Step: 1/143, Lr: 0.000000079-0.000079300, Loss: 0.680731, Time/step: 2652.129517
10/11/2023 12:37:19 - INFO -   Epoch: 4/10, Step: 2/143, Lr: 0.000000079-0.000079211, Loss: 0.385693, Time/step: 1134.236410
10/11/2023 12:37:25 - INFO -   Epoch: 4/10, Step: 3/143, Lr: 0.000000079-0.000079122, Loss: 0.355187, Time/step: 6.425754
10/11/2023 12:37:32 - INFO -   Epoch: 4/10, Step: 4/143, Lr: 0.000000079-0.000079033, Loss: 0.470664, Time/step: 7.096711
10/11/2023 12:37:39 - INFO -   Epoch: 4/10, Step: 5/143, Lr: 0.000000079-0.000078943, Loss: 0.421045, Time/step: 7.077003
10/11/2023 12:37:47 - INFO -   Epoch: 4/10, Step: 6/143, Lr: 0.000000079-0.000078854, Loss: 0.442264, Time/step: 7.442868
10/11/2023 12:37:55 - INFO -   Epoch: 4/10, Step: 7/143, Lr: 0.000000079-0.000078764, Loss: 0.486022, Time/step: 7.944508
10/11/2023 12:38:03 - INFO -   Epoch: 4/10, Step: 8/143, Lr: 0.000000079-0.000078674, Loss: 0.685018, Time/step: 8.265960
10/11/2023 12:38:12 - INFO -   Epoch: 4/10, Step: 9/143, Lr: 0.000000079-0.000078584, Loss: 0.416036, Time/step: 8.751652
10/11/2023 12:38:21 - INFO -   Epoch: 4/10, Step: 10/143, Lr: 0.000000078-0.000078494, Loss: 0.745890, Time/step: 8.689732
10/11/2023 12:38:30 - INFO -   Epoch: 4/10, Step: 11/143, Lr: 0.000000078-0.000078403, Loss: 0.543210, Time/step: 9.244537
10/11/2023 12:38:39 - INFO -   Epoch: 4/10, Step: 12/143, Lr: 0.000000078-0.000078313, Loss: 0.291628, Time/step: 9.456210
10/11/2023 12:38:49 - INFO -   Epoch: 4/10, Step: 13/143, Lr: 0.000000078-0.000078222, Loss: 0.272876, Time/step: 9.705005
10/11/2023 12:38:59 - INFO -   Epoch: 4/10, Step: 14/143, Lr: 0.000000078-0.000078131, Loss: 0.475024, Time/step: 9.776016
10/11/2023 12:39:09 - INFO -   Epoch: 4/10, Step: 15/143, Lr: 0.000000078-0.000078041, Loss: 0.393571, Time/step: 10.315361
10/11/2023 12:39:20 - INFO -   Epoch: 4/10, Step: 16/143, Lr: 0.000000078-0.000077950, Loss: 0.400313, Time/step: 10.578346
10/11/2023 13:41:37 - INFO -   Epoch: 4/10, Step: 17/143, Lr: 0.000000078-0.000077858, Loss: 0.442263, Time/step: 3736.863979
10/11/2023 13:41:47 - INFO -   Epoch: 4/10, Step: 18/143, Lr: 0.000000078-0.000077767, Loss: 0.371154, Time/step: 10.055399
10/11/2023 13:41:58 - INFO -   Epoch: 4/10, Step: 19/143, Lr: 0.000000078-0.000077676, Loss: 0.509696, Time/step: 10.661657
10/11/2023 13:42:09 - INFO -   Epoch: 4/10, Step: 20/143, Lr: 0.000000078-0.000077584, Loss: 0.442335, Time/step: 11.419437
10/11/2023 13:42:19 - INFO -   Epoch: 4/10, Step: 21/143, Lr: 0.000000077-0.000077492, Loss: 0.560557, Time/step: 10.162423
10/11/2023 13:56:04 - INFO -   Epoch: 4/10, Step: 22/143, Lr: 0.000000077-0.000077401, Loss: 0.459015, Time/step: 825.282851
10/11/2023 13:56:14 - INFO -   Epoch: 4/10, Step: 23/143, Lr: 0.000000077-0.000077309, Loss: 0.297950, Time/step: 9.864106
10/11/2023 13:56:24 - INFO -   Epoch: 4/10, Step: 24/143, Lr: 0.000000077-0.000077217, Loss: 0.414723, Time/step: 10.019045
10/11/2023 13:56:34 - INFO -   Epoch: 4/10, Step: 25/143, Lr: 0.000000077-0.000077124, Loss: 0.363093, Time/step: 9.882533
10/11/2023 13:58:22 - INFO -   Epoch: 4/10, Step: 26/143, Lr: 0.000000077-0.000077032, Loss: 0.540503, Time/step: 107.543748
10/11/2023 13:58:32 - INFO -   Epoch: 4/10, Step: 27/143, Lr: 0.000000077-0.000076940, Loss: 0.336751, Time/step: 9.864718
10/11/2023 13:58:41 - INFO -   Epoch: 4/10, Step: 28/143, Lr: 0.000000077-0.000076847, Loss: 0.600890, Time/step: 9.718995
10/11/2023 13:58:52 - INFO -   Epoch: 4/10, Step: 29/143, Lr: 0.000000077-0.000076754, Loss: 0.487568, Time/step: 10.787265
10/11/2023 13:59:02 - INFO -   Epoch: 4/10, Step: 30/143, Lr: 0.000000077-0.000076661, Loss: 0.371185, Time/step: 10.119817
10/11/2023 13:59:14 - INFO -   Epoch: 4/10, Step: 31/143, Lr: 0.000000077-0.000076568, Loss: 0.547506, Time/step: 11.640422
10/11/2023 14:07:22 - INFO -   Epoch: 4/10, Step: 32/143, Lr: 0.000000076-0.000076475, Loss: 0.401305, Time/step: 488.335921
10/11/2023 14:56:44 - INFO -   Epoch: 4/10, Step: 33/143, Lr: 0.000000076-0.000076382, Loss: 0.433032, Time/step: 2961.330142
10/11/2023 14:57:52 - INFO -   Epoch: 4/10, Step: 34/143, Lr: 0.000000076-0.000076289, Loss: 0.574582, Time/step: 67.788765
10/11/2023 14:58:02 - INFO -   Epoch: 4/10, Step: 35/143, Lr: 0.000000076-0.000076195, Loss: 0.298396, Time/step: 9.826536
10/11/2023 14:58:12 - INFO -   Epoch: 4/10, Step: 36/143, Lr: 0.000000076-0.000076102, Loss: 0.474328, Time/step: 10.877937
Traceback (most recent call last):
  File "main_xclip.py", line 555, in <module>
    main()
  File "main_xclip.py", line 529, in main
    tr_loss, global_step = train_epoch(epoch, args, model, train_dataloader, device, n_gpu, optimizer,
  File "main_xclip.py", line 267, in train_epoch
    for step, batch in enumerate(train_dataloader):
  File "/home/wiss/zhang/anaconda3/envs/clip4clip/lib/python3.8/site-packages/torch/utils/data/dataloader.py", line 435, in __next__
    data = self._next_data()
  File "/home/wiss/zhang/anaconda3/envs/clip4clip/lib/python3.8/site-packages/torch/utils/data/dataloader.py", line 1065, in _next_data
    return self._process_data(data)
  File "/home/wiss/zhang/anaconda3/envs/clip4clip/lib/python3.8/site-packages/torch/utils/data/dataloader.py", line 1111, in _process_data
    data.reraise()
  File "/home/wiss/zhang/anaconda3/envs/clip4clip/lib/python3.8/site-packages/torch/_utils.py", line 428, in reraise
    raise self.exc_type(msg)
ZeroDivisionError: Caught ZeroDivisionError in DataLoader worker process 4.
Original Traceback (most recent call last):
  File "/home/wiss/zhang/anaconda3/envs/clip4clip/lib/python3.8/site-packages/torch/utils/data/_utils/worker.py", line 198, in _worker_loop
    data = fetcher.fetch(index)
  File "/home/wiss/zhang/anaconda3/envs/clip4clip/lib/python3.8/site-packages/torch/utils/data/_utils/fetch.py", line 44, in fetch
    data = [self.dataset[idx] for idx in possibly_batched_index]
  File "/home/wiss/zhang/anaconda3/envs/clip4clip/lib/python3.8/site-packages/torch/utils/data/_utils/fetch.py", line 44, in <listcomp>
    data = [self.dataset[idx] for idx in possibly_batched_index]
  File "/home/wiss/zhang/Jinhe/X-CLIP/dataloaders/dataloader_moviegh_retrieval.py", line 188, in __getitem__
    video, video_mask = self._get_rawvideo(choice_video_ids)
  File "/home/wiss/zhang/Jinhe/X-CLIP/dataloaders/dataloader_moviegh_retrieval.py", line 179, in _get_rawvideo
    raise excep
  File "/home/wiss/zhang/Jinhe/X-CLIP/dataloaders/dataloader_moviegh_retrieval.py", line 149, in _get_rawvideo
    raw_video_data = self.rawVideoExtractor.get_video_data(video_path)
  File "/home/wiss/zhang/Jinhe/X-CLIP/dataloaders/rawvideo_util.py", line 85, in get_video_data
    image_input = self.video_to_tensor(video_path, self.transform, sample_fp=self.framerate, start_time=start_time, end_time=end_time)
  File "/home/wiss/zhang/Jinhe/X-CLIP/dataloaders/rawvideo_util.py", line 45, in video_to_tensor
    total_duration = (frameCount + fps - 1) // fps
ZeroDivisionError: integer division or modulo by zero

Traceback (most recent call last):
  File "/home/wiss/zhang/anaconda3/envs/clip4clip/lib/python3.8/runpy.py", line 194, in _run_module_as_main
    return _run_code(code, main_globals, None,
  File "/home/wiss/zhang/anaconda3/envs/clip4clip/lib/python3.8/runpy.py", line 87, in _run_code
    exec(code, run_globals)
  File "/home/wiss/zhang/anaconda3/envs/clip4clip/lib/python3.8/site-packages/torch/distributed/launch.py", line 260, in <module>
    main()
  File "/home/wiss/zhang/anaconda3/envs/clip4clip/lib/python3.8/site-packages/torch/distributed/launch.py", line 255, in main
    raise subprocess.CalledProcessError(returncode=process.returncode,
subprocess.CalledProcessError: Command '['/home/wiss/zhang/anaconda3/envs/clip4clip/bin/python', '-u', 'main_xclip.py', '--local_rank=1', '--do_train', '--num_thread_reader=16', '--epochs=10', '--batch_size=64', '--n_display=1', '--data_path', '/home/wiss/zhang/Jinhe/video-attr-prober/Data/AnetQA/', '--features_path', '/home/wiss/zhang/nfs/Anet-compressed', '--output_dir', '/home/wiss/zhang/nfs/video_prober/xclip/anet_train2_seed2', '--lr', '1e-4', '--max_words', '60', '--max_frames', '12', '--batch_size_val', '64', '--datatype', 'moviegraph', '--feature_framerate', '1', '--coef_lr', '1e-3', '--freeze_layer_num', '0', '--slice_framepos', '2', '--loose_type', '--linear_patch', '2d', '--sim_header', 'seqTransf', '--pretrained_clip_name', 'ViT-B/32', '--manipulation', 'anet_train2_seed2', '--scale', '0', '--dataset_ckpt', 'anet_train2_seed2', '--train_file', 'train_2.csv', '--val_file', 'temporal_contact_swap.csv', '--test_file', 'temporal_contact_swap.csv', '--seed', '2']' returned non-zero exit status 1.
